****************************************************

Warning: Cell r:/WORK/el2_swerv_wrapper/mem references black-box design /WORK/el2_mem (FM-158)
Info:  Net r:/WORK/el2_swerv/sb_hsize[2] is undriven.
Info:  Net r:/WORK/el2_swerv/sb_hsize[1] is undriven.
Info:  Net r:/WORK/el2_swerv/sb_hsize[0] is undriven.
Info:  Net r:/WORK/el2_swerv/lsu_htrans[1] is undriven.
Info:  Net r:/WORK/el2_swerv/lsu_htrans[0] is undriven.
Info:  Net r:/WORK/el2_swerv/lsu_hwrite is undriven.
Info:  Net r:/WORK/el2_swerv/htrans[1] is undriven.
Info:  Net r:/WORK/el2_swerv/htrans[0] is undriven.
Info:  Net r:/WORK/el2_swerv/lsu_hmastlock is undriven.
Info:  Net r:/WORK/el2_swerv/sb_hmastlock is undriven.
Info:  Net r:/WORK/el2_swerv/sb_hprot[3] is undriven.
Info:  Net r:/WORK/el2_swerv/sb_hprot[2] is undriven.
Info:  Net r:/WORK/el2_swerv/sb_hprot[1] is undriven.
Info:  Net r:/WORK/el2_swerv/sb_hprot[0] is undriven.
Info:  Net r:/WORK/el2_swerv/hburst[2] is undriven.
Info:  Net r:/WORK/el2_swerv/hburst[1] is undriven.
Info:  Net r:/WORK/el2_swerv/hburst[0] is undriven.
Info:  Net r:/WORK/el2_swerv/sb_hburst[2] is undriven.
Info:  Net r:/WORK/el2_swerv/sb_hburst[1] is undriven.
Info:  Net r:/WORK/el2_swerv/sb_hburst[0] is undriven.
Info:  Net r:/WORK/el2_swerv/hsize[2] is undriven.
Info:  Net r:/WORK/el2_swerv/hsize[1] is undriven.
Info:  Net r:/WORK/el2_swerv/hsize[0] is undriven.
Info:  Net r:/WORK/el2_swerv/dma_hresp is undriven.
Info:  Net r:/WORK/el2_swerv/hprot[3] is undriven.
Info:  Net r:/WORK/el2_swerv/hprot[2] is undriven.
Info:  Net r:/WORK/el2_swerv/hprot[1] is undriven.
Info:  Net r:/WORK/el2_swerv/hprot[0] is undriven.
Info:  Net r:/WORK/el2_swerv/sb_hwdata[63] is undriven.
Info:  Net r:/WORK/el2_swerv/sb_hwdata[62] is undriven.
Info:  Net r:/WORK/el2_swerv/sb_hwdata[61] is undriven.
Info:  Net r:/WORK/el2_swerv/sb_hwdata[60] is undriven.
Info:  Net r:/WORK/el2_swerv/sb_hwdata[59] is undriven.
Info:  Net r:/WORK/el2_swerv/sb_hwdata[58] is undriven.
Info:  Net r:/WORK/el2_swerv/sb_hwdata[57] is undriven.
Info:  Net r:/WORK/el2_swerv/sb_hwdata[56] is undriven.
Info:  Net r:/WORK/el2_swerv/sb_hwdata[55] is undriven.
Info:  Net r:/WORK/el2_swerv/sb_hwdata[54] is undriven.
Info:  Net r:/WORK/el2_swerv/sb_hwdata[53] is undriven.
Info:  Net r:/WORK/el2_swerv/sb_hwdata[52] is undriven.
Info:  Net r:/WORK/el2_swerv/sb_hwdata[51] is undriven.
Info:  Net r:/WORK/el2_swerv/sb_hwdata[50] is undriven.
Info:  Net r:/WORK/el2_swerv/sb_hwdata[49] is undriven.
Info:  Net r:/WORK/el2_swerv/sb_hwdata[48] is undriven.
Info:  Net r:/WORK/el2_swerv/sb_hwdata[47] is undriven.
Info:  Net r:/WORK/el2_swerv/sb_hwdata[46] is undriven.
Info:  Net r:/WORK/el2_swerv/sb_hwdata[45] is undriven.
Info:  Net r:/WORK/el2_swerv/sb_hwdata[44] is undriven.
Info:  Net r:/WORK/el2_swerv/sb_hwdata[43] is undriven.
Info:  Net r:/WORK/el2_swerv/sb_hwdata[42] is undriven.
Info:  Net r:/WORK/el2_swerv/sb_hwdata[41] is undriven.
Info:  Net r:/WORK/el2_swerv/sb_hwdata[40] is undriven.
Info:  Net r:/WORK/el2_swerv/sb_hwdata[39] is undriven.
Info:  Net r:/WORK/el2_swerv/sb_hwdata[38] is undriven.
Info:  Net r:/WORK/el2_swerv/sb_hwdata[37] is undriven.
Info:  Net r:/WORK/el2_swerv/sb_hwdata[36] is undriven.
Info:  Net r:/WORK/el2_swerv/sb_hwdata[35] is undriven.
Info:  Net r:/WORK/el2_swerv/sb_hwdata[34] is undriven.
Info:  Net r:/WORK/el2_swerv/sb_hwdata[33] is undriven.
Info:  Net r:/WORK/el2_swerv/sb_hwdata[32] is undriven.
Info:  Net r:/WORK/el2_swerv/sb_hwdata[31] is undriven.
Info:  Net r:/WORK/el2_swerv/sb_hwdata[30] is undriven.
Info:  Net r:/WORK/el2_swerv/sb_hwdata[29] is undriven.
Info:  Net r:/WORK/el2_swerv/sb_hwdata[28] is undriven.
Info:  Net r:/WORK/el2_swerv/sb_hwdata[27] is undriven.
Info:  Net r:/WORK/el2_swerv/sb_hwdata[26] is undriven.
Info:  Net r:/WORK/el2_swerv/sb_hwdata[25] is undriven.
Info:  Net r:/WORK/el2_swerv/sb_hwdata[24] is undriven.
Info:  Net r:/WORK/el2_swerv/sb_hwdata[23] is undriven.
Info:  Net r:/WORK/el2_swerv/sb_hwdata[22] is undriven.
Info:  Net r:/WORK/el2_swerv/sb_hwdata[21] is undriven.
Info:  Net r:/WORK/el2_swerv/sb_hwdata[20] is undriven.
Info:  Net r:/WORK/el2_swerv/sb_hwdata[19] is undriven.
Info:  Net r:/WORK/el2_swerv/sb_hwdata[18] is undriven.
Info:  Net r:/WORK/el2_swerv/sb_hwdata[17] is undriven.
Info:  Net r:/WORK/el2_swerv/sb_hwdata[16] is undriven.
Info:  Net r:/WORK/el2_swerv/sb_hwdata[15] is undriven.
Info:  Net r:/WORK/el2_swerv/sb_hwdata[14] is undriven.
Info:  Net r:/WORK/el2_swerv/sb_hwdata[13] is undriven.
Info:  Net r:/WORK/el2_swerv/sb_hwdata[12] is undriven.
Info:  Net r:/WORK/el2_swerv/sb_hwdata[11] is undriven.
Info:  Net r:/WORK/el2_swerv/sb_hwdata[10] is undriven.
Info:  Net r:/WORK/el2_swerv/sb_hwdata[9] is undriven.
Info:  Net r:/WORK/el2_swerv/sb_hwdata[8] is undriven.
Info:  Net r:/WORK/el2_swerv/sb_hwdata[7] is undriven.
Info:  Net r:/WORK/el2_swerv/sb_hwdata[6] is undriven.
Info:  Net r:/WORK/el2_swerv/sb_hwdata[5] is undriven.
Info:  Net r:/WORK/el2_swerv/sb_hwdata[4] is undriven.
Info:  Net r:/WORK/el2_swerv/sb_hwdata[3] is undriven.
Info:  Net r:/WORK/el2_swerv/sb_hwdata[2] is undriven.
Info:  Net r:/WORK/el2_swerv/sb_hwdata[1] is undriven.
Info:  Net r:/WORK/el2_swerv/sb_hwdata[0] is undriven.
Info:  Net r:/WORK/el2_swerv/lsu_haddr[31] is undriven.
Info:  Net r:/WORK/el2_swerv/lsu_haddr[30] is undriven.
Info:  Net r:/WORK/el2_swerv/lsu_haddr[29] is undriven.
Info:  Net r:/WORK/el2_swerv/lsu_haddr[28] is undriven.
Info:  Net r:/WORK/el2_swerv/lsu_haddr[27] is undriven.
Info:  Net r:/WORK/el2_swerv/lsu_haddr[26] is undriven.
Info:  Net r:/WORK/el2_swerv/lsu_haddr[25] is undriven.
Info:  Net r:/WORK/el2_swerv/lsu_haddr[24] is undriven.
Info:  Net r:/WORK/el2_swerv/lsu_haddr[23] is undriven.
Info:  Net r:/WORK/el2_swerv/lsu_haddr[22] is undriven.
Info:  Net r:/WORK/el2_swerv/lsu_haddr[21] is undriven.
Info:  Net r:/WORK/el2_swerv/lsu_haddr[20] is undriven.
Info:  Net r:/WORK/el2_swerv/lsu_haddr[19] is undriven.
Info:  Net r:/WORK/el2_swerv/lsu_haddr[18] is undriven.
Info:  Net r:/WORK/el2_swerv/lsu_haddr[17] is undriven.
Info:  Net r:/WORK/el2_swerv/lsu_haddr[16] is undriven.
Info:  Net r:/WORK/el2_swerv/lsu_haddr[15] is undriven.
Info:  Net r:/WORK/el2_swerv/lsu_haddr[14] is undriven.
Info:  Net r:/WORK/el2_swerv/lsu_haddr[13] is undriven.
Info:  Net r:/WORK/el2_swerv/lsu_haddr[12] is undriven.
Info:  Net r:/WORK/el2_swerv/lsu_haddr[11] is undriven.
Info:  Net r:/WORK/el2_swerv/lsu_haddr[10] is undriven.
Info:  Net r:/WORK/el2_swerv/lsu_haddr[9] is undriven.
Info:  Net r:/WORK/el2_swerv/lsu_haddr[8] is undriven.
Info:  Net r:/WORK/el2_swerv/lsu_haddr[7] is undriven.
Info:  Net r:/WORK/el2_swerv/lsu_haddr[6] is undriven.
Info:  Net r:/WORK/el2_swerv/lsu_haddr[5] is undriven.
Info:  Net r:/WORK/el2_swerv/lsu_haddr[4] is undriven.
Info:  Net r:/WORK/el2_swerv/lsu_haddr[3] is undriven.
Info:  Net r:/WORK/el2_swerv/lsu_haddr[2] is undriven.
Info:  Net r:/WORK/el2_swerv/lsu_haddr[1] is undriven.
Info:  Net r:/WORK/el2_swerv/lsu_haddr[0] is undriven.
Info:  Net r:/WORK/el2_swerv/lsu_hburst[2] is undriven.
Info:  Net r:/WORK/el2_swerv/lsu_hburst[1] is undriven.
Info:  Net r:/WORK/el2_swerv/lsu_hburst[0] is undriven.
Info:  Net r:/WORK/el2_swerv/dma_hreadyout is undriven.
Info:  Net r:/WORK/el2_swerv/hwrite is undriven.
Info:  Net r:/WORK/el2_swerv/sb_htrans[1] is undriven.
Info:  Net r:/WORK/el2_swerv/sb_htrans[0] is undriven.
Info:  Net r:/WORK/el2_swerv/sb_haddr[31] is undriven.
Info:  Net r:/WORK/el2_swerv/sb_haddr[30] is undriven.
Info:  Net r:/WORK/el2_swerv/sb_haddr[29] is undriven.
Info:  Net r:/WORK/el2_swerv/sb_haddr[28] is undriven.
Info:  Net r:/WORK/el2_swerv/sb_haddr[27] is undriven.
Info:  Net r:/WORK/el2_swerv/sb_haddr[26] is undriven.
Info:  Net r:/WORK/el2_swerv/sb_haddr[25] is undriven.
Info:  Net r:/WORK/el2_swerv/sb_haddr[24] is undriven.
Info:  Net r:/WORK/el2_swerv/sb_haddr[23] is undriven.
Info:  Net r:/WORK/el2_swerv/sb_haddr[22] is undriven.
Info:  Net r:/WORK/el2_swerv/sb_haddr[21] is undriven.
Info:  Net r:/WORK/el2_swerv/sb_haddr[20] is undriven.
Info:  Net r:/WORK/el2_swerv/sb_haddr[19] is undriven.
Info:  Net r:/WORK/el2_swerv/sb_haddr[18] is undriven.
Info:  Net r:/WORK/el2_swerv/sb_haddr[17] is undriven.
Info:  Net r:/WORK/el2_swerv/sb_haddr[16] is undriven.
Info:  Net r:/WORK/el2_swerv/sb_haddr[15] is undriven.
Info:  Net r:/WORK/el2_swerv/sb_haddr[14] is undriven.
Info:  Net r:/WORK/el2_swerv/sb_haddr[13] is undriven.
Info:  Net r:/WORK/el2_swerv/sb_haddr[12] is undriven.
Info:  Net r:/WORK/el2_swerv/sb_haddr[11] is undriven.
Info:  Net r:/WORK/el2_swerv/sb_haddr[10] is undriven.
Info:  Net r:/WORK/el2_swerv/sb_haddr[9] is undriven.
Info:  Net r:/WORK/el2_swerv/sb_haddr[8] is undriven.
Info:  Net r:/WORK/el2_swerv/sb_haddr[7] is undriven.
Info:  Net r:/WORK/el2_swerv/sb_haddr[6] is undriven.
Info:  Net r:/WORK/el2_swerv/sb_haddr[5] is undriven.
Info:  Net r:/WORK/el2_swerv/sb_haddr[4] is undriven.
Info:  Net r:/WORK/el2_swerv/sb_haddr[3] is undriven.
Info:  Net r:/WORK/el2_swerv/sb_haddr[2] is undriven.
Info:  Net r:/WORK/el2_swerv/sb_haddr[1] is undriven.
Info:  Net r:/WORK/el2_swerv/sb_haddr[0] is undriven.
Info:  Net r:/WORK/el2_swerv/hmastlock is undriven.
Info:  Net r:/WORK/el2_swerv/sb_hwrite is undriven.
Info:  Net r:/WORK/el2_swerv/lsu_hwdata[63] is undriven.
Info:  Net r:/WORK/el2_swerv/lsu_hwdata[62] is undriven.
Info:  Net r:/WORK/el2_swerv/lsu_hwdata[61] is undriven.
Info:  Net r:/WORK/el2_swerv/lsu_hwdata[60] is undriven.
Info:  Net r:/WORK/el2_swerv/lsu_hwdata[59] is undriven.
Info:  Net r:/WORK/el2_swerv/lsu_hwdata[58] is undriven.
Info:  Net r:/WORK/el2_swerv/lsu_hwdata[57] is undriven.
Info:  Net r:/WORK/el2_swerv/lsu_hwdata[56] is undriven.
Info:  Net r:/WORK/el2_swerv/lsu_hwdata[55] is undriven.
Info:  Net r:/WORK/el2_swerv/lsu_hwdata[54] is undriven.
Info:  Net r:/WORK/el2_swerv/lsu_hwdata[53] is undriven.
Info:  Net r:/WORK/el2_swerv/lsu_hwdata[52] is undriven.
Info:  Net r:/WORK/el2_swerv/lsu_hwdata[51] is undriven.
Info:  Net r:/WORK/el2_swerv/lsu_hwdata[50] is undriven.
Info:  Net r:/WORK/el2_swerv/lsu_hwdata[49] is undriven.
Info:  Net r:/WORK/el2_swerv/lsu_hwdata[48] is undriven.
Info:  Net r:/WORK/el2_swerv/lsu_hwdata[47] is undriven.
Info:  Net r:/WORK/el2_swerv/lsu_hwdata[46] is undriven.
Info:  Net r:/WORK/el2_swerv/lsu_hwdata[45] is undriven.
Info:  Net r:/WORK/el2_swerv/lsu_hwdata[44] is undriven.
Info:  Net r:/WORK/el2_swerv/lsu_hwdata[43] is undriven.
Info:  Net r:/WORK/el2_swerv/lsu_hwdata[42] is undriven.
Info:  Net r:/WORK/el2_swerv/lsu_hwdata[41] is undriven.
Info:  Net r:/WORK/el2_swerv/lsu_hwdata[40] is undriven.
Info:  Net r:/WORK/el2_swerv/lsu_hwdata[39] is undriven.
Info:  Net r:/WORK/el2_swerv/lsu_hwdata[38] is undriven.
Info:  Net r:/WORK/el2_swerv/lsu_hwdata[37] is undriven.
Info:  Net r:/WORK/el2_swerv/lsu_hwdata[36] is undriven.
Info:  Net r:/WORK/el2_swerv/lsu_hwdata[35] is undriven.
Info:  Net r:/WORK/el2_swerv/lsu_hwdata[34] is undriven.
Info:  Net r:/WORK/el2_swerv/lsu_hwdata[33] is undriven.
Info:  Net r:/WORK/el2_swerv/lsu_hwdata[32] is undriven.
Info:  Net r:/WORK/el2_swerv/lsu_hwdata[31] is undriven.
Info:  Net r:/WORK/el2_swerv/lsu_hwdata[30] is undriven.
Info:  Net r:/WORK/el2_swerv/lsu_hwdata[29] is undriven.
Info:  Net r:/WORK/el2_swerv/lsu_hwdata[28] is undriven.
Info:  Net r:/WORK/el2_swerv/lsu_hwdata[27] is undriven.
Info:  Net r:/WORK/el2_swerv/lsu_hwdata[26] is undriven.
Info:  Net r:/WORK/el2_swerv/lsu_hwdata[25] is undriven.
Info:  Net r:/WORK/el2_swerv/lsu_hwdata[24] is undriven.
Info:  Net r:/WORK/el2_swerv/lsu_hwdata[23] is undriven.
Info:  Net r:/WORK/el2_swerv/lsu_hwdata[22] is undriven.
Info:  Net r:/WORK/el2_swerv/lsu_hwdata[21] is undriven.
Info:  Net r:/WORK/el2_swerv/lsu_hwdata[20] is undriven.
Info:  Net r:/WORK/el2_swerv/lsu_hwdata[19] is undriven.
Info:  Net r:/WORK/el2_swerv/lsu_hwdata[18] is undriven.
Info:  Net r:/WORK/el2_swerv/lsu_hwdata[17] is undriven.
Info:  Net r:/WORK/el2_swerv/lsu_hwdata[16] is undriven.
Info:  Net r:/WORK/el2_swerv/lsu_hwdata[15] is undriven.
Info:  Net r:/WORK/el2_swerv/lsu_hwdata[14] is undriven.
Info:  Net r:/WORK/el2_swerv/lsu_hwdata[13] is undriven.
Info:  Net r:/WORK/el2_swerv/lsu_hwdata[12] is undriven.
Info:  Net r:/WORK/el2_swerv/lsu_hwdata[11] is undriven.
Info:  Net r:/WORK/el2_swerv/lsu_hwdata[10] is undriven.
Info:  Net r:/WORK/el2_swerv/lsu_hwdata[9] is undriven.
Info:  Net r:/WORK/el2_swerv/lsu_hwdata[8] is undriven.
Info:  Net r:/WORK/el2_swerv/lsu_hwdata[7] is undriven.
Info:  Net r:/WORK/el2_swerv/lsu_hwdata[6] is undriven.
Info:  Net r:/WORK/el2_swerv/lsu_hwdata[5] is undriven.
Info:  Net r:/WORK/el2_swerv/lsu_hwdata[4] is undriven.
Info:  Net r:/WORK/el2_swerv/lsu_hwdata[3] is undriven.
Info:  Net r:/WORK/el2_swerv/lsu_hwdata[2] is undriven.
Info:  Net r:/WORK/el2_swerv/lsu_hwdata[1] is undriven.
Info:  Net r:/WORK/el2_swerv/lsu_hwdata[0] is undriven.
Info:  Net r:/WORK/el2_swerv/lsu_hsize[2] is undriven.
Info:  Net r:/WORK/el2_swerv/lsu_hsize[1] is undriven.
Info:  Net r:/WORK/el2_swerv/lsu_hsize[0] is undriven.
Info:  Net r:/WORK/el2_swerv/lsu_hprot[3] is undriven.
Info:  Net r:/WORK/el2_swerv/lsu_hprot[2] is undriven.
Info:  Net r:/WORK/el2_swerv/lsu_hprot[1] is undriven.
Info:  Net r:/WORK/el2_swerv/lsu_hprot[0] is undriven.
Info:  Net r:/WORK/el2_swerv/haddr[31] is undriven.
Info:  Net r:/WORK/el2_swerv/haddr[30] is undriven.
Info:  Net r:/WORK/el2_swerv/haddr[29] is undriven.
Info:  Net r:/WORK/el2_swerv/haddr[28] is undriven.
Info:  Net r:/WORK/el2_swerv/haddr[27] is undriven.
Info:  Net r:/WORK/el2_swerv/haddr[26] is undriven.
Info:  Net r:/WORK/el2_swerv/haddr[25] is undriven.
Info:  Net r:/WORK/el2_swerv/haddr[24] is undriven.
Info:  Net r:/WORK/el2_swerv/haddr[23] is undriven.
Info:  Net r:/WORK/el2_swerv/haddr[22] is undriven.
Info:  Net r:/WORK/el2_swerv/haddr[21] is undriven.
Info:  Net r:/WORK/el2_swerv/haddr[20] is undriven.
Info:  Net r:/WORK/el2_swerv/haddr[19] is undriven.
Info:  Net r:/WORK/el2_swerv/haddr[18] is undriven.
Info:  Net r:/WORK/el2_swerv/haddr[17] is undriven.
Info:  Net r:/WORK/el2_swerv/haddr[16] is undriven.
Info:  Net r:/WORK/el2_swerv/haddr[15] is undriven.
Info:  Net r:/WORK/el2_swerv/haddr[14] is undriven.
Info:  Net r:/WORK/el2_swerv/haddr[13] is undriven.
Info:  Net r:/WORK/el2_swerv/haddr[12] is undriven.
Info:  Net r:/WORK/el2_swerv/haddr[11] is undriven.
Info:  Net r:/WORK/el2_swerv/haddr[10] is undriven.
Info:  Net r:/WORK/el2_swerv/haddr[9] is undriven.
Info:  Net r:/WORK/el2_swerv/haddr[8] is undriven.
Info:  Net r:/WORK/el2_swerv/haddr[7] is undriven.
Info:  Net r:/WORK/el2_swerv/haddr[6] is undriven.
Info:  Net r:/WORK/el2_swerv/haddr[5] is undriven.
Info:  Net r:/WORK/el2_swerv/haddr[4] is undriven.
Info:  Net r:/WORK/el2_swerv/haddr[3] is undriven.
Info:  Net r:/WORK/el2_swerv/haddr[2] is undriven.
Info:  Net r:/WORK/el2_swerv/haddr[1] is undriven.
Info:  Net r:/WORK/el2_swerv/haddr[0] is undriven.
Info:  Net r:/WORK/el2_swerv/dma_hrdata[63] is undriven.
Info:  Net r:/WORK/el2_swerv/dma_hrdata[62] is undriven.
Info:  Net r:/WORK/el2_swerv/dma_hrdata[61] is undriven.
Info:  Net r:/WORK/el2_swerv/dma_hrdata[60] is undriven.
Info:  Net r:/WORK/el2_swerv/dma_hrdata[59] is undriven.
Info:  Net r:/WORK/el2_swerv/dma_hrdata[58] is undriven.
Info:  Net r:/WORK/el2_swerv/dma_hrdata[57] is undriven.
Info:  Net r:/WORK/el2_swerv/dma_hrdata[56] is undriven.
Info:  Net r:/WORK/el2_swerv/dma_hrdata[55] is undriven.
Info:  Net r:/WORK/el2_swerv/dma_hrdata[54] is undriven.
Info:  Net r:/WORK/el2_swerv/dma_hrdata[53] is undriven.
Info:  Net r:/WORK/el2_swerv/dma_hrdata[52] is undriven.
Info:  Net r:/WORK/el2_swerv/dma_hrdata[51] is undriven.
Info:  Net r:/WORK/el2_swerv/dma_hrdata[50] is undriven.
Info:  Net r:/WORK/el2_swerv/dma_hrdata[49] is undriven.
Info:  Net r:/WORK/el2_swerv/dma_hrdata[48] is undriven.
Info:  Net r:/WORK/el2_swerv/dma_hrdata[47] is undriven.
Info:  Net r:/WORK/el2_swerv/dma_hrdata[46] is undriven.
Info:  Net r:/WORK/el2_swerv/dma_hrdata[45] is undriven.
Info:  Net r:/WORK/el2_swerv/dma_hrdata[44] is undriven.
Info:  Net r:/WORK/el2_swerv/dma_hrdata[43] is undriven.
Info:  Net r:/WORK/el2_swerv/dma_hrdata[42] is undriven.
Info:  Net r:/WORK/el2_swerv/dma_hrdata[41] is undriven.
Info:  Net r:/WORK/el2_swerv/dma_hrdata[40] is undriven.
Info:  Net r:/WORK/el2_swerv/dma_hrdata[39] is undriven.
Info:  Net r:/WORK/el2_swerv/dma_hrdata[38] is undriven.
Info:  Net r:/WORK/el2_swerv/dma_hrdata[37] is undriven.
Info:  Net r:/WORK/el2_swerv/dma_hrdata[36] is undriven.
Info:  Net r:/WORK/el2_swerv/dma_hrdata[35] is undriven.
Info:  Net r:/WORK/el2_swerv/dma_hrdata[34] is undriven.
Info:  Net r:/WORK/el2_swerv/dma_hrdata[33] is undriven.
Info:  Net r:/WORK/el2_swerv/dma_hrdata[32] is undriven.
Info:  Net r:/WORK/el2_swerv/dma_hrdata[31] is undriven.
Info:  Net r:/WORK/el2_swerv/dma_hrdata[30] is undriven.
Info:  Net r:/WORK/el2_swerv/dma_hrdata[29] is undriven.
Info:  Net r:/WORK/el2_swerv/dma_hrdata[28] is undriven.
Info:  Net r:/WORK/el2_swerv/dma_hrdata[27] is undriven.
Info:  Net r:/WORK/el2_swerv/dma_hrdata[26] is undriven.
Info:  Net r:/WORK/el2_swerv/dma_hrdata[25] is undriven.
Info:  Net r:/WORK/el2_swerv/dma_hrdata[24] is undriven.
Info:  Net r:/WORK/el2_swerv/dma_hrdata[23] is undriven.
Info:  Net r:/WORK/el2_swerv/dma_hrdata[22] is undriven.
Info:  Net r:/WORK/el2_swerv/dma_hrdata[21] is undriven.
Info:  Net r:/WORK/el2_swerv/dma_hrdata[20] is undriven.
Info:  Net r:/WORK/el2_swerv/dma_hrdata[19] is undriven.
Info:  Net r:/WORK/el2_swerv/dma_hrdata[18] is undriven.
Info:  Net r:/WORK/el2_swerv/dma_hrdata[17] is undriven.
Info:  Net r:/WORK/el2_swerv/dma_hrdata[16] is undriven.
Info:  Net r:/WORK/el2_swerv/dma_hrdata[15] is undriven.
Info:  Net r:/WORK/el2_swerv/dma_hrdata[14] is undriven.
Info:  Net r:/WORK/el2_swerv/dma_hrdata[13] is undriven.
Info:  Net r:/WORK/el2_swerv/dma_hrdata[12] is undriven.
Info:  Net r:/WORK/el2_swerv/dma_hrdata[11] is undriven.
Info:  Net r:/WORK/el2_swerv/dma_hrdata[10] is undriven.
Info:  Net r:/WORK/el2_swerv/dma_hrdata[9] is undriven.
Info:  Net r:/WORK/el2_swerv/dma_hrdata[8] is undriven.
Info:  Net r:/WORK/el2_swerv/dma_hrdata[7] is undriven.
Info:  Net r:/WORK/el2_swerv/dma_hrdata[6] is undriven.
Info:  Net r:/WORK/el2_swerv/dma_hrdata[5] is undriven.
Info:  Net r:/WORK/el2_swerv/dma_hrdata[4] is undriven.
Info:  Net r:/WORK/el2_swerv/dma_hrdata[3] is undriven.
Info:  Net r:/WORK/el2_swerv/dma_hrdata[2] is undriven.
Info:  Net r:/WORK/el2_swerv/dma_hrdata[1] is undriven.
Info:  Net r:/WORK/el2_swerv/dma_hrdata[0] is undriven.
Info:  Net r:/WORK/el2_ifu_bp_ctl/ifu_bp_fa_index_f[1][8] is undriven.
Info:  Net r:/WORK/el2_ifu_bp_ctl/ifu_bp_fa_index_f[1][7] is undriven.
Info:  Net r:/WORK/el2_ifu_bp_ctl/ifu_bp_fa_index_f[1][6] is undriven.
Info:  Net r:/WORK/el2_ifu_bp_ctl/ifu_bp_fa_index_f[1][5] is undriven.
Info:  Net r:/WORK/el2_ifu_bp_ctl/ifu_bp_fa_index_f[1][4] is undriven.
Info:  Net r:/WORK/el2_ifu_bp_ctl/ifu_bp_fa_index_f[1][3] is undriven.
Info:  Net r:/WORK/el2_ifu_bp_ctl/ifu_bp_fa_index_f[1][2] is undriven.
Info:  Net r:/WORK/el2_ifu_bp_ctl/ifu_bp_fa_index_f[1][1] is undriven.
Info:  Net r:/WORK/el2_ifu_bp_ctl/ifu_bp_fa_index_f[1][0] is undriven.
Info:  Net r:/WORK/el2_ifu_bp_ctl/ifu_bp_fa_index_f[0][8] is undriven.
Info:  Net r:/WORK/el2_ifu_bp_ctl/ifu_bp_fa_index_f[0][7] is undriven.
Info:  Net r:/WORK/el2_ifu_bp_ctl/ifu_bp_fa_index_f[0][6] is undriven.
Info:  Net r:/WORK/el2_ifu_bp_ctl/ifu_bp_fa_index_f[0][5] is undriven.
Info:  Net r:/WORK/el2_ifu_bp_ctl/ifu_bp_fa_index_f[0][4] is undriven.
Info:  Net r:/WORK/el2_ifu_bp_ctl/ifu_bp_fa_index_f[0][3] is undriven.
Info:  Net r:/WORK/el2_ifu_bp_ctl/ifu_bp_fa_index_f[0][2] is undriven.
Info:  Net r:/WORK/el2_ifu_bp_ctl/ifu_bp_fa_index_f[0][1] is undriven.
Info:  Net r:/WORK/el2_ifu_bp_ctl/ifu_bp_fa_index_f[0][0] is undriven.
Info:  Net r:/WORK/el2_ifu_bp_ctl/bht_bank_clk[1][15] is undriven.
Info:  Net r:/WORK/el2_ifu_bp_ctl/bht_bank_clk[1][14] is undriven.
Info:  Net r:/WORK/el2_ifu_bp_ctl/bht_bank_clk[1][13] is undriven.
Info:  Net r:/WORK/el2_ifu_bp_ctl/bht_bank_clk[1][12] is undriven.
Info:  Net r:/WORK/el2_ifu_bp_ctl/bht_bank_clk[1][11] is undriven.
Info:  Net r:/WORK/el2_ifu_bp_ctl/bht_bank_clk[1][10] is undriven.
Info:  Net r:/WORK/el2_ifu_bp_ctl/bht_bank_clk[1][9] is undriven.
Info:  Net r:/WORK/el2_ifu_bp_ctl/bht_bank_clk[1][8] is undriven.
Info:  Net r:/WORK/el2_ifu_bp_ctl/bht_bank_clk[1][7] is undriven.
Info:  Net r:/WORK/el2_ifu_bp_ctl/bht_bank_clk[1][6] is undriven.
Info:  Net r:/WORK/el2_ifu_bp_ctl/bht_bank_clk[1][5] is undriven.
Info:  Net r:/WORK/el2_ifu_bp_ctl/bht_bank_clk[1][4] is undriven.
Info:  Net r:/WORK/el2_ifu_bp_ctl/bht_bank_clk[1][3] is undriven.
Info:  Net r:/WORK/el2_ifu_bp_ctl/bht_bank_clk[1][2] is undriven.
Info:  Net r:/WORK/el2_ifu_bp_ctl/bht_bank_clk[1][1] is undriven.
Info:  Net r:/WORK/el2_ifu_bp_ctl/bht_bank_clk[1][0] is undriven.
Info:  Net r:/WORK/el2_ifu_bp_ctl/bht_bank_clk[0][15] is undriven.
Info:  Net r:/WORK/el2_ifu_bp_ctl/bht_bank_clk[0][14] is undriven.
Info:  Net r:/WORK/el2_ifu_bp_ctl/bht_bank_clk[0][13] is undriven.
Info:  Net r:/WORK/el2_ifu_bp_ctl/bht_bank_clk[0][12] is undriven.
Info:  Net r:/WORK/el2_ifu_bp_ctl/bht_bank_clk[0][11] is undriven.
Info:  Net r:/WORK/el2_ifu_bp_ctl/bht_bank_clk[0][10] is undriven.
Info:  Net r:/WORK/el2_ifu_bp_ctl/bht_bank_clk[0][9] is undriven.
Info:  Net r:/WORK/el2_ifu_bp_ctl/bht_bank_clk[0][8] is undriven.
Info:  Net r:/WORK/el2_ifu_bp_ctl/bht_bank_clk[0][7] is undriven.
Info:  Net r:/WORK/el2_ifu_bp_ctl/bht_bank_clk[0][6] is undriven.
Info:  Net r:/WORK/el2_ifu_bp_ctl/bht_bank_clk[0][5] is undriven.
Info:  Net r:/WORK/el2_ifu_bp_ctl/bht_bank_clk[0][4] is undriven.
Info:  Net r:/WORK/el2_ifu_bp_ctl/bht_bank_clk[0][3] is undriven.
Info:  Net r:/WORK/el2_ifu_bp_ctl/bht_bank_clk[0][2] is undriven.
Info:  Net r:/WORK/el2_ifu_bp_ctl/bht_bank_clk[0][1] is undriven.
Info:  Net r:/WORK/el2_ifu_bp_ctl/bht_bank_clk[0][0] is undriven.
Info:  Net r:/WORK/el2_exu/exu_mp_pkt\[br_error] is undriven.
Info:  Net r:/WORK/el2_exu/exu_mp_pkt\[br_start_error] is undriven.
Info:  Net r:/WORK/el2_exu/exu_mp_pkt\[prett][31] is undriven.
Info:  Net r:/WORK/el2_exu/exu_mp_pkt\[prett][30] is undriven.
Info:  Net r:/WORK/el2_exu/exu_mp_pkt\[prett][29] is undriven.
Info:  Net r:/WORK/el2_exu/exu_mp_pkt\[prett][28] is undriven.
Info:  Net r:/WORK/el2_exu/exu_mp_pkt\[prett][27] is undriven.
Info:  Net r:/WORK/el2_exu/exu_mp_pkt\[prett][26] is undriven.
Info:  Net r:/WORK/el2_exu/exu_mp_pkt\[prett][25] is undriven.
Info:  Net r:/WORK/el2_exu/exu_mp_pkt\[prett][24] is undriven.
Info:  Net r:/WORK/el2_exu/exu_mp_pkt\[prett][23] is undriven.
Info:  Net r:/WORK/el2_exu/exu_mp_pkt\[prett][22] is undriven.
Info:  Net r:/WORK/el2_exu/exu_mp_pkt\[prett][21] is undriven.
Info:  Net r:/WORK/el2_exu/exu_mp_pkt\[prett][20] is undriven.
Info:  Net r:/WORK/el2_exu/exu_mp_pkt\[prett][19] is undriven.
Info:  Net r:/WORK/el2_exu/exu_mp_pkt\[prett][18] is undriven.
Info:  Net r:/WORK/el2_exu/exu_mp_pkt\[prett][17] is undriven.
Info:  Net r:/WORK/el2_exu/exu_mp_pkt\[prett][16] is undriven.
Info:  Net r:/WORK/el2_exu/exu_mp_pkt\[prett][15] is undriven.
Info:  Net r:/WORK/el2_exu/exu_mp_pkt\[prett][14] is undriven.
Info:  Net r:/WORK/el2_exu/exu_mp_pkt\[prett][13] is undriven.
Info:  Net r:/WORK/el2_exu/exu_mp_pkt\[prett][12] is undriven.
Info:  Net r:/WORK/el2_exu/exu_mp_pkt\[prett][11] is undriven.
Info:  Net r:/WORK/el2_exu/exu_mp_pkt\[prett][10] is undriven.
Info:  Net r:/WORK/el2_exu/exu_mp_pkt\[prett][9] is undriven.
Info:  Net r:/WORK/el2_exu/exu_mp_pkt\[prett][8] is undriven.
Info:  Net r:/WORK/el2_exu/exu_mp_pkt\[prett][7] is undriven.
Info:  Net r:/WORK/el2_exu/exu_mp_pkt\[prett][6] is undriven.
Info:  Net r:/WORK/el2_exu/exu_mp_pkt\[prett][5] is undriven.
Info:  Net r:/WORK/el2_exu/exu_mp_pkt\[prett][4] is undriven.
Info:  Net r:/WORK/el2_exu/exu_mp_pkt\[prett][3] is undriven.
Info:  Net r:/WORK/el2_exu/exu_mp_pkt\[prett][2] is undriven.
Info:  Net r:/WORK/el2_exu/exu_mp_pkt\[prett][1] is undriven.
Info:  Net r:/WORK/el2_lsu_dccm_ctl/dccm_data_ecc_hi_r[6] is undriven.
Info:  Net r:/WORK/el2_lsu_dccm_ctl/dccm_data_ecc_hi_r[5] is undriven.
Info:  Net r:/WORK/el2_lsu_dccm_ctl/dccm_data_ecc_hi_r[4] is undriven.
Info:  Net r:/WORK/el2_lsu_dccm_ctl/dccm_data_ecc_hi_r[3] is undriven.
Info:  Net r:/WORK/el2_lsu_dccm_ctl/dccm_data_ecc_hi_r[2] is undriven.
Info:  Net r:/WORK/el2_lsu_dccm_ctl/dccm_data_ecc_hi_r[1] is undriven.
Info:  Net r:/WORK/el2_lsu_dccm_ctl/dccm_data_ecc_hi_r[0] is undriven.
Info:  Net r:/WORK/el2_lsu_dccm_ctl/dccm_rdata_hi_r[31] is undriven.
Info:  Net r:/WORK/el2_lsu_dccm_ctl/dccm_rdata_hi_r[30] is undriven.
Info:  Net r:/WORK/el2_lsu_dccm_ctl/dccm_rdata_hi_r[29] is undriven.
Info:  Net r:/WORK/el2_lsu_dccm_ctl/dccm_rdata_hi_r[28] is undriven.
Info:  Net r:/WORK/el2_lsu_dccm_ctl/dccm_rdata_hi_r[27] is undriven.
Info:  Net r:/WORK/el2_lsu_dccm_ctl/dccm_rdata_hi_r[26] is undriven.
Info:  Net r:/WORK/el2_lsu_dccm_ctl/dccm_rdata_hi_r[25] is undriven.
Info:  Net r:/WORK/el2_lsu_dccm_ctl/dccm_rdata_hi_r[24] is undriven.
Info:  Net r:/WORK/el2_lsu_dccm_ctl/dccm_rdata_hi_r[23] is undriven.
Info:  Net r:/WORK/el2_lsu_dccm_ctl/dccm_rdata_hi_r[22] is undriven.
Info:  Net r:/WORK/el2_lsu_dccm_ctl/dccm_rdata_hi_r[21] is undriven.
Info:  Net r:/WORK/el2_lsu_dccm_ctl/dccm_rdata_hi_r[20] is undriven.
Info:  Net r:/WORK/el2_lsu_dccm_ctl/dccm_rdata_hi_r[19] is undriven.
Info:  Net r:/WORK/el2_lsu_dccm_ctl/dccm_rdata_hi_r[18] is undriven.
Info:  Net r:/WORK/el2_lsu_dccm_ctl/dccm_rdata_hi_r[17] is undriven.
Info:  Net r:/WORK/el2_lsu_dccm_ctl/dccm_rdata_hi_r[16] is undriven.
Info:  Net r:/WORK/el2_lsu_dccm_ctl/dccm_rdata_hi_r[15] is undriven.
Info:  Net r:/WORK/el2_lsu_dccm_ctl/dccm_rdata_hi_r[14] is undriven.
Info:  Net r:/WORK/el2_lsu_dccm_ctl/dccm_rdata_hi_r[13] is undriven.
Info:  Net r:/WORK/el2_lsu_dccm_ctl/dccm_rdata_hi_r[12] is undriven.
Info:  Net r:/WORK/el2_lsu_dccm_ctl/dccm_rdata_hi_r[11] is undriven.
Info:  Net r:/WORK/el2_lsu_dccm_ctl/dccm_rdata_hi_r[10] is undriven.
Info:  Net r:/WORK/el2_lsu_dccm_ctl/dccm_rdata_hi_r[9] is undriven.
Info:  Net r:/WORK/el2_lsu_dccm_ctl/dccm_rdata_hi_r[8] is undriven.
Info:  Net r:/WORK/el2_lsu_dccm_ctl/dccm_rdata_hi_r[7] is undriven.
Info:  Net r:/WORK/el2_lsu_dccm_ctl/dccm_rdata_hi_r[6] is undriven.
Info:  Net r:/WORK/el2_lsu_dccm_ctl/dccm_rdata_hi_r[5] is undriven.
Info:  Net r:/WORK/el2_lsu_dccm_ctl/dccm_rdata_hi_r[4] is undriven.
Info:  Net r:/WORK/el2_lsu_dccm_ctl/dccm_rdata_hi_r[3] is undriven.
Info:  Net r:/WORK/el2_lsu_dccm_ctl/dccm_rdata_hi_r[2] is undriven.
Info:  Net r:/WORK/el2_lsu_dccm_ctl/dccm_rdata_hi_r[1] is undriven.
Info:  Net r:/WORK/el2_lsu_dccm_ctl/dccm_rdata_hi_r[0] is undriven.
Info:  Net r:/WORK/el2_lsu_dccm_ctl/dccm_data_ecc_lo_r[6] is undriven.
Info:  Net r:/WORK/el2_lsu_dccm_ctl/dccm_data_ecc_lo_r[5] is undriven.
Info:  Net r:/WORK/el2_lsu_dccm_ctl/dccm_data_ecc_lo_r[4] is undriven.
Info:  Net r:/WORK/el2_lsu_dccm_ctl/dccm_data_ecc_lo_r[3] is undriven.
Info:  Net r:/WORK/el2_lsu_dccm_ctl/dccm_data_ecc_lo_r[2] is undriven.
Info:  Net r:/WORK/el2_lsu_dccm_ctl/dccm_data_ecc_lo_r[1] is undriven.
Info:  Net r:/WORK/el2_lsu_dccm_ctl/dccm_data_ecc_lo_r[0] is undriven.
Info:  Net r:/WORK/el2_lsu_dccm_ctl/lsu_ld_data_r[31] is undriven.
Info:  Net r:/WORK/el2_lsu_dccm_ctl/lsu_ld_data_r[30] is undriven.
Info:  Net r:/WORK/el2_lsu_dccm_ctl/lsu_ld_data_r[29] is undriven.
Info:  Net r:/WORK/el2_lsu_dccm_ctl/lsu_ld_data_r[28] is undriven.
Info:  Net r:/WORK/el2_lsu_dccm_ctl/lsu_ld_data_r[27] is undriven.
Info:  Net r:/WORK/el2_lsu_dccm_ctl/lsu_ld_data_r[26] is undriven.
Info:  Net r:/WORK/el2_lsu_dccm_ctl/lsu_ld_data_r[25] is undriven.
Info:  Net r:/WORK/el2_lsu_dccm_ctl/lsu_ld_data_r[24] is undriven.
Info:  Net r:/WORK/el2_lsu_dccm_ctl/lsu_ld_data_r[23] is undriven.
Info:  Net r:/WORK/el2_lsu_dccm_ctl/lsu_ld_data_r[22] is undriven.
Info:  Net r:/WORK/el2_lsu_dccm_ctl/lsu_ld_data_r[21] is undriven.
Info:  Net r:/WORK/el2_lsu_dccm_ctl/lsu_ld_data_r[20] is undriven.
Info:  Net r:/WORK/el2_lsu_dccm_ctl/lsu_ld_data_r[19] is undriven.
Info:  Net r:/WORK/el2_lsu_dccm_ctl/lsu_ld_data_r[18] is undriven.
Info:  Net r:/WORK/el2_lsu_dccm_ctl/lsu_ld_data_r[17] is undriven.
Info:  Net r:/WORK/el2_lsu_dccm_ctl/lsu_ld_data_r[16] is undriven.
Info:  Net r:/WORK/el2_lsu_dccm_ctl/lsu_ld_data_r[15] is undriven.
Info:  Net r:/WORK/el2_lsu_dccm_ctl/lsu_ld_data_r[14] is undriven.
Info:  Net r:/WORK/el2_lsu_dccm_ctl/lsu_ld_data_r[13] is undriven.
Info:  Net r:/WORK/el2_lsu_dccm_ctl/lsu_ld_data_r[12] is undriven.
Info:  Net r:/WORK/el2_lsu_dccm_ctl/lsu_ld_data_r[11] is undriven.
Info:  Net r:/WORK/el2_lsu_dccm_ctl/lsu_ld_data_r[10] is undriven.
Info:  Net r:/WORK/el2_lsu_dccm_ctl/lsu_ld_data_r[9] is undriven.
Info:  Net r:/WORK/el2_lsu_dccm_ctl/lsu_ld_data_r[8] is undriven.
Info:  Net r:/WORK/el2_lsu_dccm_ctl/lsu_ld_data_r[7] is undriven.
Info:  Net r:/WORK/el2_lsu_dccm_ctl/lsu_ld_data_r[6] is undriven.
Info:  Net r:/WORK/el2_lsu_dccm_ctl/lsu_ld_data_r[5] is undriven.
Info:  Net r:/WORK/el2_lsu_dccm_ctl/lsu_ld_data_r[4] is undriven.
Info:  Net r:/WORK/el2_lsu_dccm_ctl/lsu_ld_data_r[3] is undriven.
Info:  Net r:/WORK/el2_lsu_dccm_ctl/lsu_ld_data_r[2] is undriven.
Info:  Net r:/WORK/el2_lsu_dccm_ctl/lsu_ld_data_r[1] is undriven.
Info:  Net r:/WORK/el2_lsu_dccm_ctl/lsu_ld_data_r[0] is undriven.
Info:  Net r:/WORK/el2_lsu_dccm_ctl/dccm_rdata_lo_r[31] is undriven.
Info:  Net r:/WORK/el2_lsu_dccm_ctl/dccm_rdata_lo_r[30] is undriven.
Info:  Net r:/WORK/el2_lsu_dccm_ctl/dccm_rdata_lo_r[29] is undriven.
Info:  Net r:/WORK/el2_lsu_dccm_ctl/dccm_rdata_lo_r[28] is undriven.
Info:  Net r:/WORK/el2_lsu_dccm_ctl/dccm_rdata_lo_r[27] is undriven.
Info:  Net r:/WORK/el2_lsu_dccm_ctl/dccm_rdata_lo_r[26] is undriven.
Info:  Net r:/WORK/el2_lsu_dccm_ctl/dccm_rdata_lo_r[25] is undriven.
Info:  Net r:/WORK/el2_lsu_dccm_ctl/dccm_rdata_lo_r[24] is undriven.
Info:  Net r:/WORK/el2_lsu_dccm_ctl/dccm_rdata_lo_r[23] is undriven.
Info:  Net r:/WORK/el2_lsu_dccm_ctl/dccm_rdata_lo_r[22] is undriven.
Info:  Net r:/WORK/el2_lsu_dccm_ctl/dccm_rdata_lo_r[21] is undriven.
Info:  Net r:/WORK/el2_lsu_dccm_ctl/dccm_rdata_lo_r[20] is undriven.
Info:  Net r:/WORK/el2_lsu_dccm_ctl/dccm_rdata_lo_r[19] is undriven.
Info:  Net r:/WORK/el2_lsu_dccm_ctl/dccm_rdata_lo_r[18] is undriven.
Info:  Net r:/WORK/el2_lsu_dccm_ctl/dccm_rdata_lo_r[17] is undriven.
Info:  Net r:/WORK/el2_lsu_dccm_ctl/dccm_rdata_lo_r[16] is undriven.
Info:  Net r:/WORK/el2_lsu_dccm_ctl/dccm_rdata_lo_r[15] is undriven.
Info:  Net r:/WORK/el2_lsu_dccm_ctl/dccm_rdata_lo_r[14] is undriven.
Info:  Net r:/WORK/el2_lsu_dccm_ctl/dccm_rdata_lo_r[13] is undriven.
Info:  Net r:/WORK/el2_lsu_dccm_ctl/dccm_rdata_lo_r[12] is undriven.
Info:  Net r:/WORK/el2_lsu_dccm_ctl/dccm_rdata_lo_r[11] is undriven.
Info:  Net r:/WORK/el2_lsu_dccm_ctl/dccm_rdata_lo_r[10] is undriven.
Info:  Net r:/WORK/el2_lsu_dccm_ctl/dccm_rdata_lo_r[9] is undriven.
Info:  Net r:/WORK/el2_lsu_dccm_ctl/dccm_rdata_lo_r[8] is undriven.
Info:  Net r:/WORK/el2_lsu_dccm_ctl/dccm_rdata_lo_r[7] is undriven.
Info:  Net r:/WORK/el2_lsu_dccm_ctl/dccm_rdata_lo_r[6] is undriven.
Info:  Net r:/WORK/el2_lsu_dccm_ctl/dccm_rdata_lo_r[5] is undriven.
Info:  Net r:/WORK/el2_lsu_dccm_ctl/dccm_rdata_lo_r[4] is undriven.
Info:  Net r:/WORK/el2_lsu_dccm_ctl/dccm_rdata_lo_r[3] is undriven.
Info:  Net r:/WORK/el2_lsu_dccm_ctl/dccm_rdata_lo_r[2] is undriven.
Info:  Net r:/WORK/el2_lsu_dccm_ctl/dccm_rdata_lo_r[1] is undriven.
Info:  Net r:/WORK/el2_lsu_dccm_ctl/dccm_rdata_lo_r[0] is undriven.
Warning: Cell i:/WORK/quasar_wrapper/mem references black-box design /WORK/mem_DCCM_BANK_BITS2_DCCM_BITS16_DCCM_BYTE_WIDTH4_DCCM_ENABLE1_DCCM_FDATA_WIDTH39_DCCM_NUM_BANKS4_DCCM_SIZE64_DCCM_WIDTH_BITS2_ICACHE_BANK_BITS1_ICACHE_BANK_HI3_ICACHE_BANK_LO3_ICACHE_BANKS_WAY2_ICACHE_BEAT_ADDR_HI5_ICACHE_BEAT_BITS3_ICACHE_BYPASS_ENABLE1_ICACHE_DATA_DEPTH512_ICACHE_DATA_INDEX_LO4_ICACHE_ECC1_ICACHE_ENABLE1_ICACHE_INDEX_HI12_ICACHE_LN_SZ64_ICACHE_NUM_BYPASS2_ICACHE_NUM_BYPASS_WIDTH2_ICACHE_NUM_WAYS2_ICACHE_TAG_BYPASS_ENABLE1_ICACHE_TAG_DEPTH128_ICACHE_TAG_INDEX_LO6_ICACHE_TAG_LO13_ICACHE_TAG_NUM_BYPASS2_ICACHE_TAG_NUM_BYPASS_WIDTH2_ICACHE_WAYPACK1_ICCM_BANK_BITS2_ICCM_BANK_HI3_ICCM_BANK_INDEX_LO4_ICCM_BITS16_ICCM_ENABLE1_ICCM_INDEX_BITS12_ICCM_NUM_BANKS4 (FM-158)
****************************************************

