clock cycle dbg cmd, dbg rd data	alu decode, rs1 en, rs1, rs2 en, rs2, result, csr wen, csr wr addr, csr wrdata, csr rd addr, csr rd data
   13,	x	x	1,0,0,0,0,0	x	,x	,x	,x	,x
   15,	x	x	x	,x	,x	,x	x	x	1,b02,0,0,1800
   19,	x	x	1,0,0,0,0,0	x	,x	,x	,x	,x
   21,	x	x	x	,x	,x	,x	x	x	1,b82,0,0,1800
   25,	x	x	1,0,0,0,ee000000,0	x	,x	,x	,x	,x
   30,	x	x	1,1,ee000000,0,0,0	x	,x	,x	,x	,x
   32,	x	x	x	,x	,x	,x	x	x	1,305,ee000000,0,1800
   35,	x	x	1,0,0,0,5f555000,0	x	,x	,x	,x	,x
   41,	x	x	1,1,5f555000,0,555,0	x	,x	,x	,x	,x
   47,	x	x	1,1,5f555555,0,0,0	x	,x	,x	,x	,x
   49,	x	x	x	,x	,x	,x	x	x	1,7c0,5f555555,0,1800
   52,	x	x	1,0,0,0,d0580000,0	x	,x	,x	,x	,x
   57,	x	x	1,0,20,0,10000,0	x	,x	,x	,x	,x
   58,	x	x	1,1,10020,0,ffffffe0,10020	x	,x	,x	,x	,x
   65,	x	x	1,1,10000,0,1,0	x	,x	,x	,x	,x
   66,	x	x	1,1,2d,0,0,10001	x	,x	,x	,x	,x
   74,	x	x	1,1,10001,0,1,0	x	,x	,x	,x	,x
   75,	x	x	1,1,2d,0,0,10002	x	,x	,x	,x	,x
   82,	x	x	1,1,10002,0,1,0	x	,x	,x	,x	,x
   83,	x	x	1,1,2d,0,0,10003	x	,x	,x	,x	,x
   91,	x	x	1,1,10003,0,1,0	x	,x	,x	,x	,x
   92,	x	x	1,1,2d,0,0,10004	x	,x	,x	,x	,x
  100,	x	x	1,1,10004,0,1,0	x	,x	,x	,x	,x
  101,	x	x	1,1,2d,0,0,10005	x	,x	,x	,x	,x
  109,	x	x	1,1,10005,0,1,0	x	,x	,x	,x	,x
  110,	x	x	1,1,2d,0,0,10006	x	,x	,x	,x	,x
  118,	x	x	1,1,10006,0,1,0	x	,x	,x	,x	,x
  119,	x	x	1,1,2d,0,0,10007	x	,x	,x	,x	,x
  127,	x	x	1,1,10007,0,1,0	x	,x	,x	,x	,x
  128,	x	x	1,1,2d,0,0,10008	x	,x	,x	,x	,x
  136,	x	x	1,1,10008,0,1,0	x	,x	,x	,x	,x
  137,	x	x	1,1,2d,0,0,10009	x	,x	,x	,x	,x
  145,	x	x	1,1,10009,0,1,0	x	,x	,x	,x	,x
  146,	x	x	1,1,2d,0,0,1000a	x	,x	,x	,x	,x
  154,	x	x	1,1,1000a,0,1,0	x	,x	,x	,x	,x
  155,	x	x	1,1,2d,0,0,1000b	x	,x	,x	,x	,x
  162,	x	x	1,1,1000b,0,1,0	x	,x	,x	,x	,x
  163,	x	x	1,1,2d,0,0,1000c	x	,x	,x	,x	,x
  170,	x	x	1,1,1000c,0,1,0	x	,x	,x	,x	,x
  171,	x	x	1,1,2d,0,0,1000d	x	,x	,x	,x	,x
  178,	x	x	1,1,1000d,0,1,0	x	,x	,x	,x	,x
  179,	x	x	1,1,2d,0,0,1000e	x	,x	,x	,x	,x
  186,	x	x	1,1,1000e,0,1,0	x	,x	,x	,x	,x
  187,	x	x	1,1,2d,0,0,1000f	x	,x	,x	,x	,x
  194,	x	x	1,1,1000f,0,1,0	x	,x	,x	,x	,x
  195,	x	x	1,1,2d,0,0,10010	x	,x	,x	,x	,x
  202,	x	x	1,1,10010,0,1,0	x	,x	,x	,x	,x
  203,	x	x	1,1,2d,0,0,10011	x	,x	,x	,x	,x
  210,	x	x	1,1,10011,0,1,0	x	,x	,x	,x	,x
  211,	x	x	1,1,2d,0,0,10012	x	,x	,x	,x	,x
  218,	x	x	1,1,10012,0,1,0	x	,x	,x	,x	,x
  219,	x	x	1,1,2d,0,0,10013	x	,x	,x	,x	,x
  226,	x	x	1,1,10013,0,1,0	x	,x	,x	,x	,x
  227,	x	x	1,1,2d,0,0,10014	x	,x	,x	,x	,x
  234,	x	x	1,1,10014,0,1,0	x	,x	,x	,x	,x
  235,	x	x	1,1,2d,0,0,10015	x	,x	,x	,x	,x
  242,	x	x	1,1,10015,0,1,0	x	,x	,x	,x	,x
  243,	x	x	1,1,2d,0,0,10016	x	,x	,x	,x	,x
  250,	x	x	1,1,10016,0,1,0	x	,x	,x	,x	,x
  251,	x	x	1,1,2d,0,0,10017	x	,x	,x	,x	,x
  258,	x	x	1,1,10017,0,1,0	x	,x	,x	,x	,x
  259,	x	x	1,1,2d,0,0,10018	x	,x	,x	,x	,x
  266,	x	x	1,1,10018,0,1,0	x	,x	,x	,x	,x
  267,	x	x	1,1,2d,0,0,10019	x	,x	,x	,x	,x
  274,	x	x	1,1,10019,0,1,0	x	,x	,x	,x	,x
  275,	x	x	1,1,2d,0,0,1001a	x	,x	,x	,x	,x
  282,	x	x	1,1,1001a,0,1,0	x	,x	,x	,x	,x
  283,	x	x	1,1,2d,0,0,1001b	x	,x	,x	,x	,x
  290,	x	x	1,1,1001b,0,1,0	x	,x	,x	,x	,x
  291,	x	x	1,1,2d,0,0,1001c	x	,x	,x	,x	,x
  298,	x	x	1,1,1001c,0,1,0	x	,x	,x	,x	,x
  299,	x	x	1,1,2d,0,0,1001d	x	,x	,x	,x	,x
  306,	x	x	1,1,1001d,0,1,0	x	,x	,x	,x	,x
  307,	x	x	1,1,2d,0,0,1001e	x	,x	,x	,x	,x
  314,	x	x	1,1,1001e,0,1,0	x	,x	,x	,x	,x
  315,	x	x	1,1,2d,0,0,1001f	x	,x	,x	,x	,x
  322,	x	x	1,1,1001f,0,1,0	x	,x	,x	,x	,x
  323,	x	x	1,1,2d,0,0,10020	x	,x	,x	,x	,x
  330,	x	x	1,1,10020,0,1,0	x	,x	,x	,x	,x
  331,	x	x	1,1,2d,0,0,10021	x	,x	,x	,x	,x
  338,	x	x	1,1,10021,0,1,0	x	,x	,x	,x	,x
  339,	x	x	1,1,2d,0,0,10022	x	,x	,x	,x	,x
  346,	x	x	1,1,10022,0,1,0	x	,x	,x	,x	,x
  347,	x	x	1,1,a,0,0,10023	x	,x	,x	,x	,x
  354,	x	x	1,1,10023,0,1,0	x	,x	,x	,x	,x
  355,	x	x	1,1,48,0,0,10024	x	,x	,x	,x	,x
  362,	x	x	1,1,10024,0,1,0	x	,x	,x	,x	,x
  363,	x	x	1,1,65,0,0,10025	x	,x	,x	,x	,x
  370,	x	x	1,1,10025,0,1,0	x	,x	,x	,x	,x
  371,	x	x	1,1,6c,0,0,10026	x	,x	,x	,x	,x
  378,	x	x	1,1,10026,0,1,0	x	,x	,x	,x	,x
  379,	x	x	1,1,6c,0,0,10027	x	,x	,x	,x	,x
  386,	x	x	1,1,10027,0,1,0	x	,x	,x	,x	,x
  387,	x	x	1,1,6f,0,0,10028	x	,x	,x	,x	,x
  394,	x	x	1,1,10028,0,1,0	x	,x	,x	,x	,x
  395,	x	x	1,1,20,0,0,10029	x	,x	,x	,x	,x
  402,	x	x	1,1,10029,0,1,0	x	,x	,x	,x	,x
  403,	x	x	1,1,57,0,0,1002a	x	,x	,x	,x	,x
  410,	x	x	1,1,1002a,0,1,0	x	,x	,x	,x	,x
  411,	x	x	1,1,6f,0,0,1002b	x	,x	,x	,x	,x
  418,	x	x	1,1,1002b,0,1,0	x	,x	,x	,x	,x
  419,	x	x	1,1,72,0,0,1002c	x	,x	,x	,x	,x
  426,	x	x	1,1,1002c,0,1,0	x	,x	,x	,x	,x
  427,	x	x	1,1,6c,0,0,1002d	x	,x	,x	,x	,x
  434,	x	x	1,1,1002d,0,1,0	x	,x	,x	,x	,x
  435,	x	x	1,1,64,0,0,1002e	x	,x	,x	,x	,x
  442,	x	x	1,1,1002e,0,1,0	x	,x	,x	,x	,x
  443,	x	x	1,1,20,0,0,1002f	x	,x	,x	,x	,x
  450,	x	x	1,1,1002f,0,1,0	x	,x	,x	,x	,x
  451,	x	x	1,1,66,0,0,10030	x	,x	,x	,x	,x
  458,	x	x	1,1,10030,0,1,0	x	,x	,x	,x	,x
  459,	x	x	1,1,72,0,0,10031	x	,x	,x	,x	,x
  466,	x	x	1,1,10031,0,1,0	x	,x	,x	,x	,x
  467,	x	x	1,1,6f,0,0,10032	x	,x	,x	,x	,x
  474,	x	x	1,1,10032,0,1,0	x	,x	,x	,x	,x
  475,	x	x	1,1,6d,0,0,10033	x	,x	,x	,x	,x
  482,	x	x	1,1,10033,0,1,0	x	,x	,x	,x	,x
  483,	x	x	1,1,20,0,0,10034	x	,x	,x	,x	,x
  490,	x	x	1,1,10034,0,1,0	x	,x	,x	,x	,x
  491,	x	x	1,1,51,0,0,10035	x	,x	,x	,x	,x
  498,	x	x	1,1,10035,0,1,0	x	,x	,x	,x	,x
  499,	x	x	1,1,75,0,0,10036	x	,x	,x	,x	,x
  506,	x	x	1,1,10036,0,1,0	x	,x	,x	,x	,x
  507,	x	x	1,1,61,0,0,10037	x	,x	,x	,x	,x
  514,	x	x	1,1,10037,0,1,0	x	,x	,x	,x	,x
  515,	x	x	1,1,73,0,0,10038	x	,x	,x	,x	,x
  522,	x	x	1,1,10038,0,1,0	x	,x	,x	,x	,x
  523,	x	x	1,1,61,0,0,10039	x	,x	,x	,x	,x
  530,	x	x	1,1,10039,0,1,0	x	,x	,x	,x	,x
  531,	x	x	1,1,72,0,0,1003a	x	,x	,x	,x	,x
  538,	x	x	1,1,1003a,0,1,0	x	,x	,x	,x	,x
  539,	x	x	1,1,20,0,0,1003b	x	,x	,x	,x	,x
  546,	x	x	1,1,1003b,0,1,0	x	,x	,x	,x	,x
  547,	x	x	1,1,40,0,0,1003c	x	,x	,x	,x	,x
  554,	x	x	1,1,1003c,0,1,0	x	,x	,x	,x	,x
  555,	x	x	1,1,4c,0,0,1003d	x	,x	,x	,x	,x
  562,	x	x	1,1,1003d,0,1,0	x	,x	,x	,x	,x
  563,	x	x	1,1,4d,0,0,1003e	x	,x	,x	,x	,x
  570,	x	x	1,1,1003e,0,1,0	x	,x	,x	,x	,x
  571,	x	x	1,1,20,0,0,1003f	x	,x	,x	,x	,x
  578,	x	x	1,1,1003f,0,1,0	x	,x	,x	,x	,x
  579,	x	x	1,1,21,0,0,10040	x	,x	,x	,x	,x
  586,	x	x	1,1,10040,0,1,0	x	,x	,x	,x	,x
  587,	x	x	1,1,21,0,0,10041	x	,x	,x	,x	,x
  594,	x	x	1,1,10041,0,1,0	x	,x	,x	,x	,x
  595,	x	x	1,1,a,0,0,10042	x	,x	,x	,x	,x
  602,	x	x	1,1,10042,0,1,0	x	,x	,x	,x	,x
  603,	x	x	1,1,2d,0,0,10043	x	,x	,x	,x	,x
  610,	x	x	1,1,10043,0,1,0	x	,x	,x	,x	,x
  611,	x	x	1,1,2d,0,0,10044	x	,x	,x	,x	,x
  618,	x	x	1,1,10044,0,1,0	x	,x	,x	,x	,x
  619,	x	x	1,1,2d,0,0,10045	x	,x	,x	,x	,x
  626,	x	x	1,1,10045,0,1,0	x	,x	,x	,x	,x
  627,	x	x	1,1,2d,0,0,10046	x	,x	,x	,x	,x
  634,	x	x	1,1,10046,0,1,0	x	,x	,x	,x	,x
  635,	x	x	1,1,2d,0,0,10047	x	,x	,x	,x	,x
  642,	x	x	1,1,10047,0,1,0	x	,x	,x	,x	,x
  643,	x	x	1,1,2d,0,0,10048	x	,x	,x	,x	,x
  650,	x	x	1,1,10048,0,1,0	x	,x	,x	,x	,x
  651,	x	x	1,1,2d,0,0,10049	x	,x	,x	,x	,x
  658,	x	x	1,1,10049,0,1,0	x	,x	,x	,x	,x
  659,	x	x	1,1,2d,0,0,1004a	x	,x	,x	,x	,x
  666,	x	x	1,1,1004a,0,1,0	x	,x	,x	,x	,x
  667,	x	x	1,1,2d,0,0,1004b	x	,x	,x	,x	,x
  674,	x	x	1,1,1004b,0,1,0	x	,x	,x	,x	,x
  675,	x	x	1,1,2d,0,0,1004c	x	,x	,x	,x	,x
  682,	x	x	1,1,1004c,0,1,0	x	,x	,x	,x	,x
  683,	x	x	1,1,2d,0,0,1004d	x	,x	,x	,x	,x
  690,	x	x	1,1,1004d,0,1,0	x	,x	,x	,x	,x
  691,	x	x	1,1,2d,0,0,1004e	x	,x	,x	,x	,x
  698,	x	x	1,1,1004e,0,1,0	x	,x	,x	,x	,x
  699,	x	x	1,1,2d,0,0,1004f	x	,x	,x	,x	,x
  706,	x	x	1,1,1004f,0,1,0	x	,x	,x	,x	,x
  707,	x	x	1,1,2d,0,0,10050	x	,x	,x	,x	,x
  714,	x	x	1,1,10050,0,1,0	x	,x	,x	,x	,x
  715,	x	x	1,1,2d,0,0,10051	x	,x	,x	,x	,x
  722,	x	x	1,1,10051,0,1,0	x	,x	,x	,x	,x
  723,	x	x	1,1,2d,0,0,10052	x	,x	,x	,x	,x
  730,	x	x	1,1,10052,0,1,0	x	,x	,x	,x	,x
  731,	x	x	1,1,2d,0,0,10053	x	,x	,x	,x	,x
  738,	x	x	1,1,10053,0,1,0	x	,x	,x	,x	,x
  739,	x	x	1,1,2d,0,0,10054	x	,x	,x	,x	,x
  746,	x	x	1,1,10054,0,1,0	x	,x	,x	,x	,x
  747,	x	x	1,1,2d,0,0,10055	x	,x	,x	,x	,x
  754,	x	x	1,1,10055,0,1,0	x	,x	,x	,x	,x
  755,	x	x	1,1,2d,0,0,10056	x	,x	,x	,x	,x
  762,	x	x	1,1,10056,0,1,0	x	,x	,x	,x	,x
  763,	x	x	1,1,2d,0,0,10057	x	,x	,x	,x	,x
  770,	x	x	1,1,10057,0,1,0	x	,x	,x	,x	,x
  771,	x	x	1,1,2d,0,0,10058	x	,x	,x	,x	,x
  778,	x	x	1,1,10058,0,1,0	x	,x	,x	,x	,x
  779,	x	x	1,1,2d,0,0,10059	x	,x	,x	,x	,x
  786,	x	x	1,1,10059,0,1,0	x	,x	,x	,x	,x
  787,	x	x	1,1,2d,0,0,1005a	x	,x	,x	,x	,x
  794,	x	x	1,1,1005a,0,1,0	x	,x	,x	,x	,x
  795,	x	x	1,1,2d,0,0,1005b	x	,x	,x	,x	,x
  802,	x	x	1,1,1005b,0,1,0	x	,x	,x	,x	,x
  803,	x	x	1,1,2d,0,0,1005c	x	,x	,x	,x	,x
  810,	x	x	1,1,1005c,0,1,0	x	,x	,x	,x	,x
  811,	x	x	1,1,2d,0,0,1005d	x	,x	,x	,x	,x
  818,	x	x	1,1,1005d,0,1,0	x	,x	,x	,x	,x
  819,	x	x	1,1,2d,0,0,1005e	x	,x	,x	,x	,x
  826,	x	x	1,1,1005e,0,1,0	x	,x	,x	,x	,x
  827,	x	x	1,1,2d,0,0,1005f	x	,x	,x	,x	,x
  834,	x	x	1,1,1005f,0,1,0	x	,x	,x	,x	,x
  835,	x	x	1,1,2d,0,0,10060	x	,x	,x	,x	,x
  842,	x	x	1,1,10060,0,1,0	x	,x	,x	,x	,x
  843,	x	x	1,1,2d,0,0,10061	x	,x	,x	,x	,x
  850,	x	x	1,1,10061,0,1,0	x	,x	,x	,x	,x
  851,	x	x	1,1,2d,0,0,10062	x	,x	,x	,x	,x
  858,	x	x	1,1,10062,0,1,0	x	,x	,x	,x	,x
  859,	x	x	1,1,2d,0,0,10063	x	,x	,x	,x	,x
  866,	x	x	1,1,10063,0,1,0	x	,x	,x	,x	,x
  867,	x	x	1,1,2d,0,0,10064	x	,x	,x	,x	,x
  874,	x	x	1,1,10064,0,1,0	x	,x	,x	,x	,x
  875,	x	x	1,1,a,0,0,10065	x	,x	,x	,x	,x
  882,	x	x	1,1,10065,0,1,0	x	,x	,x	,x	,x
  883,	x	x	1,1,0,0,0,10066	x	,x	,x	,x	,x
  885,	x	x	1,0,0,0,d0580000,0	x	,x	,x	,x	,x
  886,	x	x	1,0,0,0,ff,d0580000	x	,x	,x	,x	,x
  892,	x	x	1,0,0,0,0,0	x	,x	,x	,x	,x
  894,	x	x	1,0,0,0,d0580000,0	x	,x	,x	,x	,x
