clock cycle div enable, div result, dividend, divisor, out	,rs1 bypassen, rs1 bypassdata	, rs2 bypassen, rs2 bypassdata
   58,	x	x	x	x	x,		1,10020		x	x
   59,	x	x	x	x	x,		1,10000		x	x
   60,	x	x	x	x	x,		x	x		1,0
   61,	x	x	x	x	x,		x	x		1,0
   64,	x	x	x	x	x,		x	x		1,2d
   69,	x	x	x	x	x,		x	x		1,0
   70,	x	x	x	x	x,		x	x		1,0
   73,	x	x	x	x	x,		x	x		1,2d
   76,	x	x	x	x	x,		1,10002		x	x
   77,	x	x	x	x	x,		x	x		1,0
   78,	x	x	x	x	x,		x	x		1,0
   81,	x	x	x	x	x,		x	x		1,2d
   86,	x	x	x	x	x,		x	x		1,0
   87,	x	x	x	x	x,		x	x		1,0
   90,	x	x	x	x	x,		x	x		1,2d
   95,	x	x	x	x	x,		x	x		1,0
   96,	x	x	x	x	x,		x	x		1,0
   99,	x	x	x	x	x,		x	x		1,2d
  104,	x	x	x	x	x,		x	x		1,0
  105,	x	x	x	x	x,		x	x		1,0
  108,	x	x	x	x	x,		x	x		1,2d
  113,	x	x	x	x	x,		x	x		1,0
  114,	x	x	x	x	x,		x	x		1,0
  117,	x	x	x	x	x,		x	x		1,2d
  122,	x	x	x	x	x,		x	x		1,0
  123,	x	x	x	x	x,		x	x		1,0
  126,	x	x	x	x	x,		x	x		1,2d
  131,	x	x	x	x	x,		x	x		1,0
  132,	x	x	x	x	x,		x	x		1,0
  135,	x	x	x	x	x,		x	x		1,2d
  140,	x	x	x	x	x,		x	x		1,0
  141,	x	x	x	x	x,		x	x		1,0
  144,	x	x	x	x	x,		x	x		1,2d
  149,	x	x	x	x	x,		x	x		1,0
  150,	x	x	x	x	x,		x	x		1,0
  153,	x	x	x	x	x,		x	x		1,2d
  156,	x	x	x	x	x,		1,1000b		x	x
  157,	x	x	x	x	x,		x	x		1,0
  158,	x	x	x	x	x,		x	x		1,0
  161,	x	x	x	x	x,		x	x		1,2d
  164,	x	x	x	x	x,		1,1000c		x	x
  165,	x	x	x	x	x,		x	x		1,0
  166,	x	x	x	x	x,		x	x		1,0
  169,	x	x	x	x	x,		x	x		1,2d
  172,	x	x	x	x	x,		1,1000d		x	x
  173,	x	x	x	x	x,		x	x		1,0
  174,	x	x	x	x	x,		x	x		1,0
  177,	x	x	x	x	x,		x	x		1,2d
  180,	x	x	x	x	x,		1,1000e		x	x
  181,	x	x	x	x	x,		x	x		1,0
  182,	x	x	x	x	x,		x	x		1,0
  185,	x	x	x	x	x,		x	x		1,2d
  188,	x	x	x	x	x,		1,1000f		x	x
  189,	x	x	x	x	x,		x	x		1,0
  190,	x	x	x	x	x,		x	x		1,0
  193,	x	x	x	x	x,		x	x		1,2d
  196,	x	x	x	x	x,		1,10010		x	x
  197,	x	x	x	x	x,		x	x		1,0
  198,	x	x	x	x	x,		x	x		1,0
  201,	x	x	x	x	x,		x	x		1,2d
  204,	x	x	x	x	x,		1,10011		x	x
  205,	x	x	x	x	x,		x	x		1,0
  206,	x	x	x	x	x,		x	x		1,0
  209,	x	x	x	x	x,		x	x		1,2d
  212,	x	x	x	x	x,		1,10012		x	x
  213,	x	x	x	x	x,		x	x		1,0
  214,	x	x	x	x	x,		x	x		1,0
  217,	x	x	x	x	x,		x	x		1,2d
  220,	x	x	x	x	x,		1,10013		x	x
  221,	x	x	x	x	x,		x	x		1,0
  222,	x	x	x	x	x,		x	x		1,0
  225,	x	x	x	x	x,		x	x		1,2d
  228,	x	x	x	x	x,		1,10014		x	x
  229,	x	x	x	x	x,		x	x		1,0
  230,	x	x	x	x	x,		x	x		1,0
  233,	x	x	x	x	x,		x	x		1,2d
  236,	x	x	x	x	x,		1,10015		x	x
  237,	x	x	x	x	x,		x	x		1,0
  238,	x	x	x	x	x,		x	x		1,0
  241,	x	x	x	x	x,		x	x		1,2d
  244,	x	x	x	x	x,		1,10016		x	x
  245,	x	x	x	x	x,		x	x		1,0
  246,	x	x	x	x	x,		x	x		1,0
  249,	x	x	x	x	x,		x	x		1,2d
  252,	x	x	x	x	x,		1,10017		x	x
  253,	x	x	x	x	x,		x	x		1,0
  254,	x	x	x	x	x,		x	x		1,0
  257,	x	x	x	x	x,		x	x		1,2d
  260,	x	x	x	x	x,		1,10018		x	x
  261,	x	x	x	x	x,		x	x		1,0
  262,	x	x	x	x	x,		x	x		1,0
  265,	x	x	x	x	x,		x	x		1,2d
  268,	x	x	x	x	x,		1,10019		x	x
  269,	x	x	x	x	x,		x	x		1,0
  270,	x	x	x	x	x,		x	x		1,0
  273,	x	x	x	x	x,		x	x		1,2d
  276,	x	x	x	x	x,		1,1001a		x	x
  277,	x	x	x	x	x,		x	x		1,0
  278,	x	x	x	x	x,		x	x		1,0
  281,	x	x	x	x	x,		x	x		1,2d
  284,	x	x	x	x	x,		1,1001b		x	x
  285,	x	x	x	x	x,		x	x		1,0
  286,	x	x	x	x	x,		x	x		1,0
  289,	x	x	x	x	x,		x	x		1,2d
  292,	x	x	x	x	x,		1,1001c		x	x
  293,	x	x	x	x	x,		x	x		1,0
  294,	x	x	x	x	x,		x	x		1,0
  297,	x	x	x	x	x,		x	x		1,2d
  300,	x	x	x	x	x,		1,1001d		x	x
  301,	x	x	x	x	x,		x	x		1,0
  302,	x	x	x	x	x,		x	x		1,0
  305,	x	x	x	x	x,		x	x		1,2d
  308,	x	x	x	x	x,		1,1001e		x	x
  309,	x	x	x	x	x,		x	x		1,0
  310,	x	x	x	x	x,		x	x		1,0
  313,	x	x	x	x	x,		x	x		1,2d
  316,	x	x	x	x	x,		1,1001f		x	x
  317,	x	x	x	x	x,		x	x		1,0
  318,	x	x	x	x	x,		x	x		1,0
  321,	x	x	x	x	x,		x	x		1,2d
  324,	x	x	x	x	x,		1,10020		x	x
  325,	x	x	x	x	x,		x	x		1,0
  326,	x	x	x	x	x,		x	x		1,0
  329,	x	x	x	x	x,		x	x		1,2d
  332,	x	x	x	x	x,		1,10021		x	x
  333,	x	x	x	x	x,		x	x		1,0
  334,	x	x	x	x	x,		x	x		1,0
  337,	x	x	x	x	x,		x	x		1,2d
  340,	x	x	x	x	x,		1,10022		x	x
  341,	x	x	x	x	x,		x	x		1,0
  342,	x	x	x	x	x,		x	x		1,0
  345,	x	x	x	x	x,		x	x		1,a
  348,	x	x	x	x	x,		1,10023		x	x
  349,	x	x	x	x	x,		x	x		1,0
  350,	x	x	x	x	x,		x	x		1,0
  353,	x	x	x	x	x,		x	x		1,48
  356,	x	x	x	x	x,		1,10024		x	x
  357,	x	x	x	x	x,		x	x		1,0
  358,	x	x	x	x	x,		x	x		1,0
  361,	x	x	x	x	x,		x	x		1,65
  364,	x	x	x	x	x,		1,10025		x	x
  365,	x	x	x	x	x,		x	x		1,0
  366,	x	x	x	x	x,		x	x		1,0
  369,	x	x	x	x	x,		x	x		1,6c
  372,	x	x	x	x	x,		1,10026		x	x
  373,	x	x	x	x	x,		x	x		1,0
  374,	x	x	x	x	x,		x	x		1,0
  377,	x	x	x	x	x,		x	x		1,6c
  380,	x	x	x	x	x,		1,10027		x	x
  381,	x	x	x	x	x,		x	x		1,0
  382,	x	x	x	x	x,		x	x		1,0
  385,	x	x	x	x	x,		x	x		1,6f
  388,	x	x	x	x	x,		1,10028		x	x
  389,	x	x	x	x	x,		x	x		1,0
  390,	x	x	x	x	x,		x	x		1,0
  393,	x	x	x	x	x,		x	x		1,20
  396,	x	x	x	x	x,		1,10029		x	x
  397,	x	x	x	x	x,		x	x		1,0
  398,	x	x	x	x	x,		x	x		1,0
  401,	x	x	x	x	x,		x	x		1,57
  404,	x	x	x	x	x,		1,1002a		x	x
  405,	x	x	x	x	x,		x	x		1,0
  406,	x	x	x	x	x,		x	x		1,0
  409,	x	x	x	x	x,		x	x		1,6f
  412,	x	x	x	x	x,		1,1002b		x	x
  413,	x	x	x	x	x,		x	x		1,0
  414,	x	x	x	x	x,		x	x		1,0
  417,	x	x	x	x	x,		x	x		1,72
  420,	x	x	x	x	x,		1,1002c		x	x
  421,	x	x	x	x	x,		x	x		1,0
  422,	x	x	x	x	x,		x	x		1,0
  425,	x	x	x	x	x,		x	x		1,6c
  428,	x	x	x	x	x,		1,1002d		x	x
  429,	x	x	x	x	x,		x	x		1,0
  430,	x	x	x	x	x,		x	x		1,0
  433,	x	x	x	x	x,		x	x		1,64
  436,	x	x	x	x	x,		1,1002e		x	x
  437,	x	x	x	x	x,		x	x		1,0
  438,	x	x	x	x	x,		x	x		1,0
  441,	x	x	x	x	x,		x	x		1,20
  444,	x	x	x	x	x,		1,1002f		x	x
  445,	x	x	x	x	x,		x	x		1,0
  446,	x	x	x	x	x,		x	x		1,0
  449,	x	x	x	x	x,		x	x		1,66
  452,	x	x	x	x	x,		1,10030		x	x
  453,	x	x	x	x	x,		x	x		1,0
  454,	x	x	x	x	x,		x	x		1,0
  457,	x	x	x	x	x,		x	x		1,72
  460,	x	x	x	x	x,		1,10031		x	x
  461,	x	x	x	x	x,		x	x		1,0
  462,	x	x	x	x	x,		x	x		1,0
  465,	x	x	x	x	x,		x	x		1,6f
  468,	x	x	x	x	x,		1,10032		x	x
  469,	x	x	x	x	x,		x	x		1,0
  470,	x	x	x	x	x,		x	x		1,0
  473,	x	x	x	x	x,		x	x		1,6d
  476,	x	x	x	x	x,		1,10033		x	x
  477,	x	x	x	x	x,		x	x		1,0
  478,	x	x	x	x	x,		x	x		1,0
  481,	x	x	x	x	x,		x	x		1,20
  484,	x	x	x	x	x,		1,10034		x	x
  485,	x	x	x	x	x,		x	x		1,0
  486,	x	x	x	x	x,		x	x		1,0
  489,	x	x	x	x	x,		x	x		1,51
  492,	x	x	x	x	x,		1,10035		x	x
  493,	x	x	x	x	x,		x	x		1,0
  494,	x	x	x	x	x,		x	x		1,0
  497,	x	x	x	x	x,		x	x		1,75
  500,	x	x	x	x	x,		1,10036		x	x
  501,	x	x	x	x	x,		x	x		1,0
  502,	x	x	x	x	x,		x	x		1,0
  505,	x	x	x	x	x,		x	x		1,61
  508,	x	x	x	x	x,		1,10037		x	x
  509,	x	x	x	x	x,		x	x		1,0
  510,	x	x	x	x	x,		x	x		1,0
  513,	x	x	x	x	x,		x	x		1,73
  516,	x	x	x	x	x,		1,10038		x	x
  517,	x	x	x	x	x,		x	x		1,0
  518,	x	x	x	x	x,		x	x		1,0
  521,	x	x	x	x	x,		x	x		1,61
  524,	x	x	x	x	x,		1,10039		x	x
  525,	x	x	x	x	x,		x	x		1,0
  526,	x	x	x	x	x,		x	x		1,0
  529,	x	x	x	x	x,		x	x		1,72
  532,	x	x	x	x	x,		1,1003a		x	x
  533,	x	x	x	x	x,		x	x		1,0
  534,	x	x	x	x	x,		x	x		1,0
  537,	x	x	x	x	x,		x	x		1,20
  540,	x	x	x	x	x,		1,1003b		x	x
  541,	x	x	x	x	x,		x	x		1,0
  542,	x	x	x	x	x,		x	x		1,0
  545,	x	x	x	x	x,		x	x		1,40
  548,	x	x	x	x	x,		1,1003c		x	x
  549,	x	x	x	x	x,		x	x		1,0
  550,	x	x	x	x	x,		x	x		1,0
  553,	x	x	x	x	x,		x	x		1,4c
  556,	x	x	x	x	x,		1,1003d		x	x
  557,	x	x	x	x	x,		x	x		1,0
  558,	x	x	x	x	x,		x	x		1,0
  561,	x	x	x	x	x,		x	x		1,4d
  564,	x	x	x	x	x,		1,1003e		x	x
  565,	x	x	x	x	x,		x	x		1,0
  566,	x	x	x	x	x,		x	x		1,0
  569,	x	x	x	x	x,		x	x		1,20
  572,	x	x	x	x	x,		1,1003f		x	x
  573,	x	x	x	x	x,		x	x		1,0
  574,	x	x	x	x	x,		x	x		1,0
  577,	x	x	x	x	x,		x	x		1,21
  580,	x	x	x	x	x,		1,10040		x	x
  581,	x	x	x	x	x,		x	x		1,0
  582,	x	x	x	x	x,		x	x		1,0
  585,	x	x	x	x	x,		x	x		1,21
  588,	x	x	x	x	x,		1,10041		x	x
  589,	x	x	x	x	x,		x	x		1,0
  590,	x	x	x	x	x,		x	x		1,0
  593,	x	x	x	x	x,		x	x		1,a
  596,	x	x	x	x	x,		1,10042		x	x
  597,	x	x	x	x	x,		x	x		1,0
  598,	x	x	x	x	x,		x	x		1,0
  601,	x	x	x	x	x,		x	x		1,2d
  604,	x	x	x	x	x,		1,10043		x	x
  605,	x	x	x	x	x,		x	x		1,0
  606,	x	x	x	x	x,		x	x		1,0
  609,	x	x	x	x	x,		x	x		1,2d
  612,	x	x	x	x	x,		1,10044		x	x
  613,	x	x	x	x	x,		x	x		1,0
  614,	x	x	x	x	x,		x	x		1,0
  617,	x	x	x	x	x,		x	x		1,2d
  620,	x	x	x	x	x,		1,10045		x	x
  621,	x	x	x	x	x,		x	x		1,0
  622,	x	x	x	x	x,		x	x		1,0
  625,	x	x	x	x	x,		x	x		1,2d
  628,	x	x	x	x	x,		1,10046		x	x
  629,	x	x	x	x	x,		x	x		1,0
  630,	x	x	x	x	x,		x	x		1,0
  633,	x	x	x	x	x,		x	x		1,2d
  636,	x	x	x	x	x,		1,10047		x	x
  637,	x	x	x	x	x,		x	x		1,0
  638,	x	x	x	x	x,		x	x		1,0
  641,	x	x	x	x	x,		x	x		1,2d
  644,	x	x	x	x	x,		1,10048		x	x
  645,	x	x	x	x	x,		x	x		1,0
  646,	x	x	x	x	x,		x	x		1,0
  649,	x	x	x	x	x,		x	x		1,2d
  652,	x	x	x	x	x,		1,10049		x	x
  653,	x	x	x	x	x,		x	x		1,0
  654,	x	x	x	x	x,		x	x		1,0
  657,	x	x	x	x	x,		x	x		1,2d
  660,	x	x	x	x	x,		1,1004a		x	x
  661,	x	x	x	x	x,		x	x		1,0
  662,	x	x	x	x	x,		x	x		1,0
  665,	x	x	x	x	x,		x	x		1,2d
  668,	x	x	x	x	x,		1,1004b		x	x
  669,	x	x	x	x	x,		x	x		1,0
  670,	x	x	x	x	x,		x	x		1,0
  673,	x	x	x	x	x,		x	x		1,2d
  676,	x	x	x	x	x,		1,1004c		x	x
  677,	x	x	x	x	x,		x	x		1,0
  678,	x	x	x	x	x,		x	x		1,0
  681,	x	x	x	x	x,		x	x		1,2d
  684,	x	x	x	x	x,		1,1004d		x	x
  685,	x	x	x	x	x,		x	x		1,0
  686,	x	x	x	x	x,		x	x		1,0
  689,	x	x	x	x	x,		x	x		1,2d
  692,	x	x	x	x	x,		1,1004e		x	x
  693,	x	x	x	x	x,		x	x		1,0
  694,	x	x	x	x	x,		x	x		1,0
  697,	x	x	x	x	x,		x	x		1,2d
  700,	x	x	x	x	x,		1,1004f		x	x
  701,	x	x	x	x	x,		x	x		1,0
  702,	x	x	x	x	x,		x	x		1,0
  705,	x	x	x	x	x,		x	x		1,2d
  708,	x	x	x	x	x,		1,10050		x	x
  709,	x	x	x	x	x,		x	x		1,0
  710,	x	x	x	x	x,		x	x		1,0
  713,	x	x	x	x	x,		x	x		1,2d
  716,	x	x	x	x	x,		1,10051		x	x
  717,	x	x	x	x	x,		x	x		1,0
  718,	x	x	x	x	x,		x	x		1,0
  721,	x	x	x	x	x,		x	x		1,2d
  724,	x	x	x	x	x,		1,10052		x	x
  725,	x	x	x	x	x,		x	x		1,0
  726,	x	x	x	x	x,		x	x		1,0
  729,	x	x	x	x	x,		x	x		1,2d
  732,	x	x	x	x	x,		1,10053		x	x
  733,	x	x	x	x	x,		x	x		1,0
  734,	x	x	x	x	x,		x	x		1,0
  737,	x	x	x	x	x,		x	x		1,2d
  740,	x	x	x	x	x,		1,10054		x	x
  741,	x	x	x	x	x,		x	x		1,0
  742,	x	x	x	x	x,		x	x		1,0
  745,	x	x	x	x	x,		x	x		1,2d
  748,	x	x	x	x	x,		1,10055		x	x
  749,	x	x	x	x	x,		x	x		1,0
  750,	x	x	x	x	x,		x	x		1,0
  753,	x	x	x	x	x,		x	x		1,2d
  756,	x	x	x	x	x,		1,10056		x	x
  757,	x	x	x	x	x,		x	x		1,0
  758,	x	x	x	x	x,		x	x		1,0
  761,	x	x	x	x	x,		x	x		1,2d
  764,	x	x	x	x	x,		1,10057		x	x
  765,	x	x	x	x	x,		x	x		1,0
  766,	x	x	x	x	x,		x	x		1,0
  769,	x	x	x	x	x,		x	x		1,2d
  772,	x	x	x	x	x,		1,10058		x	x
  773,	x	x	x	x	x,		x	x		1,0
  774,	x	x	x	x	x,		x	x		1,0
  777,	x	x	x	x	x,		x	x		1,2d
  780,	x	x	x	x	x,		1,10059		x	x
  781,	x	x	x	x	x,		x	x		1,0
  782,	x	x	x	x	x,		x	x		1,0
  785,	x	x	x	x	x,		x	x		1,2d
  788,	x	x	x	x	x,		1,1005a		x	x
  789,	x	x	x	x	x,		x	x		1,0
  790,	x	x	x	x	x,		x	x		1,0
  793,	x	x	x	x	x,		x	x		1,2d
  796,	x	x	x	x	x,		1,1005b		x	x
  797,	x	x	x	x	x,		x	x		1,0
  798,	x	x	x	x	x,		x	x		1,0
  801,	x	x	x	x	x,		x	x		1,2d
  804,	x	x	x	x	x,		1,1005c		x	x
  805,	x	x	x	x	x,		x	x		1,0
  806,	x	x	x	x	x,		x	x		1,0
  809,	x	x	x	x	x,		x	x		1,2d
  812,	x	x	x	x	x,		1,1005d		x	x
  813,	x	x	x	x	x,		x	x		1,0
  814,	x	x	x	x	x,		x	x		1,0
  817,	x	x	x	x	x,		x	x		1,2d
  820,	x	x	x	x	x,		1,1005e		x	x
  821,	x	x	x	x	x,		x	x		1,0
  822,	x	x	x	x	x,		x	x		1,0
  825,	x	x	x	x	x,		x	x		1,2d
  828,	x	x	x	x	x,		1,1005f		x	x
  829,	x	x	x	x	x,		x	x		1,0
  830,	x	x	x	x	x,		x	x		1,0
  833,	x	x	x	x	x,		x	x		1,2d
  836,	x	x	x	x	x,		1,10060		x	x
  837,	x	x	x	x	x,		x	x		1,0
  838,	x	x	x	x	x,		x	x		1,0
  841,	x	x	x	x	x,		x	x		1,2d
  844,	x	x	x	x	x,		1,10061		x	x
  845,	x	x	x	x	x,		x	x		1,0
  846,	x	x	x	x	x,		x	x		1,0
  849,	x	x	x	x	x,		x	x		1,2d
  852,	x	x	x	x	x,		1,10062		x	x
  853,	x	x	x	x	x,		x	x		1,0
  854,	x	x	x	x	x,		x	x		1,0
  857,	x	x	x	x	x,		x	x		1,2d
  860,	x	x	x	x	x,		1,10063		x	x
  861,	x	x	x	x	x,		x	x		1,0
  862,	x	x	x	x	x,		x	x		1,0
  865,	x	x	x	x	x,		x	x		1,2d
  868,	x	x	x	x	x,		1,10064		x	x
  869,	x	x	x	x	x,		x	x		1,0
  870,	x	x	x	x	x,		x	x		1,0
  873,	x	x	x	x	x,		x	x		1,a
  876,	x	x	x	x	x,		1,10065		x	x
  877,	x	x	x	x	x,		x	x		1,0
  878,	x	x	x	x	x,		x	x		1,0
  881,	x	x	x	x	x,		x	x		1,0
