cycleCnt,inst_valid,inst,inst_pc	iccm wen,iccm waddr,iccm wdata, iccm ren,iccm raddr, iccm rdata	ic wen,ic waddr,ic wdata0,ic wdata1	ic ren,ic raddr,ic rdata	iccm dma rvalid,iccm dma rdata
   13,1,b0201073,0		x	x	x		x	x	x		x	x	x	x		x	x	x		x	x
   19,1,b8201073,2		x	x	x		x	x	x		x	x	x	x		x	x	x		x	x
   25,1,ee0000b7,4		x	x	x		x	x	x		x	x	x	x		x	x	x		x	x
   30,1,30509073,6		x	x	x		x	x	x		x	x	x	x		x	x	x		x	x
   35,1,5f5550b7,8		x	x	x		x	x	x		x	x	x	x		x	x	x		x	x
   41,1,55508093,a		x	x	x		x	x	x		x	x	x	x		x	x	x		x	x
   47,1,7c009073,c		x	x	x		x	x	x		x	x	x	x		x	x	x		x	x
   52,1,d05801b7,e		x	x	x		x	x	x		x	x	x	x	1,10,fe02021300010217		x	x
   53,x	x	x		x	x	x		x	x	x		x	x	x	x	1,10,0		x	x
   56,x	x	x		x	x	x		x	x	x		x	x	x	x	1,12,fe02021300010217		x	x
   57,1,10217,10		x	x	x		x	x	x	1,14,7dfe02021300010217	1014593864414951244419	x	x	x		x	x
   58,1,fe020213,12		x	x	x		x	x	x		x	x	x	x		x	x	x		x	x
   59,1,20283,14		x	x	x		x	x	x	1,1c,1901b7fe029be30205	1835460904481795067992	x	x	x		x	x
   60,1,518023,16		x	x	x		x	x	x		x	x	x	x		x	x	x		x	x
   61,1,518023,16		x	x	x		x	x	x	1,4,9b8201073b0201073	 353969578740027490487	x	x	x		x	x
   62,1,518023,16		x	x	x		x	x	x		x	x	x	x		x	x	x		x	x
   63,1,518023,16		x	x	x		x	x	x	1,c,40555080935f5550b7	2099494831574589935731	x	x	x		x	x
   64,1,518023,16		x	x	x		x	x	x		x	x	x	x	1,1c,0		x	x
   65,1,120213,18		x	x	x		x	x	x		x	x	x	x		x	x	x		x	x
   66,1,fe029be3,19		x	x	x		x	x	x		x	x	x	x	1,14,0		x	x
   67,x	x	x		x	x	x		x	x	x		x	x	x	x	1,16,51802300020283		x	x
   68,1,20283,14		x	x	x		x	x	x		x	x	x	x	1,18,518023		x	x
   69,1,518023,16		x	x	x		x	x	x		x	x	x	x	1,1a,1b7fe029be30205		x	x
   70,1,518023,16		x	x	x		x	x	x		x	x	x	x		x	x	x		x	x
   71,1,518023,16		x	x	x		x	x	x		x	x	x	x		x	x	x		x	x
   72,1,518023,16		x	x	x		x	x	x		x	x	x	x		x	x	x		x	x
   73,1,518023,16		x	x	x		x	x	x		x	x	x	x	1,14,0		x	x
   74,1,120213,18		x	x	x		x	x	x		x	x	x	x		x	x	x		x	x
   75,1,fe029be3,19		x	x	x		x	x	x		x	x	x	x	1,16,0		x	x
   76,1,20283,14		x	x	x		x	x	x		x	x	x	x	1,18,9be3020500518023		x	x
   77,1,518023,16		x	x	x		x	x	x		x	x	x	x	1,1a,1b7fe029be30205		x	x
   78,1,518023,16		x	x	x		x	x	x		x	x	x	x		x	x	x		x	x
   79,1,518023,16		x	x	x		x	x	x		x	x	x	x		x	x	x		x	x
   80,1,518023,16		x	x	x		x	x	x		x	x	x	x		x	x	x		x	x
   81,1,518023,16		x	x	x		x	x	x		x	x	x	x	1,1c,0		x	x
   82,1,120213,18		x	x	x		x	x	x		x	x	x	x		x	x	x		x	x
   83,1,fe029be3,19		x	x	x		x	x	x		x	x	x	x	1,14,0		x	x
   84,x	x	x		x	x	x		x	x	x		x	x	x	x	1,16,51802300020283		x	x
   85,1,20283,14		x	x	x		x	x	x		x	x	x	x	1,18,9be3020500518023		x	x
   86,1,518023,16		x	x	x		x	x	x		x	x	x	x	1,1a,1b7fe029be30205		x	x
   87,1,518023,16		x	x	x		x	x	x		x	x	x	x		x	x	x		x	x
   88,1,518023,16		x	x	x		x	x	x		x	x	x	x		x	x	x		x	x
   89,1,518023,16		x	x	x		x	x	x		x	x	x	x		x	x	x		x	x
   90,1,518023,16		x	x	x		x	x	x		x	x	x	x	1,1c,0		x	x
   91,1,120213,18		x	x	x		x	x	x		x	x	x	x		x	x	x		x	x
   92,1,fe029be3,19		x	x	x		x	x	x		x	x	x	x	1,14,0		x	x
   93,x	x	x		x	x	x		x	x	x		x	x	x	x	1,16,51802300020283		x	x
   94,1,20283,14		x	x	x		x	x	x		x	x	x	x	1,18,9be3020500518023		x	x
   95,1,518023,16		x	x	x		x	x	x		x	x	x	x	1,1a,1b7fe029be30205		x	x
   96,1,518023,16		x	x	x		x	x	x		x	x	x	x		x	x	x		x	x
   97,1,518023,16		x	x	x		x	x	x		x	x	x	x		x	x	x		x	x
   98,1,518023,16		x	x	x		x	x	x		x	x	x	x		x	x	x		x	x
   99,1,518023,16		x	x	x		x	x	x		x	x	x	x	1,1c,0		x	x
  100,1,120213,18		x	x	x		x	x	x		x	x	x	x		x	x	x		x	x
  101,1,fe029be3,19		x	x	x		x	x	x		x	x	x	x	1,14,0		x	x
  102,x	x	x		x	x	x		x	x	x		x	x	x	x	1,16,51802300020283		x	x
  103,1,20283,14		x	x	x		x	x	x		x	x	x	x	1,18,9be3020500518023		x	x
  104,1,518023,16		x	x	x		x	x	x		x	x	x	x	1,1a,1b7fe029be30205		x	x
  105,1,518023,16		x	x	x		x	x	x		x	x	x	x		x	x	x		x	x
  106,1,518023,16		x	x	x		x	x	x		x	x	x	x		x	x	x		x	x
  107,1,518023,16		x	x	x		x	x	x		x	x	x	x		x	x	x		x	x
  108,1,518023,16		x	x	x		x	x	x		x	x	x	x	1,1c,0		x	x
  109,1,120213,18		x	x	x		x	x	x		x	x	x	x		x	x	x		x	x
  110,1,fe029be3,19		x	x	x		x	x	x		x	x	x	x	1,14,0		x	x
  111,x	x	x		x	x	x		x	x	x		x	x	x	x	1,16,51802300020283		x	x
  112,1,20283,14		x	x	x		x	x	x		x	x	x	x	1,18,9be3020500518023		x	x
  113,1,518023,16		x	x	x		x	x	x		x	x	x	x	1,1a,1b7fe029be30205		x	x
  114,1,518023,16		x	x	x		x	x	x		x	x	x	x		x	x	x		x	x
  115,1,518023,16		x	x	x		x	x	x		x	x	x	x		x	x	x		x	x
  116,1,518023,16		x	x	x		x	x	x		x	x	x	x		x	x	x		x	x
  117,1,518023,16		x	x	x		x	x	x		x	x	x	x	1,1c,0		x	x
  118,1,120213,18		x	x	x		x	x	x		x	x	x	x		x	x	x		x	x
  119,1,fe029be3,19		x	x	x		x	x	x		x	x	x	x	1,14,0		x	x
  120,x	x	x		x	x	x		x	x	x		x	x	x	x	1,16,51802300020283		x	x
  121,1,20283,14		x	x	x		x	x	x		x	x	x	x	1,18,9be3020500518023		x	x
  122,1,518023,16		x	x	x		x	x	x		x	x	x	x	1,1a,1b7fe029be30205		x	x
  123,1,518023,16		x	x	x		x	x	x		x	x	x	x		x	x	x		x	x
  124,1,518023,16		x	x	x		x	x	x		x	x	x	x		x	x	x		x	x
  125,1,518023,16		x	x	x		x	x	x		x	x	x	x		x	x	x		x	x
  126,1,518023,16		x	x	x		x	x	x		x	x	x	x	1,1c,0		x	x
  127,1,120213,18		x	x	x		x	x	x		x	x	x	x		x	x	x		x	x
  128,1,fe029be3,19		x	x	x		x	x	x		x	x	x	x	1,14,0		x	x
  129,x	x	x		x	x	x		x	x	x		x	x	x	x	1,16,51802300020283		x	x
  130,1,20283,14		x	x	x		x	x	x		x	x	x	x	1,18,9be3020500518023		x	x
  131,1,518023,16		x	x	x		x	x	x		x	x	x	x	1,1a,1b7fe029be30205		x	x
  132,1,518023,16		x	x	x		x	x	x		x	x	x	x		x	x	x		x	x
  133,1,518023,16		x	x	x		x	x	x		x	x	x	x		x	x	x		x	x
  134,1,518023,16		x	x	x		x	x	x		x	x	x	x		x	x	x		x	x
  135,1,518023,16		x	x	x		x	x	x		x	x	x	x	1,1c,0		x	x
  136,1,120213,18		x	x	x		x	x	x		x	x	x	x		x	x	x		x	x
  137,1,fe029be3,19		x	x	x		x	x	x		x	x	x	x	1,14,0		x	x
  138,x	x	x		x	x	x		x	x	x		x	x	x	x	1,16,51802300020283		x	x
  139,1,20283,14		x	x	x		x	x	x		x	x	x	x	1,18,9be3020500518023		x	x
  140,1,518023,16		x	x	x		x	x	x		x	x	x	x	1,1a,1b7fe029be30205		x	x
  141,1,518023,16		x	x	x		x	x	x		x	x	x	x		x	x	x		x	x
  142,1,518023,16		x	x	x		x	x	x		x	x	x	x		x	x	x		x	x
  143,1,518023,16		x	x	x		x	x	x		x	x	x	x		x	x	x		x	x
  144,1,518023,16		x	x	x		x	x	x		x	x	x	x	1,1c,0		x	x
  145,1,120213,18		x	x	x		x	x	x		x	x	x	x		x	x	x		x	x
  146,1,fe029be3,19		x	x	x		x	x	x		x	x	x	x	1,14,0		x	x
  147,x	x	x		x	x	x		x	x	x		x	x	x	x	1,16,51802300020283		x	x
  148,1,20283,14		x	x	x		x	x	x		x	x	x	x	1,18,9be3020500518023		x	x
  149,1,518023,16		x	x	x		x	x	x		x	x	x	x	1,1a,1b7fe029be30205		x	x
  150,1,518023,16		x	x	x		x	x	x		x	x	x	x		x	x	x		x	x
  151,1,518023,16		x	x	x		x	x	x		x	x	x	x		x	x	x		x	x
  152,1,518023,16		x	x	x		x	x	x		x	x	x	x		x	x	x		x	x
  153,1,518023,16		x	x	x		x	x	x		x	x	x	x	1,14,0		x	x
  154,1,120213,18		x	x	x		x	x	x		x	x	x	x		x	x	x		x	x
  155,1,fe029be3,19		x	x	x		x	x	x		x	x	x	x	1,16,0		x	x
  156,1,20283,14		x	x	x		x	x	x		x	x	x	x	1,18,9be3020500518023		x	x
  157,1,518023,16		x	x	x		x	x	x		x	x	x	x	1,1a,1b7fe029be30205		x	x
  158,1,518023,16		x	x	x		x	x	x		x	x	x	x		x	x	x		x	x
  159,1,518023,16		x	x	x		x	x	x		x	x	x	x		x	x	x		x	x
  160,1,518023,16		x	x	x		x	x	x		x	x	x	x		x	x	x		x	x
  161,1,518023,16		x	x	x		x	x	x		x	x	x	x	1,14,0		x	x
  162,1,120213,18		x	x	x		x	x	x		x	x	x	x		x	x	x		x	x
  163,1,fe029be3,19		x	x	x		x	x	x		x	x	x	x	1,16,0		x	x
  164,1,20283,14		x	x	x		x	x	x		x	x	x	x	1,18,9be3020500518023		x	x
  165,1,518023,16		x	x	x		x	x	x		x	x	x	x	1,1a,1b7fe029be30205		x	x
  166,1,518023,16		x	x	x		x	x	x		x	x	x	x		x	x	x		x	x
  167,1,518023,16		x	x	x		x	x	x		x	x	x	x		x	x	x		x	x
  168,1,518023,16		x	x	x		x	x	x		x	x	x	x		x	x	x		x	x
  169,1,518023,16		x	x	x		x	x	x		x	x	x	x	1,14,0		x	x
  170,1,120213,18		x	x	x		x	x	x		x	x	x	x		x	x	x		x	x
  171,1,fe029be3,19		x	x	x		x	x	x		x	x	x	x	1,16,0		x	x
  172,1,20283,14		x	x	x		x	x	x		x	x	x	x	1,18,9be3020500518023		x	x
  173,1,518023,16		x	x	x		x	x	x		x	x	x	x	1,1a,1b7fe029be30205		x	x
  174,1,518023,16		x	x	x		x	x	x		x	x	x	x		x	x	x		x	x
  175,1,518023,16		x	x	x		x	x	x		x	x	x	x		x	x	x		x	x
  176,1,518023,16		x	x	x		x	x	x		x	x	x	x		x	x	x		x	x
  177,1,518023,16		x	x	x		x	x	x		x	x	x	x	1,14,0		x	x
  178,1,120213,18		x	x	x		x	x	x		x	x	x	x		x	x	x		x	x
  179,1,fe029be3,19		x	x	x		x	x	x		x	x	x	x	1,16,0		x	x
  180,1,20283,14		x	x	x		x	x	x		x	x	x	x	1,18,9be3020500518023		x	x
  181,1,518023,16		x	x	x		x	x	x		x	x	x	x	1,1a,1b7fe029be30205		x	x
  182,1,518023,16		x	x	x		x	x	x		x	x	x	x		x	x	x		x	x
  183,1,518023,16		x	x	x		x	x	x		x	x	x	x		x	x	x		x	x
  184,1,518023,16		x	x	x		x	x	x		x	x	x	x		x	x	x		x	x
  185,1,518023,16		x	x	x		x	x	x		x	x	x	x	1,14,0		x	x
  186,1,120213,18		x	x	x		x	x	x		x	x	x	x		x	x	x		x	x
  187,1,fe029be3,19		x	x	x		x	x	x		x	x	x	x	1,16,0		x	x
  188,1,20283,14		x	x	x		x	x	x		x	x	x	x	1,18,9be3020500518023		x	x
  189,1,518023,16		x	x	x		x	x	x		x	x	x	x	1,1a,1b7fe029be30205		x	x
  190,1,518023,16		x	x	x		x	x	x		x	x	x	x		x	x	x		x	x
  191,1,518023,16		x	x	x		x	x	x		x	x	x	x		x	x	x		x	x
  192,1,518023,16		x	x	x		x	x	x		x	x	x	x		x	x	x		x	x
  193,1,518023,16		x	x	x		x	x	x		x	x	x	x	1,14,0		x	x
  194,1,120213,18		x	x	x		x	x	x		x	x	x	x		x	x	x		x	x
  195,1,fe029be3,19		x	x	x		x	x	x		x	x	x	x	1,16,0		x	x
  196,1,20283,14		x	x	x		x	x	x		x	x	x	x	1,18,9be3020500518023		x	x
  197,1,518023,16		x	x	x		x	x	x		x	x	x	x	1,1a,1b7fe029be30205		x	x
  198,1,518023,16		x	x	x		x	x	x		x	x	x	x		x	x	x		x	x
  199,1,518023,16		x	x	x		x	x	x		x	x	x	x		x	x	x		x	x
  200,1,518023,16		x	x	x		x	x	x		x	x	x	x		x	x	x		x	x
  201,1,518023,16		x	x	x		x	x	x		x	x	x	x	1,14,0		x	x
  202,1,120213,18		x	x	x		x	x	x		x	x	x	x		x	x	x		x	x
  203,1,fe029be3,19		x	x	x		x	x	x		x	x	x	x	1,16,0		x	x
  204,1,20283,14		x	x	x		x	x	x		x	x	x	x	1,18,9be3020500518023		x	x
  205,1,518023,16		x	x	x		x	x	x		x	x	x	x	1,1a,1b7fe029be30205		x	x
  206,1,518023,16		x	x	x		x	x	x		x	x	x	x		x	x	x		x	x
  207,1,518023,16		x	x	x		x	x	x		x	x	x	x		x	x	x		x	x
  208,1,518023,16		x	x	x		x	x	x		x	x	x	x		x	x	x		x	x
  209,1,518023,16		x	x	x		x	x	x		x	x	x	x	1,14,0		x	x
  210,1,120213,18		x	x	x		x	x	x		x	x	x	x		x	x	x		x	x
  211,1,fe029be3,19		x	x	x		x	x	x		x	x	x	x	1,16,0		x	x
  212,1,20283,14		x	x	x		x	x	x		x	x	x	x	1,18,9be3020500518023		x	x
  213,1,518023,16		x	x	x		x	x	x		x	x	x	x	1,1a,1b7fe029be30205		x	x
  214,1,518023,16		x	x	x		x	x	x		x	x	x	x		x	x	x		x	x
  215,1,518023,16		x	x	x		x	x	x		x	x	x	x		x	x	x		x	x
  216,1,518023,16		x	x	x		x	x	x		x	x	x	x		x	x	x		x	x
  217,1,518023,16		x	x	x		x	x	x		x	x	x	x	1,14,0		x	x
  218,1,120213,18		x	x	x		x	x	x		x	x	x	x		x	x	x		x	x
  219,1,fe029be3,19		x	x	x		x	x	x		x	x	x	x	1,16,0		x	x
  220,1,20283,14		x	x	x		x	x	x		x	x	x	x	1,18,9be3020500518023		x	x
  221,1,518023,16		x	x	x		x	x	x		x	x	x	x	1,1a,1b7fe029be30205		x	x
  222,1,518023,16		x	x	x		x	x	x		x	x	x	x		x	x	x		x	x
  223,1,518023,16		x	x	x		x	x	x		x	x	x	x		x	x	x		x	x
  224,1,518023,16		x	x	x		x	x	x		x	x	x	x		x	x	x		x	x
  225,1,518023,16		x	x	x		x	x	x		x	x	x	x	1,14,0		x	x
  226,1,120213,18		x	x	x		x	x	x		x	x	x	x		x	x	x		x	x
  227,1,fe029be3,19		x	x	x		x	x	x		x	x	x	x	1,16,0		x	x
  228,1,20283,14		x	x	x		x	x	x		x	x	x	x	1,18,9be3020500518023		x	x
  229,1,518023,16		x	x	x		x	x	x		x	x	x	x	1,1a,1b7fe029be30205		x	x
  230,1,518023,16		x	x	x		x	x	x		x	x	x	x		x	x	x		x	x
  231,1,518023,16		x	x	x		x	x	x		x	x	x	x		x	x	x		x	x
  232,1,518023,16		x	x	x		x	x	x		x	x	x	x		x	x	x		x	x
  233,1,518023,16		x	x	x		x	x	x		x	x	x	x	1,14,0		x	x
  234,1,120213,18		x	x	x		x	x	x		x	x	x	x		x	x	x		x	x
  235,1,fe029be3,19		x	x	x		x	x	x		x	x	x	x	1,16,0		x	x
  236,1,20283,14		x	x	x		x	x	x		x	x	x	x	1,18,9be3020500518023		x	x
  237,1,518023,16		x	x	x		x	x	x		x	x	x	x	1,1a,1b7fe029be30205		x	x
  238,1,518023,16		x	x	x		x	x	x		x	x	x	x		x	x	x		x	x
  239,1,518023,16		x	x	x		x	x	x		x	x	x	x		x	x	x		x	x
  240,1,518023,16		x	x	x		x	x	x		x	x	x	x		x	x	x		x	x
  241,1,518023,16		x	x	x		x	x	x		x	x	x	x	1,14,0		x	x
  242,1,120213,18		x	x	x		x	x	x		x	x	x	x		x	x	x		x	x
  243,1,fe029be3,19		x	x	x		x	x	x		x	x	x	x	1,16,0		x	x
  244,1,20283,14		x	x	x		x	x	x		x	x	x	x	1,18,9be3020500518023		x	x
  245,1,518023,16		x	x	x		x	x	x		x	x	x	x	1,1a,1b7fe029be30205		x	x
  246,1,518023,16		x	x	x		x	x	x		x	x	x	x		x	x	x		x	x
  247,1,518023,16		x	x	x		x	x	x		x	x	x	x		x	x	x		x	x
  248,1,518023,16		x	x	x		x	x	x		x	x	x	x		x	x	x		x	x
  249,1,518023,16		x	x	x		x	x	x		x	x	x	x	1,14,0		x	x
  250,1,120213,18		x	x	x		x	x	x		x	x	x	x		x	x	x		x	x
  251,1,fe029be3,19		x	x	x		x	x	x		x	x	x	x	1,16,0		x	x
  252,1,20283,14		x	x	x		x	x	x		x	x	x	x	1,18,9be3020500518023		x	x
  253,1,518023,16		x	x	x		x	x	x		x	x	x	x	1,1a,1b7fe029be30205		x	x
  254,1,518023,16		x	x	x		x	x	x		x	x	x	x		x	x	x		x	x
  255,1,518023,16		x	x	x		x	x	x		x	x	x	x		x	x	x		x	x
  256,1,518023,16		x	x	x		x	x	x		x	x	x	x		x	x	x		x	x
  257,1,518023,16		x	x	x		x	x	x		x	x	x	x	1,14,0		x	x
  258,1,120213,18		x	x	x		x	x	x		x	x	x	x		x	x	x		x	x
  259,1,fe029be3,19		x	x	x		x	x	x		x	x	x	x	1,16,0		x	x
  260,1,20283,14		x	x	x		x	x	x		x	x	x	x	1,18,9be3020500518023		x	x
  261,1,518023,16		x	x	x		x	x	x		x	x	x	x	1,1a,1b7fe029be30205		x	x
  262,1,518023,16		x	x	x		x	x	x		x	x	x	x		x	x	x		x	x
  263,1,518023,16		x	x	x		x	x	x		x	x	x	x		x	x	x		x	x
  264,1,518023,16		x	x	x		x	x	x		x	x	x	x		x	x	x		x	x
  265,1,518023,16		x	x	x		x	x	x		x	x	x	x	1,14,0		x	x
  266,1,120213,18		x	x	x		x	x	x		x	x	x	x		x	x	x		x	x
  267,1,fe029be3,19		x	x	x		x	x	x		x	x	x	x	1,16,0		x	x
  268,1,20283,14		x	x	x		x	x	x		x	x	x	x	1,18,9be3020500518023		x	x
  269,1,518023,16		x	x	x		x	x	x		x	x	x	x	1,1a,1b7fe029be30205		x	x
  270,1,518023,16		x	x	x		x	x	x		x	x	x	x		x	x	x		x	x
  271,1,518023,16		x	x	x		x	x	x		x	x	x	x		x	x	x		x	x
  272,1,518023,16		x	x	x		x	x	x		x	x	x	x		x	x	x		x	x
  273,1,518023,16		x	x	x		x	x	x		x	x	x	x	1,14,0		x	x
  274,1,120213,18		x	x	x		x	x	x		x	x	x	x		x	x	x		x	x
  275,1,fe029be3,19		x	x	x		x	x	x		x	x	x	x	1,16,0		x	x
  276,1,20283,14		x	x	x		x	x	x		x	x	x	x	1,18,9be3020500518023		x	x
  277,1,518023,16		x	x	x		x	x	x		x	x	x	x	1,1a,1b7fe029be30205		x	x
  278,1,518023,16		x	x	x		x	x	x		x	x	x	x		x	x	x		x	x
  279,1,518023,16		x	x	x		x	x	x		x	x	x	x		x	x	x		x	x
  280,1,518023,16		x	x	x		x	x	x		x	x	x	x		x	x	x		x	x
  281,1,518023,16		x	x	x		x	x	x		x	x	x	x	1,14,0		x	x
  282,1,120213,18		x	x	x		x	x	x		x	x	x	x		x	x	x		x	x
  283,1,fe029be3,19		x	x	x		x	x	x		x	x	x	x	1,16,0		x	x
  284,1,20283,14		x	x	x		x	x	x		x	x	x	x	1,18,9be3020500518023		x	x
  285,1,518023,16		x	x	x		x	x	x		x	x	x	x	1,1a,1b7fe029be30205		x	x
  286,1,518023,16		x	x	x		x	x	x		x	x	x	x		x	x	x		x	x
  287,1,518023,16		x	x	x		x	x	x		x	x	x	x		x	x	x		x	x
  288,1,518023,16		x	x	x		x	x	x		x	x	x	x		x	x	x		x	x
  289,1,518023,16		x	x	x		x	x	x		x	x	x	x	1,14,0		x	x
  290,1,120213,18		x	x	x		x	x	x		x	x	x	x		x	x	x		x	x
  291,1,fe029be3,19		x	x	x		x	x	x		x	x	x	x	1,16,0		x	x
  292,1,20283,14		x	x	x		x	x	x		x	x	x	x	1,18,9be3020500518023		x	x
  293,1,518023,16		x	x	x		x	x	x		x	x	x	x	1,1a,1b7fe029be30205		x	x
  294,1,518023,16		x	x	x		x	x	x		x	x	x	x		x	x	x		x	x
  295,1,518023,16		x	x	x		x	x	x		x	x	x	x		x	x	x		x	x
  296,1,518023,16		x	x	x		x	x	x		x	x	x	x		x	x	x		x	x
  297,1,518023,16		x	x	x		x	x	x		x	x	x	x	1,14,0		x	x
  298,1,120213,18		x	x	x		x	x	x		x	x	x	x		x	x	x		x	x
  299,1,fe029be3,19		x	x	x		x	x	x		x	x	x	x	1,16,0		x	x
  300,1,20283,14		x	x	x		x	x	x		x	x	x	x	1,18,9be3020500518023		x	x
  301,1,518023,16		x	x	x		x	x	x		x	x	x	x	1,1a,1b7fe029be30205		x	x
  302,1,518023,16		x	x	x		x	x	x		x	x	x	x		x	x	x		x	x
  303,1,518023,16		x	x	x		x	x	x		x	x	x	x		x	x	x		x	x
  304,1,518023,16		x	x	x		x	x	x		x	x	x	x		x	x	x		x	x
  305,1,518023,16		x	x	x		x	x	x		x	x	x	x	1,14,0		x	x
  306,1,120213,18		x	x	x		x	x	x		x	x	x	x		x	x	x		x	x
  307,1,fe029be3,19		x	x	x		x	x	x		x	x	x	x	1,16,0		x	x
  308,1,20283,14		x	x	x		x	x	x		x	x	x	x	1,18,9be3020500518023		x	x
  309,1,518023,16		x	x	x		x	x	x		x	x	x	x	1,1a,1b7fe029be30205		x	x
  310,1,518023,16		x	x	x		x	x	x		x	x	x	x		x	x	x		x	x
  311,1,518023,16		x	x	x		x	x	x		x	x	x	x		x	x	x		x	x
  312,1,518023,16		x	x	x		x	x	x		x	x	x	x		x	x	x		x	x
  313,1,518023,16		x	x	x		x	x	x		x	x	x	x	1,14,0		x	x
  314,1,120213,18		x	x	x		x	x	x		x	x	x	x		x	x	x		x	x
  315,1,fe029be3,19		x	x	x		x	x	x		x	x	x	x	1,16,0		x	x
  316,1,20283,14		x	x	x		x	x	x		x	x	x	x	1,18,9be3020500518023		x	x
  317,1,518023,16		x	x	x		x	x	x		x	x	x	x	1,1a,1b7fe029be30205		x	x
  318,1,518023,16		x	x	x		x	x	x		x	x	x	x		x	x	x		x	x
  319,1,518023,16		x	x	x		x	x	x		x	x	x	x		x	x	x		x	x
  320,1,518023,16		x	x	x		x	x	x		x	x	x	x		x	x	x		x	x
  321,1,518023,16		x	x	x		x	x	x		x	x	x	x	1,14,0		x	x
  322,1,120213,18		x	x	x		x	x	x		x	x	x	x		x	x	x		x	x
  323,1,fe029be3,19		x	x	x		x	x	x		x	x	x	x	1,16,0		x	x
  324,1,20283,14		x	x	x		x	x	x		x	x	x	x	1,18,9be3020500518023		x	x
  325,1,518023,16		x	x	x		x	x	x		x	x	x	x	1,1a,1b7fe029be30205		x	x
  326,1,518023,16		x	x	x		x	x	x		x	x	x	x		x	x	x		x	x
  327,1,518023,16		x	x	x		x	x	x		x	x	x	x		x	x	x		x	x
  328,1,518023,16		x	x	x		x	x	x		x	x	x	x		x	x	x		x	x
  329,1,518023,16		x	x	x		x	x	x		x	x	x	x	1,14,0		x	x
  330,1,120213,18		x	x	x		x	x	x		x	x	x	x		x	x	x		x	x
  331,1,fe029be3,19		x	x	x		x	x	x		x	x	x	x	1,16,0		x	x
  332,1,20283,14		x	x	x		x	x	x		x	x	x	x	1,18,9be3020500518023		x	x
  333,1,518023,16		x	x	x		x	x	x		x	x	x	x	1,1a,1b7fe029be30205		x	x
  334,1,518023,16		x	x	x		x	x	x		x	x	x	x		x	x	x		x	x
  335,1,518023,16		x	x	x		x	x	x		x	x	x	x		x	x	x		x	x
  336,1,518023,16		x	x	x		x	x	x		x	x	x	x		x	x	x		x	x
  337,1,518023,16		x	x	x		x	x	x		x	x	x	x	1,14,0		x	x
  338,1,120213,18		x	x	x		x	x	x		x	x	x	x		x	x	x		x	x
  339,1,fe029be3,19		x	x	x		x	x	x		x	x	x	x	1,16,0		x	x
  340,1,20283,14		x	x	x		x	x	x		x	x	x	x	1,18,9be3020500518023		x	x
  341,1,518023,16		x	x	x		x	x	x		x	x	x	x	1,1a,1b7fe029be30205		x	x
  342,1,518023,16		x	x	x		x	x	x		x	x	x	x		x	x	x		x	x
  343,1,518023,16		x	x	x		x	x	x		x	x	x	x		x	x	x		x	x
  344,1,518023,16		x	x	x		x	x	x		x	x	x	x		x	x	x		x	x
  345,1,518023,16		x	x	x		x	x	x		x	x	x	x	1,14,0		x	x
  346,1,120213,18		x	x	x		x	x	x		x	x	x	x		x	x	x		x	x
  347,1,fe029be3,19		x	x	x		x	x	x		x	x	x	x	1,16,0		x	x
  348,1,20283,14		x	x	x		x	x	x		x	x	x	x	1,18,9be3020500518023		x	x
  349,1,518023,16		x	x	x		x	x	x		x	x	x	x	1,1a,1b7fe029be30205		x	x
  350,1,518023,16		x	x	x		x	x	x		x	x	x	x		x	x	x		x	x
  351,1,518023,16		x	x	x		x	x	x		x	x	x	x		x	x	x		x	x
  352,1,518023,16		x	x	x		x	x	x		x	x	x	x		x	x	x		x	x
  353,1,518023,16		x	x	x		x	x	x		x	x	x	x	1,14,0		x	x
  354,1,120213,18		x	x	x		x	x	x		x	x	x	x		x	x	x		x	x
  355,1,fe029be3,19		x	x	x		x	x	x		x	x	x	x	1,16,0		x	x
  356,1,20283,14		x	x	x		x	x	x		x	x	x	x	1,18,9be3020500518023		x	x
  357,1,518023,16		x	x	x		x	x	x		x	x	x	x	1,1a,1b7fe029be30205		x	x
  358,1,518023,16		x	x	x		x	x	x		x	x	x	x		x	x	x		x	x
  359,1,518023,16		x	x	x		x	x	x		x	x	x	x		x	x	x		x	x
  360,1,518023,16		x	x	x		x	x	x		x	x	x	x		x	x	x		x	x
  361,1,518023,16		x	x	x		x	x	x		x	x	x	x	1,14,0		x	x
  362,1,120213,18		x	x	x		x	x	x		x	x	x	x		x	x	x		x	x
  363,1,fe029be3,19		x	x	x		x	x	x		x	x	x	x	1,16,0		x	x
  364,1,20283,14		x	x	x		x	x	x		x	x	x	x	1,18,9be3020500518023		x	x
  365,1,518023,16		x	x	x		x	x	x		x	x	x	x	1,1a,1b7fe029be30205		x	x
  366,1,518023,16		x	x	x		x	x	x		x	x	x	x		x	x	x		x	x
  367,1,518023,16		x	x	x		x	x	x		x	x	x	x		x	x	x		x	x
  368,1,518023,16		x	x	x		x	x	x		x	x	x	x		x	x	x		x	x
  369,1,518023,16		x	x	x		x	x	x		x	x	x	x	1,14,0		x	x
  370,1,120213,18		x	x	x		x	x	x		x	x	x	x		x	x	x		x	x
  371,1,fe029be3,19		x	x	x		x	x	x		x	x	x	x	1,16,0		x	x
  372,1,20283,14		x	x	x		x	x	x		x	x	x	x	1,18,9be3020500518023		x	x
  373,1,518023,16		x	x	x		x	x	x		x	x	x	x	1,1a,1b7fe029be30205		x	x
  374,1,518023,16		x	x	x		x	x	x		x	x	x	x		x	x	x		x	x
  375,1,518023,16		x	x	x		x	x	x		x	x	x	x		x	x	x		x	x
  376,1,518023,16		x	x	x		x	x	x		x	x	x	x		x	x	x		x	x
  377,1,518023,16		x	x	x		x	x	x		x	x	x	x	1,14,0		x	x
  378,1,120213,18		x	x	x		x	x	x		x	x	x	x		x	x	x		x	x
  379,1,fe029be3,19		x	x	x		x	x	x		x	x	x	x	1,16,0		x	x
  380,1,20283,14		x	x	x		x	x	x		x	x	x	x	1,18,9be3020500518023		x	x
  381,1,518023,16		x	x	x		x	x	x		x	x	x	x	1,1a,1b7fe029be30205		x	x
  382,1,518023,16		x	x	x		x	x	x		x	x	x	x		x	x	x		x	x
  383,1,518023,16		x	x	x		x	x	x		x	x	x	x		x	x	x		x	x
  384,1,518023,16		x	x	x		x	x	x		x	x	x	x		x	x	x		x	x
  385,1,518023,16		x	x	x		x	x	x		x	x	x	x	1,14,0		x	x
  386,1,120213,18		x	x	x		x	x	x		x	x	x	x		x	x	x		x	x
  387,1,fe029be3,19		x	x	x		x	x	x		x	x	x	x	1,16,0		x	x
  388,1,20283,14		x	x	x		x	x	x		x	x	x	x	1,18,9be3020500518023		x	x
  389,1,518023,16		x	x	x		x	x	x		x	x	x	x	1,1a,1b7fe029be30205		x	x
  390,1,518023,16		x	x	x		x	x	x		x	x	x	x		x	x	x		x	x
  391,1,518023,16		x	x	x		x	x	x		x	x	x	x		x	x	x		x	x
  392,1,518023,16		x	x	x		x	x	x		x	x	x	x		x	x	x		x	x
  393,1,518023,16		x	x	x		x	x	x		x	x	x	x	1,14,0		x	x
  394,1,120213,18		x	x	x		x	x	x		x	x	x	x		x	x	x		x	x
  395,1,fe029be3,19		x	x	x		x	x	x		x	x	x	x	1,16,0		x	x
  396,1,20283,14		x	x	x		x	x	x		x	x	x	x	1,18,9be3020500518023		x	x
  397,1,518023,16		x	x	x		x	x	x		x	x	x	x	1,1a,1b7fe029be30205		x	x
  398,1,518023,16		x	x	x		x	x	x		x	x	x	x		x	x	x		x	x
  399,1,518023,16		x	x	x		x	x	x		x	x	x	x		x	x	x		x	x
  400,1,518023,16		x	x	x		x	x	x		x	x	x	x		x	x	x		x	x
  401,1,518023,16		x	x	x		x	x	x		x	x	x	x	1,14,0		x	x
  402,1,120213,18		x	x	x		x	x	x		x	x	x	x		x	x	x		x	x
  403,1,fe029be3,19		x	x	x		x	x	x		x	x	x	x	1,16,0		x	x
  404,1,20283,14		x	x	x		x	x	x		x	x	x	x	1,18,9be3020500518023		x	x
  405,1,518023,16		x	x	x		x	x	x		x	x	x	x	1,1a,1b7fe029be30205		x	x
  406,1,518023,16		x	x	x		x	x	x		x	x	x	x		x	x	x		x	x
  407,1,518023,16		x	x	x		x	x	x		x	x	x	x		x	x	x		x	x
  408,1,518023,16		x	x	x		x	x	x		x	x	x	x		x	x	x		x	x
  409,1,518023,16		x	x	x		x	x	x		x	x	x	x	1,14,0		x	x
  410,1,120213,18		x	x	x		x	x	x		x	x	x	x		x	x	x		x	x
  411,1,fe029be3,19		x	x	x		x	x	x		x	x	x	x	1,16,0		x	x
  412,1,20283,14		x	x	x		x	x	x		x	x	x	x	1,18,9be3020500518023		x	x
  413,1,518023,16		x	x	x		x	x	x		x	x	x	x	1,1a,1b7fe029be30205		x	x
  414,1,518023,16		x	x	x		x	x	x		x	x	x	x		x	x	x		x	x
  415,1,518023,16		x	x	x		x	x	x		x	x	x	x		x	x	x		x	x
  416,1,518023,16		x	x	x		x	x	x		x	x	x	x		x	x	x		x	x
  417,1,518023,16		x	x	x		x	x	x		x	x	x	x	1,14,0		x	x
  418,1,120213,18		x	x	x		x	x	x		x	x	x	x		x	x	x		x	x
  419,1,fe029be3,19		x	x	x		x	x	x		x	x	x	x	1,16,0		x	x
  420,1,20283,14		x	x	x		x	x	x		x	x	x	x	1,18,9be3020500518023		x	x
  421,1,518023,16		x	x	x		x	x	x		x	x	x	x	1,1a,1b7fe029be30205		x	x
  422,1,518023,16		x	x	x		x	x	x		x	x	x	x		x	x	x		x	x
  423,1,518023,16		x	x	x		x	x	x		x	x	x	x		x	x	x		x	x
  424,1,518023,16		x	x	x		x	x	x		x	x	x	x		x	x	x		x	x
  425,1,518023,16		x	x	x		x	x	x		x	x	x	x	1,14,0		x	x
  426,1,120213,18		x	x	x		x	x	x		x	x	x	x		x	x	x		x	x
  427,1,fe029be3,19		x	x	x		x	x	x		x	x	x	x	1,16,0		x	x
  428,1,20283,14		x	x	x		x	x	x		x	x	x	x	1,18,9be3020500518023		x	x
  429,1,518023,16		x	x	x		x	x	x		x	x	x	x	1,1a,1b7fe029be30205		x	x
  430,1,518023,16		x	x	x		x	x	x		x	x	x	x		x	x	x		x	x
  431,1,518023,16		x	x	x		x	x	x		x	x	x	x		x	x	x		x	x
  432,1,518023,16		x	x	x		x	x	x		x	x	x	x		x	x	x		x	x
  433,1,518023,16		x	x	x		x	x	x		x	x	x	x	1,14,0		x	x
  434,1,120213,18		x	x	x		x	x	x		x	x	x	x		x	x	x		x	x
  435,1,fe029be3,19		x	x	x		x	x	x		x	x	x	x	1,16,0		x	x
  436,1,20283,14		x	x	x		x	x	x		x	x	x	x	1,18,9be3020500518023		x	x
  437,1,518023,16		x	x	x		x	x	x		x	x	x	x	1,1a,1b7fe029be30205		x	x
  438,1,518023,16		x	x	x		x	x	x		x	x	x	x		x	x	x		x	x
  439,1,518023,16		x	x	x		x	x	x		x	x	x	x		x	x	x		x	x
  440,1,518023,16		x	x	x		x	x	x		x	x	x	x		x	x	x		x	x
  441,1,518023,16		x	x	x		x	x	x		x	x	x	x	1,14,0		x	x
  442,1,120213,18		x	x	x		x	x	x		x	x	x	x		x	x	x		x	x
  443,1,fe029be3,19		x	x	x		x	x	x		x	x	x	x	1,16,0		x	x
  444,1,20283,14		x	x	x		x	x	x		x	x	x	x	1,18,9be3020500518023		x	x
  445,1,518023,16		x	x	x		x	x	x		x	x	x	x	1,1a,1b7fe029be30205		x	x
  446,1,518023,16		x	x	x		x	x	x		x	x	x	x		x	x	x		x	x
  447,1,518023,16		x	x	x		x	x	x		x	x	x	x		x	x	x		x	x
  448,1,518023,16		x	x	x		x	x	x		x	x	x	x		x	x	x		x	x
  449,1,518023,16		x	x	x		x	x	x		x	x	x	x	1,14,0		x	x
  450,1,120213,18		x	x	x		x	x	x		x	x	x	x		x	x	x		x	x
  451,1,fe029be3,19		x	x	x		x	x	x		x	x	x	x	1,16,0		x	x
  452,1,20283,14		x	x	x		x	x	x		x	x	x	x	1,18,9be3020500518023		x	x
  453,1,518023,16		x	x	x		x	x	x		x	x	x	x	1,1a,1b7fe029be30205		x	x
  454,1,518023,16		x	x	x		x	x	x		x	x	x	x		x	x	x		x	x
  455,1,518023,16		x	x	x		x	x	x		x	x	x	x		x	x	x		x	x
  456,1,518023,16		x	x	x		x	x	x		x	x	x	x		x	x	x		x	x
  457,1,518023,16		x	x	x		x	x	x		x	x	x	x	1,14,0		x	x
  458,1,120213,18		x	x	x		x	x	x		x	x	x	x		x	x	x		x	x
  459,1,fe029be3,19		x	x	x		x	x	x		x	x	x	x	1,16,0		x	x
  460,1,20283,14		x	x	x		x	x	x		x	x	x	x	1,18,9be3020500518023		x	x
  461,1,518023,16		x	x	x		x	x	x		x	x	x	x	1,1a,1b7fe029be30205		x	x
  462,1,518023,16		x	x	x		x	x	x		x	x	x	x		x	x	x		x	x
  463,1,518023,16		x	x	x		x	x	x		x	x	x	x		x	x	x		x	x
  464,1,518023,16		x	x	x		x	x	x		x	x	x	x		x	x	x		x	x
  465,1,518023,16		x	x	x		x	x	x		x	x	x	x	1,14,0		x	x
  466,1,120213,18		x	x	x		x	x	x		x	x	x	x		x	x	x		x	x
  467,1,fe029be3,19		x	x	x		x	x	x		x	x	x	x	1,16,0		x	x
  468,1,20283,14		x	x	x		x	x	x		x	x	x	x	1,18,9be3020500518023		x	x
  469,1,518023,16		x	x	x		x	x	x		x	x	x	x	1,1a,1b7fe029be30205		x	x
  470,1,518023,16		x	x	x		x	x	x		x	x	x	x		x	x	x		x	x
  471,1,518023,16		x	x	x		x	x	x		x	x	x	x		x	x	x		x	x
  472,1,518023,16		x	x	x		x	x	x		x	x	x	x		x	x	x		x	x
  473,1,518023,16		x	x	x		x	x	x		x	x	x	x	1,14,0		x	x
  474,1,120213,18		x	x	x		x	x	x		x	x	x	x		x	x	x		x	x
  475,1,fe029be3,19		x	x	x		x	x	x		x	x	x	x	1,16,0		x	x
  476,1,20283,14		x	x	x		x	x	x		x	x	x	x	1,18,9be3020500518023		x	x
  477,1,518023,16		x	x	x		x	x	x		x	x	x	x	1,1a,1b7fe029be30205		x	x
  478,1,518023,16		x	x	x		x	x	x		x	x	x	x		x	x	x		x	x
  479,1,518023,16		x	x	x		x	x	x		x	x	x	x		x	x	x		x	x
  480,1,518023,16		x	x	x		x	x	x		x	x	x	x		x	x	x		x	x
  481,1,518023,16		x	x	x		x	x	x		x	x	x	x	1,14,0		x	x
  482,1,120213,18		x	x	x		x	x	x		x	x	x	x		x	x	x		x	x
  483,1,fe029be3,19		x	x	x		x	x	x		x	x	x	x	1,16,0		x	x
  484,1,20283,14		x	x	x		x	x	x		x	x	x	x	1,18,9be3020500518023		x	x
  485,1,518023,16		x	x	x		x	x	x		x	x	x	x	1,1a,1b7fe029be30205		x	x
  486,1,518023,16		x	x	x		x	x	x		x	x	x	x		x	x	x		x	x
  487,1,518023,16		x	x	x		x	x	x		x	x	x	x		x	x	x		x	x
  488,1,518023,16		x	x	x		x	x	x		x	x	x	x		x	x	x		x	x
  489,1,518023,16		x	x	x		x	x	x		x	x	x	x	1,14,0		x	x
  490,1,120213,18		x	x	x		x	x	x		x	x	x	x		x	x	x		x	x
  491,1,fe029be3,19		x	x	x		x	x	x		x	x	x	x	1,16,0		x	x
  492,1,20283,14		x	x	x		x	x	x		x	x	x	x	1,18,9be3020500518023		x	x
  493,1,518023,16		x	x	x		x	x	x		x	x	x	x	1,1a,1b7fe029be30205		x	x
  494,1,518023,16		x	x	x		x	x	x		x	x	x	x		x	x	x		x	x
  495,1,518023,16		x	x	x		x	x	x		x	x	x	x		x	x	x		x	x
  496,1,518023,16		x	x	x		x	x	x		x	x	x	x		x	x	x		x	x
  497,1,518023,16		x	x	x		x	x	x		x	x	x	x	1,14,0		x	x
  498,1,120213,18		x	x	x		x	x	x		x	x	x	x		x	x	x		x	x
  499,1,fe029be3,19		x	x	x		x	x	x		x	x	x	x	1,16,0		x	x
  500,1,20283,14		x	x	x		x	x	x		x	x	x	x	1,18,9be3020500518023		x	x
  501,1,518023,16		x	x	x		x	x	x		x	x	x	x	1,1a,1b7fe029be30205		x	x
  502,1,518023,16		x	x	x		x	x	x		x	x	x	x		x	x	x		x	x
  503,1,518023,16		x	x	x		x	x	x		x	x	x	x		x	x	x		x	x
  504,1,518023,16		x	x	x		x	x	x		x	x	x	x		x	x	x		x	x
  505,1,518023,16		x	x	x		x	x	x		x	x	x	x	1,14,0		x	x
  506,1,120213,18		x	x	x		x	x	x		x	x	x	x		x	x	x		x	x
  507,1,fe029be3,19		x	x	x		x	x	x		x	x	x	x	1,16,0		x	x
  508,1,20283,14		x	x	x		x	x	x		x	x	x	x	1,18,9be3020500518023		x	x
  509,1,518023,16		x	x	x		x	x	x		x	x	x	x	1,1a,1b7fe029be30205		x	x
  510,1,518023,16		x	x	x		x	x	x		x	x	x	x		x	x	x		x	x
  511,1,518023,16		x	x	x		x	x	x		x	x	x	x		x	x	x		x	x
  512,1,518023,16		x	x	x		x	x	x		x	x	x	x		x	x	x		x	x
  513,1,518023,16		x	x	x		x	x	x		x	x	x	x	1,14,0		x	x
  514,1,120213,18		x	x	x		x	x	x		x	x	x	x		x	x	x		x	x
  515,1,fe029be3,19		x	x	x		x	x	x		x	x	x	x	1,16,0		x	x
  516,1,20283,14		x	x	x		x	x	x		x	x	x	x	1,18,9be3020500518023		x	x
  517,1,518023,16		x	x	x		x	x	x		x	x	x	x	1,1a,1b7fe029be30205		x	x
  518,1,518023,16		x	x	x		x	x	x		x	x	x	x		x	x	x		x	x
  519,1,518023,16		x	x	x		x	x	x		x	x	x	x		x	x	x		x	x
  520,1,518023,16		x	x	x		x	x	x		x	x	x	x		x	x	x		x	x
  521,1,518023,16		x	x	x		x	x	x		x	x	x	x	1,14,0		x	x
  522,1,120213,18		x	x	x		x	x	x		x	x	x	x		x	x	x		x	x
  523,1,fe029be3,19		x	x	x		x	x	x		x	x	x	x	1,16,0		x	x
  524,1,20283,14		x	x	x		x	x	x		x	x	x	x	1,18,9be3020500518023		x	x
  525,1,518023,16		x	x	x		x	x	x		x	x	x	x	1,1a,1b7fe029be30205		x	x
  526,1,518023,16		x	x	x		x	x	x		x	x	x	x		x	x	x		x	x
  527,1,518023,16		x	x	x		x	x	x		x	x	x	x		x	x	x		x	x
  528,1,518023,16		x	x	x		x	x	x		x	x	x	x		x	x	x		x	x
  529,1,518023,16		x	x	x		x	x	x		x	x	x	x	1,14,0		x	x
  530,1,120213,18		x	x	x		x	x	x		x	x	x	x		x	x	x		x	x
  531,1,fe029be3,19		x	x	x		x	x	x		x	x	x	x	1,16,0		x	x
  532,1,20283,14		x	x	x		x	x	x		x	x	x	x	1,18,9be3020500518023		x	x
  533,1,518023,16		x	x	x		x	x	x		x	x	x	x	1,1a,1b7fe029be30205		x	x
  534,1,518023,16		x	x	x		x	x	x		x	x	x	x		x	x	x		x	x
  535,1,518023,16		x	x	x		x	x	x		x	x	x	x		x	x	x		x	x
  536,1,518023,16		x	x	x		x	x	x		x	x	x	x		x	x	x		x	x
  537,1,518023,16		x	x	x		x	x	x		x	x	x	x	1,14,0		x	x
  538,1,120213,18		x	x	x		x	x	x		x	x	x	x		x	x	x		x	x
  539,1,fe029be3,19		x	x	x		x	x	x		x	x	x	x	1,16,0		x	x
  540,1,20283,14		x	x	x		x	x	x		x	x	x	x	1,18,9be3020500518023		x	x
  541,1,518023,16		x	x	x		x	x	x		x	x	x	x	1,1a,1b7fe029be30205		x	x
  542,1,518023,16		x	x	x		x	x	x		x	x	x	x		x	x	x		x	x
  543,1,518023,16		x	x	x		x	x	x		x	x	x	x		x	x	x		x	x
  544,1,518023,16		x	x	x		x	x	x		x	x	x	x		x	x	x		x	x
  545,1,518023,16		x	x	x		x	x	x		x	x	x	x	1,14,0		x	x
  546,1,120213,18		x	x	x		x	x	x		x	x	x	x		x	x	x		x	x
  547,1,fe029be3,19		x	x	x		x	x	x		x	x	x	x	1,16,0		x	x
  548,1,20283,14		x	x	x		x	x	x		x	x	x	x	1,18,9be3020500518023		x	x
  549,1,518023,16		x	x	x		x	x	x		x	x	x	x	1,1a,1b7fe029be30205		x	x
  550,1,518023,16		x	x	x		x	x	x		x	x	x	x		x	x	x		x	x
  551,1,518023,16		x	x	x		x	x	x		x	x	x	x		x	x	x		x	x
  552,1,518023,16		x	x	x		x	x	x		x	x	x	x		x	x	x		x	x
  553,1,518023,16		x	x	x		x	x	x		x	x	x	x	1,14,0		x	x
  554,1,120213,18		x	x	x		x	x	x		x	x	x	x		x	x	x		x	x
  555,1,fe029be3,19		x	x	x		x	x	x		x	x	x	x	1,16,0		x	x
  556,1,20283,14		x	x	x		x	x	x		x	x	x	x	1,18,9be3020500518023		x	x
  557,1,518023,16		x	x	x		x	x	x		x	x	x	x	1,1a,1b7fe029be30205		x	x
  558,1,518023,16		x	x	x		x	x	x		x	x	x	x		x	x	x		x	x
  559,1,518023,16		x	x	x		x	x	x		x	x	x	x		x	x	x		x	x
  560,1,518023,16		x	x	x		x	x	x		x	x	x	x		x	x	x		x	x
  561,1,518023,16		x	x	x		x	x	x		x	x	x	x	1,14,0		x	x
  562,1,120213,18		x	x	x		x	x	x		x	x	x	x		x	x	x		x	x
  563,1,fe029be3,19		x	x	x		x	x	x		x	x	x	x	1,16,0		x	x
  564,1,20283,14		x	x	x		x	x	x		x	x	x	x	1,18,9be3020500518023		x	x
  565,1,518023,16		x	x	x		x	x	x		x	x	x	x	1,1a,1b7fe029be30205		x	x
  566,1,518023,16		x	x	x		x	x	x		x	x	x	x		x	x	x		x	x
  567,1,518023,16		x	x	x		x	x	x		x	x	x	x		x	x	x		x	x
  568,1,518023,16		x	x	x		x	x	x		x	x	x	x		x	x	x		x	x
  569,1,518023,16		x	x	x		x	x	x		x	x	x	x	1,14,0		x	x
  570,1,120213,18		x	x	x		x	x	x		x	x	x	x		x	x	x		x	x
  571,1,fe029be3,19		x	x	x		x	x	x		x	x	x	x	1,16,0		x	x
  572,1,20283,14		x	x	x		x	x	x		x	x	x	x	1,18,9be3020500518023		x	x
  573,1,518023,16		x	x	x		x	x	x		x	x	x	x	1,1a,1b7fe029be30205		x	x
  574,1,518023,16		x	x	x		x	x	x		x	x	x	x		x	x	x		x	x
  575,1,518023,16		x	x	x		x	x	x		x	x	x	x		x	x	x		x	x
  576,1,518023,16		x	x	x		x	x	x		x	x	x	x		x	x	x		x	x
  577,1,518023,16		x	x	x		x	x	x		x	x	x	x	1,14,0		x	x
  578,1,120213,18		x	x	x		x	x	x		x	x	x	x		x	x	x		x	x
  579,1,fe029be3,19		x	x	x		x	x	x		x	x	x	x	1,16,0		x	x
  580,1,20283,14		x	x	x		x	x	x		x	x	x	x	1,18,9be3020500518023		x	x
  581,1,518023,16		x	x	x		x	x	x		x	x	x	x	1,1a,1b7fe029be30205		x	x
  582,1,518023,16		x	x	x		x	x	x		x	x	x	x		x	x	x		x	x
  583,1,518023,16		x	x	x		x	x	x		x	x	x	x		x	x	x		x	x
  584,1,518023,16		x	x	x		x	x	x		x	x	x	x		x	x	x		x	x
  585,1,518023,16		x	x	x		x	x	x		x	x	x	x	1,14,0		x	x
  586,1,120213,18		x	x	x		x	x	x		x	x	x	x		x	x	x		x	x
  587,1,fe029be3,19		x	x	x		x	x	x		x	x	x	x	1,16,0		x	x
  588,1,20283,14		x	x	x		x	x	x		x	x	x	x	1,18,9be3020500518023		x	x
  589,1,518023,16		x	x	x		x	x	x		x	x	x	x	1,1a,1b7fe029be30205		x	x
  590,1,518023,16		x	x	x		x	x	x		x	x	x	x		x	x	x		x	x
  591,1,518023,16		x	x	x		x	x	x		x	x	x	x		x	x	x		x	x
  592,1,518023,16		x	x	x		x	x	x		x	x	x	x		x	x	x		x	x
  593,1,518023,16		x	x	x		x	x	x		x	x	x	x	1,14,0		x	x
  594,1,120213,18		x	x	x		x	x	x		x	x	x	x		x	x	x		x	x
  595,1,fe029be3,19		x	x	x		x	x	x		x	x	x	x	1,16,0		x	x
  596,1,20283,14		x	x	x		x	x	x		x	x	x	x	1,18,9be3020500518023		x	x
  597,1,518023,16		x	x	x		x	x	x		x	x	x	x	1,1a,1b7fe029be30205		x	x
  598,1,518023,16		x	x	x		x	x	x		x	x	x	x		x	x	x		x	x
  599,1,518023,16		x	x	x		x	x	x		x	x	x	x		x	x	x		x	x
  600,1,518023,16		x	x	x		x	x	x		x	x	x	x		x	x	x		x	x
  601,1,518023,16		x	x	x		x	x	x		x	x	x	x	1,14,0		x	x
  602,1,120213,18		x	x	x		x	x	x		x	x	x	x		x	x	x		x	x
  603,1,fe029be3,19		x	x	x		x	x	x		x	x	x	x	1,16,0		x	x
  604,1,20283,14		x	x	x		x	x	x		x	x	x	x	1,18,9be3020500518023		x	x
  605,1,518023,16		x	x	x		x	x	x		x	x	x	x	1,1a,1b7fe029be30205		x	x
  606,1,518023,16		x	x	x		x	x	x		x	x	x	x		x	x	x		x	x
  607,1,518023,16		x	x	x		x	x	x		x	x	x	x		x	x	x		x	x
  608,1,518023,16		x	x	x		x	x	x		x	x	x	x		x	x	x		x	x
  609,1,518023,16		x	x	x		x	x	x		x	x	x	x	1,14,0		x	x
  610,1,120213,18		x	x	x		x	x	x		x	x	x	x		x	x	x		x	x
  611,1,fe029be3,19		x	x	x		x	x	x		x	x	x	x	1,16,0		x	x
  612,1,20283,14		x	x	x		x	x	x		x	x	x	x	1,18,9be3020500518023		x	x
  613,1,518023,16		x	x	x		x	x	x		x	x	x	x	1,1a,1b7fe029be30205		x	x
  614,1,518023,16		x	x	x		x	x	x		x	x	x	x		x	x	x		x	x
  615,1,518023,16		x	x	x		x	x	x		x	x	x	x		x	x	x		x	x
  616,1,518023,16		x	x	x		x	x	x		x	x	x	x		x	x	x		x	x
  617,1,518023,16		x	x	x		x	x	x		x	x	x	x	1,14,0		x	x
  618,1,120213,18		x	x	x		x	x	x		x	x	x	x		x	x	x		x	x
  619,1,fe029be3,19		x	x	x		x	x	x		x	x	x	x	1,16,0		x	x
  620,1,20283,14		x	x	x		x	x	x		x	x	x	x	1,18,9be3020500518023		x	x
  621,1,518023,16		x	x	x		x	x	x		x	x	x	x	1,1a,1b7fe029be30205		x	x
  622,1,518023,16		x	x	x		x	x	x		x	x	x	x		x	x	x		x	x
  623,1,518023,16		x	x	x		x	x	x		x	x	x	x		x	x	x		x	x
  624,1,518023,16		x	x	x		x	x	x		x	x	x	x		x	x	x		x	x
  625,1,518023,16		x	x	x		x	x	x		x	x	x	x	1,14,0		x	x
  626,1,120213,18		x	x	x		x	x	x		x	x	x	x		x	x	x		x	x
  627,1,fe029be3,19		x	x	x		x	x	x		x	x	x	x	1,16,0		x	x
  628,1,20283,14		x	x	x		x	x	x		x	x	x	x	1,18,9be3020500518023		x	x
  629,1,518023,16		x	x	x		x	x	x		x	x	x	x	1,1a,1b7fe029be30205		x	x
  630,1,518023,16		x	x	x		x	x	x		x	x	x	x		x	x	x		x	x
  631,1,518023,16		x	x	x		x	x	x		x	x	x	x		x	x	x		x	x
  632,1,518023,16		x	x	x		x	x	x		x	x	x	x		x	x	x		x	x
  633,1,518023,16		x	x	x		x	x	x		x	x	x	x	1,14,0		x	x
  634,1,120213,18		x	x	x		x	x	x		x	x	x	x		x	x	x		x	x
  635,1,fe029be3,19		x	x	x		x	x	x		x	x	x	x	1,16,0		x	x
  636,1,20283,14		x	x	x		x	x	x		x	x	x	x	1,18,9be3020500518023		x	x
  637,1,518023,16		x	x	x		x	x	x		x	x	x	x	1,1a,1b7fe029be30205		x	x
  638,1,518023,16		x	x	x		x	x	x		x	x	x	x		x	x	x		x	x
  639,1,518023,16		x	x	x		x	x	x		x	x	x	x		x	x	x		x	x
  640,1,518023,16		x	x	x		x	x	x		x	x	x	x		x	x	x		x	x
  641,1,518023,16		x	x	x		x	x	x		x	x	x	x	1,14,0		x	x
  642,1,120213,18		x	x	x		x	x	x		x	x	x	x		x	x	x		x	x
  643,1,fe029be3,19		x	x	x		x	x	x		x	x	x	x	1,16,0		x	x
  644,1,20283,14		x	x	x		x	x	x		x	x	x	x	1,18,9be3020500518023		x	x
  645,1,518023,16		x	x	x		x	x	x		x	x	x	x	1,1a,1b7fe029be30205		x	x
  646,1,518023,16		x	x	x		x	x	x		x	x	x	x		x	x	x		x	x
  647,1,518023,16		x	x	x		x	x	x		x	x	x	x		x	x	x		x	x
  648,1,518023,16		x	x	x		x	x	x		x	x	x	x		x	x	x		x	x
  649,1,518023,16		x	x	x		x	x	x		x	x	x	x	1,14,0		x	x
  650,1,120213,18		x	x	x		x	x	x		x	x	x	x		x	x	x		x	x
  651,1,fe029be3,19		x	x	x		x	x	x		x	x	x	x	1,16,0		x	x
  652,1,20283,14		x	x	x		x	x	x		x	x	x	x	1,18,9be3020500518023		x	x
  653,1,518023,16		x	x	x		x	x	x		x	x	x	x	1,1a,1b7fe029be30205		x	x
  654,1,518023,16		x	x	x		x	x	x		x	x	x	x		x	x	x		x	x
  655,1,518023,16		x	x	x		x	x	x		x	x	x	x		x	x	x		x	x
  656,1,518023,16		x	x	x		x	x	x		x	x	x	x		x	x	x		x	x
  657,1,518023,16		x	x	x		x	x	x		x	x	x	x	1,14,0		x	x
  658,1,120213,18		x	x	x		x	x	x		x	x	x	x		x	x	x		x	x
  659,1,fe029be3,19		x	x	x		x	x	x		x	x	x	x	1,16,0		x	x
  660,1,20283,14		x	x	x		x	x	x		x	x	x	x	1,18,9be3020500518023		x	x
  661,1,518023,16		x	x	x		x	x	x		x	x	x	x	1,1a,1b7fe029be30205		x	x
  662,1,518023,16		x	x	x		x	x	x		x	x	x	x		x	x	x		x	x
  663,1,518023,16		x	x	x		x	x	x		x	x	x	x		x	x	x		x	x
  664,1,518023,16		x	x	x		x	x	x		x	x	x	x		x	x	x		x	x
  665,1,518023,16		x	x	x		x	x	x		x	x	x	x	1,14,0		x	x
  666,1,120213,18		x	x	x		x	x	x		x	x	x	x		x	x	x		x	x
  667,1,fe029be3,19		x	x	x		x	x	x		x	x	x	x	1,16,0		x	x
  668,1,20283,14		x	x	x		x	x	x		x	x	x	x	1,18,9be3020500518023		x	x
  669,1,518023,16		x	x	x		x	x	x		x	x	x	x	1,1a,1b7fe029be30205		x	x
  670,1,518023,16		x	x	x		x	x	x		x	x	x	x		x	x	x		x	x
  671,1,518023,16		x	x	x		x	x	x		x	x	x	x		x	x	x		x	x
  672,1,518023,16		x	x	x		x	x	x		x	x	x	x		x	x	x		x	x
  673,1,518023,16		x	x	x		x	x	x		x	x	x	x	1,14,0		x	x
  674,1,120213,18		x	x	x		x	x	x		x	x	x	x		x	x	x		x	x
  675,1,fe029be3,19		x	x	x		x	x	x		x	x	x	x	1,16,0		x	x
  676,1,20283,14		x	x	x		x	x	x		x	x	x	x	1,18,9be3020500518023		x	x
  677,1,518023,16		x	x	x		x	x	x		x	x	x	x	1,1a,1b7fe029be30205		x	x
  678,1,518023,16		x	x	x		x	x	x		x	x	x	x		x	x	x		x	x
  679,1,518023,16		x	x	x		x	x	x		x	x	x	x		x	x	x		x	x
  680,1,518023,16		x	x	x		x	x	x		x	x	x	x		x	x	x		x	x
  681,1,518023,16		x	x	x		x	x	x		x	x	x	x	1,14,0		x	x
  682,1,120213,18		x	x	x		x	x	x		x	x	x	x		x	x	x		x	x
  683,1,fe029be3,19		x	x	x		x	x	x		x	x	x	x	1,16,0		x	x
  684,1,20283,14		x	x	x		x	x	x		x	x	x	x	1,18,9be3020500518023		x	x
  685,1,518023,16		x	x	x		x	x	x		x	x	x	x	1,1a,1b7fe029be30205		x	x
  686,1,518023,16		x	x	x		x	x	x		x	x	x	x		x	x	x		x	x
  687,1,518023,16		x	x	x		x	x	x		x	x	x	x		x	x	x		x	x
  688,1,518023,16		x	x	x		x	x	x		x	x	x	x		x	x	x		x	x
  689,1,518023,16		x	x	x		x	x	x		x	x	x	x	1,14,0		x	x
  690,1,120213,18		x	x	x		x	x	x		x	x	x	x		x	x	x		x	x
  691,1,fe029be3,19		x	x	x		x	x	x		x	x	x	x	1,16,0		x	x
  692,1,20283,14		x	x	x		x	x	x		x	x	x	x	1,18,9be3020500518023		x	x
  693,1,518023,16		x	x	x		x	x	x		x	x	x	x	1,1a,1b7fe029be30205		x	x
  694,1,518023,16		x	x	x		x	x	x		x	x	x	x		x	x	x		x	x
  695,1,518023,16		x	x	x		x	x	x		x	x	x	x		x	x	x		x	x
  696,1,518023,16		x	x	x		x	x	x		x	x	x	x		x	x	x		x	x
  697,1,518023,16		x	x	x		x	x	x		x	x	x	x	1,14,0		x	x
  698,1,120213,18		x	x	x		x	x	x		x	x	x	x		x	x	x		x	x
  699,1,fe029be3,19		x	x	x		x	x	x		x	x	x	x	1,16,0		x	x
  700,1,20283,14		x	x	x		x	x	x		x	x	x	x	1,18,9be3020500518023		x	x
  701,1,518023,16		x	x	x		x	x	x		x	x	x	x	1,1a,1b7fe029be30205		x	x
  702,1,518023,16		x	x	x		x	x	x		x	x	x	x		x	x	x		x	x
  703,1,518023,16		x	x	x		x	x	x		x	x	x	x		x	x	x		x	x
  704,1,518023,16		x	x	x		x	x	x		x	x	x	x		x	x	x		x	x
  705,1,518023,16		x	x	x		x	x	x		x	x	x	x	1,14,0		x	x
  706,1,120213,18		x	x	x		x	x	x		x	x	x	x		x	x	x		x	x
  707,1,fe029be3,19		x	x	x		x	x	x		x	x	x	x	1,16,0		x	x
  708,1,20283,14		x	x	x		x	x	x		x	x	x	x	1,18,9be3020500518023		x	x
  709,1,518023,16		x	x	x		x	x	x		x	x	x	x	1,1a,1b7fe029be30205		x	x
  710,1,518023,16		x	x	x		x	x	x		x	x	x	x		x	x	x		x	x
  711,1,518023,16		x	x	x		x	x	x		x	x	x	x		x	x	x		x	x
  712,1,518023,16		x	x	x		x	x	x		x	x	x	x		x	x	x		x	x
  713,1,518023,16		x	x	x		x	x	x		x	x	x	x	1,14,0		x	x
  714,1,120213,18		x	x	x		x	x	x		x	x	x	x		x	x	x		x	x
  715,1,fe029be3,19		x	x	x		x	x	x		x	x	x	x	1,16,0		x	x
  716,1,20283,14		x	x	x		x	x	x		x	x	x	x	1,18,9be3020500518023		x	x
  717,1,518023,16		x	x	x		x	x	x		x	x	x	x	1,1a,1b7fe029be30205		x	x
  718,1,518023,16		x	x	x		x	x	x		x	x	x	x		x	x	x		x	x
  719,1,518023,16		x	x	x		x	x	x		x	x	x	x		x	x	x		x	x
  720,1,518023,16		x	x	x		x	x	x		x	x	x	x		x	x	x		x	x
  721,1,518023,16		x	x	x		x	x	x		x	x	x	x	1,14,0		x	x
  722,1,120213,18		x	x	x		x	x	x		x	x	x	x		x	x	x		x	x
  723,1,fe029be3,19		x	x	x		x	x	x		x	x	x	x	1,16,0		x	x
  724,1,20283,14		x	x	x		x	x	x		x	x	x	x	1,18,9be3020500518023		x	x
  725,1,518023,16		x	x	x		x	x	x		x	x	x	x	1,1a,1b7fe029be30205		x	x
  726,1,518023,16		x	x	x		x	x	x		x	x	x	x		x	x	x		x	x
  727,1,518023,16		x	x	x		x	x	x		x	x	x	x		x	x	x		x	x
  728,1,518023,16		x	x	x		x	x	x		x	x	x	x		x	x	x		x	x
  729,1,518023,16		x	x	x		x	x	x		x	x	x	x	1,14,0		x	x
  730,1,120213,18		x	x	x		x	x	x		x	x	x	x		x	x	x		x	x
  731,1,fe029be3,19		x	x	x		x	x	x		x	x	x	x	1,16,0		x	x
  732,1,20283,14		x	x	x		x	x	x		x	x	x	x	1,18,9be3020500518023		x	x
  733,1,518023,16		x	x	x		x	x	x		x	x	x	x	1,1a,1b7fe029be30205		x	x
  734,1,518023,16		x	x	x		x	x	x		x	x	x	x		x	x	x		x	x
  735,1,518023,16		x	x	x		x	x	x		x	x	x	x		x	x	x		x	x
  736,1,518023,16		x	x	x		x	x	x		x	x	x	x		x	x	x		x	x
  737,1,518023,16		x	x	x		x	x	x		x	x	x	x	1,14,0		x	x
  738,1,120213,18		x	x	x		x	x	x		x	x	x	x		x	x	x		x	x
  739,1,fe029be3,19		x	x	x		x	x	x		x	x	x	x	1,16,0		x	x
  740,1,20283,14		x	x	x		x	x	x		x	x	x	x	1,18,9be3020500518023		x	x
  741,1,518023,16		x	x	x		x	x	x		x	x	x	x	1,1a,1b7fe029be30205		x	x
  742,1,518023,16		x	x	x		x	x	x		x	x	x	x		x	x	x		x	x
  743,1,518023,16		x	x	x		x	x	x		x	x	x	x		x	x	x		x	x
  744,1,518023,16		x	x	x		x	x	x		x	x	x	x		x	x	x		x	x
  745,1,518023,16		x	x	x		x	x	x		x	x	x	x	1,14,0		x	x
  746,1,120213,18		x	x	x		x	x	x		x	x	x	x		x	x	x		x	x
  747,1,fe029be3,19		x	x	x		x	x	x		x	x	x	x	1,16,0		x	x
  748,1,20283,14		x	x	x		x	x	x		x	x	x	x	1,18,9be3020500518023		x	x
  749,1,518023,16		x	x	x		x	x	x		x	x	x	x	1,1a,1b7fe029be30205		x	x
  750,1,518023,16		x	x	x		x	x	x		x	x	x	x		x	x	x		x	x
  751,1,518023,16		x	x	x		x	x	x		x	x	x	x		x	x	x		x	x
  752,1,518023,16		x	x	x		x	x	x		x	x	x	x		x	x	x		x	x
  753,1,518023,16		x	x	x		x	x	x		x	x	x	x	1,14,0		x	x
  754,1,120213,18		x	x	x		x	x	x		x	x	x	x		x	x	x		x	x
  755,1,fe029be3,19		x	x	x		x	x	x		x	x	x	x	1,16,0		x	x
  756,1,20283,14		x	x	x		x	x	x		x	x	x	x	1,18,9be3020500518023		x	x
  757,1,518023,16		x	x	x		x	x	x		x	x	x	x	1,1a,1b7fe029be30205		x	x
  758,1,518023,16		x	x	x		x	x	x		x	x	x	x		x	x	x		x	x
  759,1,518023,16		x	x	x		x	x	x		x	x	x	x		x	x	x		x	x
  760,1,518023,16		x	x	x		x	x	x		x	x	x	x		x	x	x		x	x
  761,1,518023,16		x	x	x		x	x	x		x	x	x	x	1,14,0		x	x
  762,1,120213,18		x	x	x		x	x	x		x	x	x	x		x	x	x		x	x
  763,1,fe029be3,19		x	x	x		x	x	x		x	x	x	x	1,16,0		x	x
  764,1,20283,14		x	x	x		x	x	x		x	x	x	x	1,18,9be3020500518023		x	x
  765,1,518023,16		x	x	x		x	x	x		x	x	x	x	1,1a,1b7fe029be30205		x	x
  766,1,518023,16		x	x	x		x	x	x		x	x	x	x		x	x	x		x	x
  767,1,518023,16		x	x	x		x	x	x		x	x	x	x		x	x	x		x	x
  768,1,518023,16		x	x	x		x	x	x		x	x	x	x		x	x	x		x	x
  769,1,518023,16		x	x	x		x	x	x		x	x	x	x	1,14,0		x	x
  770,1,120213,18		x	x	x		x	x	x		x	x	x	x		x	x	x		x	x
  771,1,fe029be3,19		x	x	x		x	x	x		x	x	x	x	1,16,0		x	x
  772,1,20283,14		x	x	x		x	x	x		x	x	x	x	1,18,9be3020500518023		x	x
  773,1,518023,16		x	x	x		x	x	x		x	x	x	x	1,1a,1b7fe029be30205		x	x
  774,1,518023,16		x	x	x		x	x	x		x	x	x	x		x	x	x		x	x
  775,1,518023,16		x	x	x		x	x	x		x	x	x	x		x	x	x		x	x
  776,1,518023,16		x	x	x		x	x	x		x	x	x	x		x	x	x		x	x
  777,1,518023,16		x	x	x		x	x	x		x	x	x	x	1,14,0		x	x
  778,1,120213,18		x	x	x		x	x	x		x	x	x	x		x	x	x		x	x
  779,1,fe029be3,19		x	x	x		x	x	x		x	x	x	x	1,16,0		x	x
  780,1,20283,14		x	x	x		x	x	x		x	x	x	x	1,18,9be3020500518023		x	x
  781,1,518023,16		x	x	x		x	x	x		x	x	x	x	1,1a,1b7fe029be30205		x	x
  782,1,518023,16		x	x	x		x	x	x		x	x	x	x		x	x	x		x	x
  783,1,518023,16		x	x	x		x	x	x		x	x	x	x		x	x	x		x	x
  784,1,518023,16		x	x	x		x	x	x		x	x	x	x		x	x	x		x	x
  785,1,518023,16		x	x	x		x	x	x		x	x	x	x	1,14,0		x	x
  786,1,120213,18		x	x	x		x	x	x		x	x	x	x		x	x	x		x	x
  787,1,fe029be3,19		x	x	x		x	x	x		x	x	x	x	1,16,0		x	x
  788,1,20283,14		x	x	x		x	x	x		x	x	x	x	1,18,9be3020500518023		x	x
  789,1,518023,16		x	x	x		x	x	x		x	x	x	x	1,1a,1b7fe029be30205		x	x
  790,1,518023,16		x	x	x		x	x	x		x	x	x	x		x	x	x		x	x
  791,1,518023,16		x	x	x		x	x	x		x	x	x	x		x	x	x		x	x
  792,1,518023,16		x	x	x		x	x	x		x	x	x	x		x	x	x		x	x
  793,1,518023,16		x	x	x		x	x	x		x	x	x	x	1,14,0		x	x
  794,1,120213,18		x	x	x		x	x	x		x	x	x	x		x	x	x		x	x
  795,1,fe029be3,19		x	x	x		x	x	x		x	x	x	x	1,16,0		x	x
  796,1,20283,14		x	x	x		x	x	x		x	x	x	x	1,18,9be3020500518023		x	x
  797,1,518023,16		x	x	x		x	x	x		x	x	x	x	1,1a,1b7fe029be30205		x	x
  798,1,518023,16		x	x	x		x	x	x		x	x	x	x		x	x	x		x	x
  799,1,518023,16		x	x	x		x	x	x		x	x	x	x		x	x	x		x	x
  800,1,518023,16		x	x	x		x	x	x		x	x	x	x		x	x	x		x	x
  801,1,518023,16		x	x	x		x	x	x		x	x	x	x	1,14,0		x	x
  802,1,120213,18		x	x	x		x	x	x		x	x	x	x		x	x	x		x	x
  803,1,fe029be3,19		x	x	x		x	x	x		x	x	x	x	1,16,0		x	x
  804,1,20283,14		x	x	x		x	x	x		x	x	x	x	1,18,9be3020500518023		x	x
  805,1,518023,16		x	x	x		x	x	x		x	x	x	x	1,1a,1b7fe029be30205		x	x
  806,1,518023,16		x	x	x		x	x	x		x	x	x	x		x	x	x		x	x
  807,1,518023,16		x	x	x		x	x	x		x	x	x	x		x	x	x		x	x
  808,1,518023,16		x	x	x		x	x	x		x	x	x	x		x	x	x		x	x
  809,1,518023,16		x	x	x		x	x	x		x	x	x	x	1,14,0		x	x
  810,1,120213,18		x	x	x		x	x	x		x	x	x	x		x	x	x		x	x
  811,1,fe029be3,19		x	x	x		x	x	x		x	x	x	x	1,16,0		x	x
  812,1,20283,14		x	x	x		x	x	x		x	x	x	x	1,18,9be3020500518023		x	x
  813,1,518023,16		x	x	x		x	x	x		x	x	x	x	1,1a,1b7fe029be30205		x	x
  814,1,518023,16		x	x	x		x	x	x		x	x	x	x		x	x	x		x	x
  815,1,518023,16		x	x	x		x	x	x		x	x	x	x		x	x	x		x	x
  816,1,518023,16		x	x	x		x	x	x		x	x	x	x		x	x	x		x	x
  817,1,518023,16		x	x	x		x	x	x		x	x	x	x	1,14,0		x	x
  818,1,120213,18		x	x	x		x	x	x		x	x	x	x		x	x	x		x	x
  819,1,fe029be3,19		x	x	x		x	x	x		x	x	x	x	1,16,0		x	x
  820,1,20283,14		x	x	x		x	x	x		x	x	x	x	1,18,9be3020500518023		x	x
  821,1,518023,16		x	x	x		x	x	x		x	x	x	x	1,1a,1b7fe029be30205		x	x
  822,1,518023,16		x	x	x		x	x	x		x	x	x	x		x	x	x		x	x
  823,1,518023,16		x	x	x		x	x	x		x	x	x	x		x	x	x		x	x
  824,1,518023,16		x	x	x		x	x	x		x	x	x	x		x	x	x		x	x
  825,1,518023,16		x	x	x		x	x	x		x	x	x	x	1,14,0		x	x
  826,1,120213,18		x	x	x		x	x	x		x	x	x	x		x	x	x		x	x
  827,1,fe029be3,19		x	x	x		x	x	x		x	x	x	x	1,16,0		x	x
  828,1,20283,14		x	x	x		x	x	x		x	x	x	x	1,18,9be3020500518023		x	x
  829,1,518023,16		x	x	x		x	x	x		x	x	x	x	1,1a,1b7fe029be30205		x	x
  830,1,518023,16		x	x	x		x	x	x		x	x	x	x		x	x	x		x	x
  831,1,518023,16		x	x	x		x	x	x		x	x	x	x		x	x	x		x	x
  832,1,518023,16		x	x	x		x	x	x		x	x	x	x		x	x	x		x	x
  833,1,518023,16		x	x	x		x	x	x		x	x	x	x	1,14,0		x	x
  834,1,120213,18		x	x	x		x	x	x		x	x	x	x		x	x	x		x	x
  835,1,fe029be3,19		x	x	x		x	x	x		x	x	x	x	1,16,0		x	x
  836,1,20283,14		x	x	x		x	x	x		x	x	x	x	1,18,9be3020500518023		x	x
  837,1,518023,16		x	x	x		x	x	x		x	x	x	x	1,1a,1b7fe029be30205		x	x
  838,1,518023,16		x	x	x		x	x	x		x	x	x	x		x	x	x		x	x
  839,1,518023,16		x	x	x		x	x	x		x	x	x	x		x	x	x		x	x
  840,1,518023,16		x	x	x		x	x	x		x	x	x	x		x	x	x		x	x
  841,1,518023,16		x	x	x		x	x	x		x	x	x	x	1,14,0		x	x
  842,1,120213,18		x	x	x		x	x	x		x	x	x	x		x	x	x		x	x
  843,1,fe029be3,19		x	x	x		x	x	x		x	x	x	x	1,16,0		x	x
  844,1,20283,14		x	x	x		x	x	x		x	x	x	x	1,18,9be3020500518023		x	x
  845,1,518023,16		x	x	x		x	x	x		x	x	x	x	1,1a,1b7fe029be30205		x	x
  846,1,518023,16		x	x	x		x	x	x		x	x	x	x		x	x	x		x	x
  847,1,518023,16		x	x	x		x	x	x		x	x	x	x		x	x	x		x	x
  848,1,518023,16		x	x	x		x	x	x		x	x	x	x		x	x	x		x	x
  849,1,518023,16		x	x	x		x	x	x		x	x	x	x	1,14,0		x	x
  850,1,120213,18		x	x	x		x	x	x		x	x	x	x		x	x	x		x	x
  851,1,fe029be3,19		x	x	x		x	x	x		x	x	x	x	1,16,0		x	x
  852,1,20283,14		x	x	x		x	x	x		x	x	x	x	1,18,9be3020500518023		x	x
  853,1,518023,16		x	x	x		x	x	x		x	x	x	x	1,1a,1b7fe029be30205		x	x
  854,1,518023,16		x	x	x		x	x	x		x	x	x	x		x	x	x		x	x
  855,1,518023,16		x	x	x		x	x	x		x	x	x	x		x	x	x		x	x
  856,1,518023,16		x	x	x		x	x	x		x	x	x	x		x	x	x		x	x
  857,1,518023,16		x	x	x		x	x	x		x	x	x	x	1,14,0		x	x
  858,1,120213,18		x	x	x		x	x	x		x	x	x	x		x	x	x		x	x
  859,1,fe029be3,19		x	x	x		x	x	x		x	x	x	x	1,16,0		x	x
  860,1,20283,14		x	x	x		x	x	x		x	x	x	x	1,18,9be3020500518023		x	x
  861,1,518023,16		x	x	x		x	x	x		x	x	x	x	1,1a,1b7fe029be30205		x	x
  862,1,518023,16		x	x	x		x	x	x		x	x	x	x		x	x	x		x	x
  863,1,518023,16		x	x	x		x	x	x		x	x	x	x		x	x	x		x	x
  864,1,518023,16		x	x	x		x	x	x		x	x	x	x		x	x	x		x	x
  865,1,518023,16		x	x	x		x	x	x		x	x	x	x	1,14,0		x	x
  866,1,120213,18		x	x	x		x	x	x		x	x	x	x		x	x	x		x	x
  867,1,fe029be3,19		x	x	x		x	x	x		x	x	x	x	1,16,0		x	x
  868,1,20283,14		x	x	x		x	x	x		x	x	x	x	1,18,9be3020500518023		x	x
  869,1,518023,16		x	x	x		x	x	x		x	x	x	x	1,1a,1b7fe029be30205		x	x
  870,1,518023,16		x	x	x		x	x	x		x	x	x	x		x	x	x		x	x
  871,1,518023,16		x	x	x		x	x	x		x	x	x	x		x	x	x		x	x
  872,1,518023,16		x	x	x		x	x	x		x	x	x	x		x	x	x		x	x
  873,1,518023,16		x	x	x		x	x	x		x	x	x	x	1,14,0		x	x
  874,1,120213,18		x	x	x		x	x	x		x	x	x	x		x	x	x		x	x
  875,1,fe029be3,19		x	x	x		x	x	x		x	x	x	x	1,16,0		x	x
  876,1,20283,14		x	x	x		x	x	x		x	x	x	x	1,18,9be3020500518023		x	x
  877,1,518023,16		x	x	x		x	x	x		x	x	x	x	1,1a,1b7fe029be30205		x	x
  878,1,518023,16		x	x	x		x	x	x		x	x	x	x		x	x	x		x	x
  879,1,518023,16		x	x	x		x	x	x		x	x	x	x		x	x	x		x	x
  880,1,518023,16		x	x	x		x	x	x		x	x	x	x		x	x	x		x	x
  881,1,518023,16		x	x	x		x	x	x		x	x	x	x	1,14,0		x	x
  882,1,120213,18		x	x	x		x	x	x		x	x	x	x		x	x	x		x	x
  883,1,fe029be3,19		x	x	x		x	x	x		x	x	x	x	1,16,0		x	x
  884,1,20283,14		x	x	x		x	x	x		x	x	x	x	1,18,9be3020500518023		x	x
  885,1,518023,16		x	x	x		x	x	x		x	x	x	x	1,1a,1b7fe029be30205		x	x
  886,1,518023,16		x	x	x		x	x	x		x	x	x	x		x	x	x		x	x
  887,1,518023,16		x	x	x		x	x	x		x	x	x	x		x	x	x		x	x
  888,1,518023,16		x	x	x		x	x	x		x	x	x	x		x	x	x		x	x
  889,1,518023,16		x	x	x		x	x	x		x	x	x	x	1,14,0		x	x
  890,1,120213,18		x	x	x		x	x	x		x	x	x	x		x	x	x		x	x
  891,1,fe029be3,19		x	x	x		x	x	x		x	x	x	x	1,16,0		x	x
  892,1,20283,14		x	x	x		x	x	x		x	x	x	x	1,18,9be3020500518023		x	x
  893,1,518023,16		x	x	x		x	x	x		x	x	x	x	1,1a,1b7fe029be30205		x	x
  894,1,518023,16		x	x	x		x	x	x		x	x	x	x		x	x	x		x	x
  895,1,518023,16		x	x	x		x	x	x		x	x	x	x		x	x	x		x	x
  896,1,518023,16		x	x	x		x	x	x		x	x	x	x		x	x	x		x	x
  897,1,518023,16		x	x	x		x	x	x		x	x	x	x	1,14,0		x	x
  898,1,120213,18		x	x	x		x	x	x		x	x	x	x		x	x	x		x	x
  899,1,fe029be3,19		x	x	x		x	x	x		x	x	x	x	1,16,0		x	x
  900,1,20283,14		x	x	x		x	x	x		x	x	x	x	1,18,9be3020500518023		x	x
  901,1,518023,16		x	x	x		x	x	x		x	x	x	x	1,1a,1b7fe029be30205		x	x
  902,1,518023,16		x	x	x		x	x	x		x	x	x	x		x	x	x		x	x
  903,1,518023,16		x	x	x		x	x	x		x	x	x	x		x	x	x		x	x
  904,1,518023,16		x	x	x		x	x	x		x	x	x	x		x	x	x		x	x
  905,1,518023,16		x	x	x		x	x	x		x	x	x	x	1,14,0		x	x
  906,1,120213,18		x	x	x		x	x	x		x	x	x	x		x	x	x		x	x
  907,1,fe029be3,19		x	x	x		x	x	x		x	x	x	x	1,16,0		x	x
  908,1,20283,14		x	x	x		x	x	x		x	x	x	x	1,18,9be3020500518023		x	x
  909,1,518023,16		x	x	x		x	x	x		x	x	x	x	1,1a,1b7fe029be30205		x	x
  910,1,518023,16		x	x	x		x	x	x		x	x	x	x		x	x	x		x	x
  911,1,518023,16		x	x	x		x	x	x		x	x	x	x		x	x	x		x	x
  912,1,518023,16		x	x	x		x	x	x		x	x	x	x		x	x	x		x	x
  913,1,518023,16		x	x	x		x	x	x		x	x	x	x	1,14,0		x	x
  914,1,120213,18		x	x	x		x	x	x		x	x	x	x		x	x	x		x	x
  915,1,fe029be3,19		x	x	x		x	x	x		x	x	x	x	1,1b,0		x	x
  916,x	x	x		x	x	x		x	x	x		x	x	x	x	1,1d,ff00293d05801b7		x	x
  917,1,d05801b7,1b		x	x	x		x	x	x		x	x	x	x	1,1f,20580230ff00293		x	x
  918,1,ff00293,1d		x	x	x		x	x	x		x	x	x	x	1,20,1073b02010738023		x	x
  919,x	x	x		x	x	x		x	x	x		x	x	x	x	1,20,0		x	x
  922,x	x	x		x	x	x		x	x	x		x	x	x	x	1,22,1fe000ae30051		x	x
  923,1,518023,1f		x	x	x		x	x	x	1,24,270001fe000ae30051	  92234001847819501569	x	x	x		x	x
  924,1,fe000ae3,21		x	x	x		x	x	x		x	x	x	x	1,1b,1000100010001		x	x
  925,x	x	x		x	x	x		x	x	x	1,2c,50001000100010001	  92234001847819501569	x	x	x		x	x
  926,1,d05801b7,1b		x	x	x		x	x	x		x	x	x	x	1,1d,0		x	x
  927,x	x	x		x	x	x		x	x	x	1,34,50001000100010001	  92234001847819501569	x	x	x		x	x
