//Cycle : #inst 0  pc opcode reg regnum value
        17 :     #1 0 00000000 b0201073 
        23 :     #2 0 00000004 b8201073 
        29 :     #3 0 00000008 ee0000b7 
        34 :     #4 0 0000000c 30509073 
        39 :     #5 0 00000010 5f5550b7 
        45 :     #6 0 00000014 55508093 
        51 :     #7 0 00000018 7c009073 
        56 :     #8 0 0000001c d05801b7 
        61 :     #9 0 00000020 00010217 r4=00010000
        62 :    #10 0 00000024 fe020213 
        63 :    #11 0 00000028 00020283 
        68 :    #12 0 0000002c 00518023 r4=00010001
        69 :    #13 0 00000030 00000205 r23=0000002d
        70 :    #14 0 00000032 fe029be3 
        72 :    #15 0 00000028 00020283 
        77 :    #16 0 0000002c 00518023 r4=00010002
        78 :    #17 0 00000030 00000205 r23=0000002d
        79 :    #18 0 00000032 fe029be3 
        80 :    #19 0 00000028 00020283 
        85 :    #20 0 0000002c 00518023 r4=00010003
        86 :    #21 0 00000030 00000205 r23=0000002d
        87 :    #22 0 00000032 fe029be3 
        89 :    #23 0 00000028 00020283 
        94 :    #24 0 0000002c 00518023 r4=00010004
        95 :    #25 0 00000030 00000205 r23=0000002d
        96 :    #26 0 00000032 fe029be3 
        98 :    #27 0 00000028 00020283 
       103 :    #28 0 0000002c 00518023 r4=00010005
       104 :    #29 0 00000030 00000205 r23=0000002d
       105 :    #30 0 00000032 fe029be3 
       107 :    #31 0 00000028 00020283 
       112 :    #32 0 0000002c 00518023 r4=00010006
       113 :    #33 0 00000030 00000205 r23=0000002d
       114 :    #34 0 00000032 fe029be3 
       116 :    #35 0 00000028 00020283 
       121 :    #36 0 0000002c 00518023 r4=00010007
       122 :    #37 0 00000030 00000205 r23=0000002d
       123 :    #38 0 00000032 fe029be3 
       125 :    #39 0 00000028 00020283 
       130 :    #40 0 0000002c 00518023 r4=00010008
       131 :    #41 0 00000030 00000205 r23=0000002d
       132 :    #42 0 00000032 fe029be3 
       134 :    #43 0 00000028 00020283 
       139 :    #44 0 0000002c 00518023 r4=00010009
       140 :    #45 0 00000030 00000205 r23=0000002d
       141 :    #46 0 00000032 fe029be3 
       143 :    #47 0 00000028 00020283 
       148 :    #48 0 0000002c 00518023 r4=0001000a
       149 :    #49 0 00000030 00000205 r23=0000002d
       150 :    #50 0 00000032 fe029be3 
       152 :    #51 0 00000028 00020283 
       157 :    #52 0 0000002c 00518023 r4=0001000b
       158 :    #53 0 00000030 00000205 r23=0000002d
       159 :    #54 0 00000032 fe029be3 
       160 :    #55 0 00000028 00020283 
       165 :    #56 0 0000002c 00518023 r4=0001000c
       166 :    #57 0 00000030 00000205 r23=0000002d
       167 :    #58 0 00000032 fe029be3 
       168 :    #59 0 00000028 00020283 
       173 :    #60 0 0000002c 00518023 r4=0001000d
       174 :    #61 0 00000030 00000205 r23=0000002d
       175 :    #62 0 00000032 fe029be3 
       176 :    #63 0 00000028 00020283 
       181 :    #64 0 0000002c 00518023 r4=0001000e
       182 :    #65 0 00000030 00000205 r23=0000002d
       183 :    #66 0 00000032 fe029be3 
       184 :    #67 0 00000028 00020283 
       189 :    #68 0 0000002c 00518023 r4=0001000f
       190 :    #69 0 00000030 00000205 r23=0000002d
       191 :    #70 0 00000032 fe029be3 
       192 :    #71 0 00000028 00020283 
       197 :    #72 0 0000002c 00518023 r4=00010010
       198 :    #73 0 00000030 00000205 r23=0000002d
       199 :    #74 0 00000032 fe029be3 
       200 :    #75 0 00000028 00020283 
       205 :    #76 0 0000002c 00518023 r4=00010011
       206 :    #77 0 00000030 00000205 r23=0000002d
       207 :    #78 0 00000032 fe029be3 
       208 :    #79 0 00000028 00020283 
       213 :    #80 0 0000002c 00518023 r4=00010012
       214 :    #81 0 00000030 00000205 r23=0000002d
       215 :    #82 0 00000032 fe029be3 
       216 :    #83 0 00000028 00020283 
       221 :    #84 0 0000002c 00518023 r4=00010013
       222 :    #85 0 00000030 00000205 r23=0000002d
       223 :    #86 0 00000032 fe029be3 
       224 :    #87 0 00000028 00020283 
       229 :    #88 0 0000002c 00518023 r4=00010014
       230 :    #89 0 00000030 00000205 r23=0000002d
       231 :    #90 0 00000032 fe029be3 
       232 :    #91 0 00000028 00020283 
       237 :    #92 0 0000002c 00518023 r4=00010015
       238 :    #93 0 00000030 00000205 r23=0000002d
       239 :    #94 0 00000032 fe029be3 
       240 :    #95 0 00000028 00020283 
       245 :    #96 0 0000002c 00518023 r4=00010016
       246 :    #97 0 00000030 00000205 r23=0000002d
       247 :    #98 0 00000032 fe029be3 
       248 :    #99 0 00000028 00020283 
       253 :   #100 0 0000002c 00518023 r4=00010017
       254 :   #101 0 00000030 00000205 r23=0000002d
       255 :   #102 0 00000032 fe029be3 
       256 :   #103 0 00000028 00020283 
       261 :   #104 0 0000002c 00518023 r4=00010018
       262 :   #105 0 00000030 00000205 r23=0000002d
       263 :   #106 0 00000032 fe029be3 
       264 :   #107 0 00000028 00020283 
       269 :   #108 0 0000002c 00518023 r4=00010019
       270 :   #109 0 00000030 00000205 r23=0000002d
       271 :   #110 0 00000032 fe029be3 
       272 :   #111 0 00000028 00020283 
       277 :   #112 0 0000002c 00518023 r4=0001001a
       278 :   #113 0 00000030 00000205 r23=0000002d
       279 :   #114 0 00000032 fe029be3 
       280 :   #115 0 00000028 00020283 
       285 :   #116 0 0000002c 00518023 r4=0001001b
       286 :   #117 0 00000030 00000205 r23=0000002d
       287 :   #118 0 00000032 fe029be3 
       288 :   #119 0 00000028 00020283 
       293 :   #120 0 0000002c 00518023 r4=0001001c
       294 :   #121 0 00000030 00000205 r23=0000002d
       295 :   #122 0 00000032 fe029be3 
       296 :   #123 0 00000028 00020283 
       301 :   #124 0 0000002c 00518023 r4=0001001d
       302 :   #125 0 00000030 00000205 r23=0000002d
       303 :   #126 0 00000032 fe029be3 
       304 :   #127 0 00000028 00020283 
       309 :   #128 0 0000002c 00518023 r4=0001001e
       310 :   #129 0 00000030 00000205 r23=0000002d
       311 :   #130 0 00000032 fe029be3 
       312 :   #131 0 00000028 00020283 
       317 :   #132 0 0000002c 00518023 r4=0001001f
       318 :   #133 0 00000030 00000205 r23=0000002d
       319 :   #134 0 00000032 fe029be3 
       320 :   #135 0 00000028 00020283 
       325 :   #136 0 0000002c 00518023 r4=00010020
       326 :   #137 0 00000030 00000205 r23=0000002d
       327 :   #138 0 00000032 fe029be3 
       328 :   #139 0 00000028 00020283 
       333 :   #140 0 0000002c 00518023 r4=00010021
       334 :   #141 0 00000030 00000205 r23=0000002d
       335 :   #142 0 00000032 fe029be3 
       336 :   #143 0 00000028 00020283 
       341 :   #144 0 0000002c 00518023 r4=00010022
       342 :   #145 0 00000030 00000205 r23=0000002d
       343 :   #146 0 00000032 fe029be3 
       344 :   #147 0 00000028 00020283 
       349 :   #148 0 0000002c 00518023 r4=00010023
       350 :   #149 0 00000030 00000205 r23=0000000a
       351 :   #150 0 00000032 fe029be3 
       352 :   #151 0 00000028 00020283 
       357 :   #152 0 0000002c 00518023 r4=00010024
       358 :   #153 0 00000030 00000205 r23=00000048
       359 :   #154 0 00000032 fe029be3 
       360 :   #155 0 00000028 00020283 
       365 :   #156 0 0000002c 00518023 r4=00010025
       366 :   #157 0 00000030 00000205 r23=00000065
       367 :   #158 0 00000032 fe029be3 
       368 :   #159 0 00000028 00020283 
       373 :   #160 0 0000002c 00518023 r4=00010026
       374 :   #161 0 00000030 00000205 r23=0000006c
       375 :   #162 0 00000032 fe029be3 
       376 :   #163 0 00000028 00020283 
       381 :   #164 0 0000002c 00518023 r4=00010027
       382 :   #165 0 00000030 00000205 r23=0000006c
       383 :   #166 0 00000032 fe029be3 
       384 :   #167 0 00000028 00020283 
       389 :   #168 0 0000002c 00518023 r4=00010028
       390 :   #169 0 00000030 00000205 r23=0000006f
       391 :   #170 0 00000032 fe029be3 
       392 :   #171 0 00000028 00020283 
       397 :   #172 0 0000002c 00518023 r4=00010029
       398 :   #173 0 00000030 00000205 r23=00000020
       399 :   #174 0 00000032 fe029be3 
       400 :   #175 0 00000028 00020283 
       405 :   #176 0 0000002c 00518023 r4=0001002a
       406 :   #177 0 00000030 00000205 r23=00000057
       407 :   #178 0 00000032 fe029be3 
       408 :   #179 0 00000028 00020283 
       413 :   #180 0 0000002c 00518023 r4=0001002b
       414 :   #181 0 00000030 00000205 r23=0000006f
       415 :   #182 0 00000032 fe029be3 
       416 :   #183 0 00000028 00020283 
       421 :   #184 0 0000002c 00518023 r4=0001002c
       422 :   #185 0 00000030 00000205 r23=00000072
       423 :   #186 0 00000032 fe029be3 
       424 :   #187 0 00000028 00020283 
       429 :   #188 0 0000002c 00518023 r4=0001002d
       430 :   #189 0 00000030 00000205 r23=0000006c
       431 :   #190 0 00000032 fe029be3 
       432 :   #191 0 00000028 00020283 
       437 :   #192 0 0000002c 00518023 r4=0001002e
       438 :   #193 0 00000030 00000205 r23=00000064
       439 :   #194 0 00000032 fe029be3 
       440 :   #195 0 00000028 00020283 
       445 :   #196 0 0000002c 00518023 r4=0001002f
       446 :   #197 0 00000030 00000205 r23=00000020
       447 :   #198 0 00000032 fe029be3 
       448 :   #199 0 00000028 00020283 
       453 :   #200 0 0000002c 00518023 r4=00010030
       454 :   #201 0 00000030 00000205 r23=00000066
       455 :   #202 0 00000032 fe029be3 
       456 :   #203 0 00000028 00020283 
       461 :   #204 0 0000002c 00518023 r4=00010031
       462 :   #205 0 00000030 00000205 r23=00000072
       463 :   #206 0 00000032 fe029be3 
       464 :   #207 0 00000028 00020283 
       469 :   #208 0 0000002c 00518023 r4=00010032
       470 :   #209 0 00000030 00000205 r23=0000006f
       471 :   #210 0 00000032 fe029be3 
       472 :   #211 0 00000028 00020283 
       477 :   #212 0 0000002c 00518023 r4=00010033
       478 :   #213 0 00000030 00000205 r23=0000006d
       479 :   #214 0 00000032 fe029be3 
       480 :   #215 0 00000028 00020283 
       485 :   #216 0 0000002c 00518023 r4=00010034
       486 :   #217 0 00000030 00000205 r23=00000020
       487 :   #218 0 00000032 fe029be3 
       488 :   #219 0 00000028 00020283 
       493 :   #220 0 0000002c 00518023 r4=00010035
       494 :   #221 0 00000030 00000205 r23=00000053
       495 :   #222 0 00000032 fe029be3 
       496 :   #223 0 00000028 00020283 
       501 :   #224 0 0000002c 00518023 r4=00010036
       502 :   #225 0 00000030 00000205 r23=00000077
       503 :   #226 0 00000032 fe029be3 
       504 :   #227 0 00000028 00020283 
       509 :   #228 0 0000002c 00518023 r4=00010037
       510 :   #229 0 00000030 00000205 r23=00000065
       511 :   #230 0 00000032 fe029be3 
       512 :   #231 0 00000028 00020283 
       517 :   #232 0 0000002c 00518023 r4=00010038
       518 :   #233 0 00000030 00000205 r23=00000052
       519 :   #234 0 00000032 fe029be3 
       520 :   #235 0 00000028 00020283 
       525 :   #236 0 0000002c 00518023 r4=00010039
       526 :   #237 0 00000030 00000205 r23=00000056
       527 :   #238 0 00000032 fe029be3 
       528 :   #239 0 00000028 00020283 
       533 :   #240 0 0000002c 00518023 r4=0001003a
       534 :   #241 0 00000030 00000205 r23=00000020
       535 :   #242 0 00000032 fe029be3 
       536 :   #243 0 00000028 00020283 
       541 :   #244 0 0000002c 00518023 r4=0001003b
       542 :   #245 0 00000030 00000205 r23=00000045
       543 :   #246 0 00000032 fe029be3 
       544 :   #247 0 00000028 00020283 
       549 :   #248 0 0000002c 00518023 r4=0001003c
       550 :   #249 0 00000030 00000205 r23=0000004c
       551 :   #250 0 00000032 fe029be3 
       552 :   #251 0 00000028 00020283 
       557 :   #252 0 0000002c 00518023 r4=0001003d
       558 :   #253 0 00000030 00000205 r23=00000032
       559 :   #254 0 00000032 fe029be3 
       560 :   #255 0 00000028 00020283 
       565 :   #256 0 0000002c 00518023 r4=0001003e
       566 :   #257 0 00000030 00000205 r23=00000020
       567 :   #258 0 00000032 fe029be3 
       568 :   #259 0 00000028 00020283 
       573 :   #260 0 0000002c 00518023 r4=0001003f
       574 :   #261 0 00000030 00000205 r23=00000040
       575 :   #262 0 00000032 fe029be3 
       576 :   #263 0 00000028 00020283 
       581 :   #264 0 0000002c 00518023 r4=00010040
       582 :   #265 0 00000030 00000205 r23=00000057
       583 :   #266 0 00000032 fe029be3 
       584 :   #267 0 00000028 00020283 
       589 :   #268 0 0000002c 00518023 r4=00010041
       590 :   #269 0 00000030 00000205 r23=00000044
       591 :   #270 0 00000032 fe029be3 
       592 :   #271 0 00000028 00020283 
       597 :   #272 0 0000002c 00518023 r4=00010042
       598 :   #273 0 00000030 00000205 r23=00000043
       599 :   #274 0 00000032 fe029be3 
       600 :   #275 0 00000028 00020283 
       605 :   #276 0 0000002c 00518023 r4=00010043
       606 :   #277 0 00000030 00000205 r23=00000020
       607 :   #278 0 00000032 fe029be3 
       608 :   #279 0 00000028 00020283 
       613 :   #280 0 0000002c 00518023 r4=00010044
       614 :   #281 0 00000030 00000205 r23=00000021
       615 :   #282 0 00000032 fe029be3 
       616 :   #283 0 00000028 00020283 
       621 :   #284 0 0000002c 00518023 r4=00010045
       622 :   #285 0 00000030 00000205 r23=00000021
       623 :   #286 0 00000032 fe029be3 
       624 :   #287 0 00000028 00020283 
       629 :   #288 0 0000002c 00518023 r4=00010046
       630 :   #289 0 00000030 00000205 r23=0000000a
       631 :   #290 0 00000032 fe029be3 
       632 :   #291 0 00000028 00020283 
       637 :   #292 0 0000002c 00518023 r4=00010047
       638 :   #293 0 00000030 00000205 r23=0000002d
       639 :   #294 0 00000032 fe029be3 
       640 :   #295 0 00000028 00020283 
       645 :   #296 0 0000002c 00518023 r4=00010048
       646 :   #297 0 00000030 00000205 r23=0000002d
       647 :   #298 0 00000032 fe029be3 
       648 :   #299 0 00000028 00020283 
       653 :   #300 0 0000002c 00518023 r4=00010049
       654 :   #301 0 00000030 00000205 r23=0000002d
       655 :   #302 0 00000032 fe029be3 
       656 :   #303 0 00000028 00020283 
       661 :   #304 0 0000002c 00518023 r4=0001004a
       662 :   #305 0 00000030 00000205 r23=0000002d
       663 :   #306 0 00000032 fe029be3 
       664 :   #307 0 00000028 00020283 
       669 :   #308 0 0000002c 00518023 r4=0001004b
       670 :   #309 0 00000030 00000205 r23=0000002d
       671 :   #310 0 00000032 fe029be3 
       672 :   #311 0 00000028 00020283 
       677 :   #312 0 0000002c 00518023 r4=0001004c
       678 :   #313 0 00000030 00000205 r23=0000002d
       679 :   #314 0 00000032 fe029be3 
       680 :   #315 0 00000028 00020283 
       685 :   #316 0 0000002c 00518023 r4=0001004d
       686 :   #317 0 00000030 00000205 r23=0000002d
       687 :   #318 0 00000032 fe029be3 
       688 :   #319 0 00000028 00020283 
       693 :   #320 0 0000002c 00518023 r4=0001004e
       694 :   #321 0 00000030 00000205 r23=0000002d
       695 :   #322 0 00000032 fe029be3 
       696 :   #323 0 00000028 00020283 
       701 :   #324 0 0000002c 00518023 r4=0001004f
       702 :   #325 0 00000030 00000205 r23=0000002d
       703 :   #326 0 00000032 fe029be3 
       704 :   #327 0 00000028 00020283 
       709 :   #328 0 0000002c 00518023 r4=00010050
       710 :   #329 0 00000030 00000205 r23=0000002d
       711 :   #330 0 00000032 fe029be3 
       712 :   #331 0 00000028 00020283 
       717 :   #332 0 0000002c 00518023 r4=00010051
       718 :   #333 0 00000030 00000205 r23=0000002d
       719 :   #334 0 00000032 fe029be3 
       720 :   #335 0 00000028 00020283 
       725 :   #336 0 0000002c 00518023 r4=00010052
       726 :   #337 0 00000030 00000205 r23=0000002d
       727 :   #338 0 00000032 fe029be3 
       728 :   #339 0 00000028 00020283 
       733 :   #340 0 0000002c 00518023 r4=00010053
       734 :   #341 0 00000030 00000205 r23=0000002d
       735 :   #342 0 00000032 fe029be3 
       736 :   #343 0 00000028 00020283 
       741 :   #344 0 0000002c 00518023 r4=00010054
       742 :   #345 0 00000030 00000205 r23=0000002d
       743 :   #346 0 00000032 fe029be3 
       744 :   #347 0 00000028 00020283 
       749 :   #348 0 0000002c 00518023 r4=00010055
       750 :   #349 0 00000030 00000205 r23=0000002d
       751 :   #350 0 00000032 fe029be3 
       752 :   #351 0 00000028 00020283 
       757 :   #352 0 0000002c 00518023 r4=00010056
       758 :   #353 0 00000030 00000205 r23=0000002d
       759 :   #354 0 00000032 fe029be3 
       760 :   #355 0 00000028 00020283 
       765 :   #356 0 0000002c 00518023 r4=00010057
       766 :   #357 0 00000030 00000205 r23=0000002d
       767 :   #358 0 00000032 fe029be3 
       768 :   #359 0 00000028 00020283 
       773 :   #360 0 0000002c 00518023 r4=00010058
       774 :   #361 0 00000030 00000205 r23=0000002d
       775 :   #362 0 00000032 fe029be3 
       776 :   #363 0 00000028 00020283 
       781 :   #364 0 0000002c 00518023 r4=00010059
       782 :   #365 0 00000030 00000205 r23=0000002d
       783 :   #366 0 00000032 fe029be3 
       784 :   #367 0 00000028 00020283 
       789 :   #368 0 0000002c 00518023 r4=0001005a
       790 :   #369 0 00000030 00000205 r23=0000002d
       791 :   #370 0 00000032 fe029be3 
       792 :   #371 0 00000028 00020283 
       797 :   #372 0 0000002c 00518023 r4=0001005b
       798 :   #373 0 00000030 00000205 r23=0000002d
       799 :   #374 0 00000032 fe029be3 
       800 :   #375 0 00000028 00020283 
       805 :   #376 0 0000002c 00518023 r4=0001005c
       806 :   #377 0 00000030 00000205 r23=0000002d
       807 :   #378 0 00000032 fe029be3 
       808 :   #379 0 00000028 00020283 
       813 :   #380 0 0000002c 00518023 r4=0001005d
       814 :   #381 0 00000030 00000205 r23=0000002d
       815 :   #382 0 00000032 fe029be3 
       816 :   #383 0 00000028 00020283 
       821 :   #384 0 0000002c 00518023 r4=0001005e
       822 :   #385 0 00000030 00000205 r23=0000002d
       823 :   #386 0 00000032 fe029be3 
       824 :   #387 0 00000028 00020283 
       829 :   #388 0 0000002c 00518023 r4=0001005f
       830 :   #389 0 00000030 00000205 r23=0000002d
       831 :   #390 0 00000032 fe029be3 
       832 :   #391 0 00000028 00020283 
       837 :   #392 0 0000002c 00518023 r4=00010060
       838 :   #393 0 00000030 00000205 r23=0000002d
       839 :   #394 0 00000032 fe029be3 
       840 :   #395 0 00000028 00020283 
       845 :   #396 0 0000002c 00518023 r4=00010061
       846 :   #397 0 00000030 00000205 r23=0000002d
       847 :   #398 0 00000032 fe029be3 
       848 :   #399 0 00000028 00020283 
       853 :   #400 0 0000002c 00518023 r4=00010062
       854 :   #401 0 00000030 00000205 r23=0000002d
       855 :   #402 0 00000032 fe029be3 
       856 :   #403 0 00000028 00020283 
       861 :   #404 0 0000002c 00518023 r4=00010063
       862 :   #405 0 00000030 00000205 r23=0000002d
       863 :   #406 0 00000032 fe029be3 
       864 :   #407 0 00000028 00020283 
       869 :   #408 0 0000002c 00518023 r4=00010064
       870 :   #409 0 00000030 00000205 r23=0000002d
       871 :   #410 0 00000032 fe029be3 
       872 :   #411 0 00000028 00020283 
       877 :   #412 0 0000002c 00518023 r4=00010065
       878 :   #413 0 00000030 00000205 r23=0000002d
       879 :   #414 0 00000032 fe029be3 
       880 :   #415 0 00000028 00020283 
       885 :   #416 0 0000002c 00518023 r4=00010066
       886 :   #417 0 00000030 00000205 r23=0000002d
       887 :   #418 0 00000032 fe029be3 
       888 :   #419 0 00000028 00020283 
       893 :   #420 0 0000002c 00518023 r4=00010067
       894 :   #421 0 00000030 00000205 r23=0000002d
       895 :   #422 0 00000032 fe029be3 
       896 :   #423 0 00000028 00020283 
       901 :   #424 0 0000002c 00518023 r4=00010068
       902 :   #425 0 00000030 00000205 r23=0000002d
       903 :   #426 0 00000032 fe029be3 
       904 :   #427 0 00000028 00020283 
       909 :   #428 0 0000002c 00518023 r4=00010069
       910 :   #429 0 00000030 00000205 r23=0000000a
       911 :   #430 0 00000032 fe029be3 
       912 :   #431 0 00000028 00020283 
       917 :   #432 0 0000002c 00518023 r4=0001006a
       918 :   #433 0 00000030 00000205 
       919 :   #434 0 00000032 fe029be3 
       921 :   #435 0 00000036 d05801b7 r5=000000ff
       922 :   #436 0 0000003a 0ff00293 
       927 :   #437 0 0000003e 00518023 
